{"/Users/umahaea/Documents/workspace/ux-test-platform/src/main/java/standAlone/jsfiles/pagination/dist.pagination.js":{"path":"/Users/umahaea/Documents/workspace/ux-test-platform/src/main/java/standAlone/jsfiles/pagination/dist.pagination.js","b":{"88":[0,0,0],"89":[0,1],"110":[0,0,0],"111":[1,0],"112":[0,0],"113":[0,1],"114":[1,1],"115":[0,0],"116":[1,1],"117":[2,2],"90":[1,0],"118":[0,0],"91":[1,1],"119":[0,0],"92":[1,1],"93":[1,0],"94":[0,0],"95":[0,0],"96":[0,0,0],"97":[0,0],"10":[2,0],"98":[0,0],"11":[2,2],"99":[0,0],"12":[0,0],"13":[0,0],"14":[0,0],"15":[0,0,0],"16":[0,0],"17":[0,0],"18":[0,0],"19":[0,0],"120":[0,0],"0":[0,1],"121":[0,0,0],"1":[1,0],"122":[0,1],"123":[1,0],"2":[0,1],"124":[1,1],"3":[1,0],"125":[1,1],"4":[0,1],"126":[1,0],"5":[0,2],"127":[1,1],"6":[3,18],"128":[1,1],"7":[0,0],"129":[1,1],"8":[0,0],"9":[0,0],"20":[0,0],"21":[0,0],"22":[0,1],"23":[0,1],"24":[0,1],"25":[0,0],"26":[0,0],"27":[0,1],"28":[0,0],"29":[0,1],"130":[1,0],"131":[0,0],"132":[1,0],"133":[1,0],"30":[0,0],"31":[0,1],"32":[1,0,0,0,0,0],"33":[0,0],"34":[0,0],"35":[0,0],"36":[0,0,0],"37":[0,0],"38":[0,0],"39":[0,0],"40":[0,0],"41":[0,1],"42":[1,0],"43":[0,0],"44":[0,0],"45":[2,2],"46":[1,0],"47":[0,1],"48":[1,0,0],"49":[1,0],"50":[1,1],"51":[1,1],"52":[0,0],"53":[0,0],"54":[1,0],"55":[1,1],"56":[0,1],"57":[0,0],"58":[0,0,0],"59":[0,0],"60":[0,0],"61":[0,0],"62":[0,0,0],"63":[0,0],"64":[0,0],"65":[0,0],"66":[0,0],"67":[0,0],"68":[0,0],"69":[0,0,0],"70":[0,0,0,0],"71":[0,0],"72":[0,0,0],"73":[0,0],"74":[0,0],"75":[0,0],"76":[0,0],"77":[0,0],"78":[0,0],"79":[0,0],"100":[5,5],"101":[5,5],"102":[1,1],"103":[1,0],"104":[0,0],"105":[0,0],"106":[0,0],"107":[0,0],"80":[1,0,0],"108":[0,0],"81":[0,0],"109":[0,0],"82":[1,3],"83":[4,4],"84":[0,0],"85":[0,0],"86":[0,0],"87":[0,0]},"statementMap":{"350":{"start":{"line":714,"column":20},"end":{"line":741,"column":38}},"230":{"start":{"line":408,"column":16},"end":{"line":410,"column":17}},"351":{"start":{"line":716,"column":24},"end":{"line":716,"column":35}},"110":{"start":{"line":233,"column":20},"end":{"line":233,"column":63}},"231":{"start":{"line":414,"column":16},"end":{"line":417,"column":17}},"352":{"start":{"line":717,"column":32},"end":{"line":717,"column":96}},"111":{"start":{"line":235,"column":20},"end":{"line":235,"column":24}},"232":{"start":{"line":415,"column":20},"end":{"line":415,"column":88}},"353":{"start":{"line":718,"column":24},"end":{"line":724,"column":28}},"112":{"start":{"line":237,"column":16},"end":{"line":243,"column":21}},"233":{"start":{"line":415,"column":76},"end":{"line":415,"column":88}},"354":{"start":{"line":719,"column":28},"end":{"line":721,"column":30}},"113":{"start":{"line":239,"column":24},"end":{"line":242,"column":34}},"234":{"start":{"line":416,"column":20},"end":{"line":416,"column":28}},"355":{"start":{"line":726,"column":20},"end":{"line":740,"column":26}},"114":{"start":{"line":240,"column":28},"end":{"line":240,"column":110}},"235":{"start":{"line":418,"column":16},"end":{"line":418,"column":36}},"356":{"start":{"line":729,"column":28},"end":{"line":738,"column":30}},"115":{"start":{"line":240,"column":103},"end":{"line":240,"column":110}},"236":{"start":{"line":422,"column":16},"end":{"line":422,"column":95}},"357":{"start":{"line":742,"column":12},"end":{"line":742,"column":25}},"116":{"start":{"line":241,"column":28},"end":{"line":241,"column":36}},"237":{"start":{"line":422,"column":39},"end":{"line":422,"column":95}},"358":{"start":{"line":745,"column":20},"end":{"line":745,"column":127}},"117":{"start":{"line":242,"column":31},"end":{"line":242,"column":34}},"238":{"start":{"line":426,"column":16},"end":{"line":426,"column":110}},"359":{"start":{"line":746,"column":12},"end":{"line":748,"column":15}},"118":{"start":{"line":247,"column":24},"end":{"line":247,"column":38}},"239":{"start":{"line":426,"column":24},"end":{"line":426,"column":110}},"119":{"start":{"line":248,"column":16},"end":{"line":253,"column":17}},"10":{"start":{"line":11,"column":22},"end":{"line":11,"column":42}},"11":{"start":{"line":12,"column":20},"end":{"line":16,"column":13}},"12":{"start":{"line":17,"column":12},"end":{"line":17,"column":77}},"13":{"start":{"line":19,"column":16},"end":{"line":19,"column":18}},"14":{"start":{"line":20,"column":8},"end":{"line":37,"column":42}},"15":{"start":{"line":21,"column":12},"end":{"line":21,"column":20}},"16":{"start":{"line":23,"column":12},"end":{"line":27,"column":14}},"17":{"start":{"line":29,"column":20},"end":{"line":33,"column":13}},"18":{"start":{"line":30,"column":16},"end":{"line":30,"column":32}},"19":{"start":{"line":32,"column":16},"end":{"line":32,"column":24}},"360":{"start":{"line":749,"column":12},"end":{"line":749,"column":65}},"240":{"start":{"line":427,"column":16},"end":{"line":427,"column":83}},"361":{"start":{"line":750,"column":12},"end":{"line":750,"column":46}},"120":{"start":{"line":248,"column":34},"end":{"line":248,"column":65}},"241":{"start":{"line":431,"column":16},"end":{"line":431,"column":149}},"362":{"start":{"line":753,"column":12},"end":{"line":753,"column":25}},"0":{"start":{"line":1,"column":0},"end":{"line":759,"column":3}},"121":{"start":{"line":250,"column":28},"end":{"line":250,"column":54}},"242":{"start":{"line":431,"column":58},"end":{"line":431,"column":149}},"363":{"start":{"line":756,"column":12},"end":{"line":756,"column":39}},"1":{"start":{"line":2,"column":4},"end":{"line":7,"column":5}},"122":{"start":{"line":251,"column":28},"end":{"line":251,"column":40}},"243":{"start":{"line":432,"column":16},"end":{"line":439,"column":96}},"364":{"start":{"line":760,"column":0},"end":{"line":760,"column":39}},"123":{"start":{"line":252,"column":20},"end":{"line":252,"column":102}},"2":{"start":{"line":2,"column":65},"end":{"line":2,"column":102}},"244":{"start":{"line":441,"column":12},"end":{"line":443,"column":15}},"124":{"start":{"line":257,"column":24},"end":{"line":257,"column":29}},"245":{"start":{"line":444,"column":20},"end":{"line":468,"column":19}},"3":{"start":{"line":3,"column":9},"end":{"line":7,"column":5}},"125":{"start":{"line":258,"column":24},"end":{"line":258,"column":31}},"246":{"start":{"line":446,"column":32},"end":{"line":446,"column":34}},"4":{"start":{"line":3,"column":56},"end":{"line":3,"column":77}},"126":{"start":{"line":259,"column":16},"end":{"line":263,"column":17}},"247":{"start":{"line":447,"column":32},"end":{"line":447,"column":34}},"5":{"start":{"line":5,"column":16},"end":{"line":5,"column":74}},"127":{"start":{"line":259,"column":67},"end":{"line":259,"column":92}},"248":{"start":{"line":448,"column":32},"end":{"line":448,"column":34}},"6":{"start":{"line":6,"column":8},"end":{"line":6,"column":76}},"128":{"start":{"line":261,"column":20},"end":{"line":261,"column":70}},"249":{"start":{"line":449,"column":32},"end":{"line":449,"column":38}},"7":{"start":{"line":6,"column":24},"end":{"line":6,"column":76}},"129":{"start":{"line":261,"column":42},"end":{"line":261,"column":70}},"8":{"start":{"line":9,"column":4},"end":{"line":758,"column":6}},"9":{"start":{"line":11,"column":12},"end":{"line":11,"column":42}},"20":{"start":{"line":34,"column":12},"end":{"line":34,"column":36}},"21":{"start":{"line":36,"column":12},"end":{"line":36,"column":61}},"22":{"start":{"line":43,"column":16},"end":{"line":45,"column":17}},"23":{"start":{"line":47,"column":12},"end":{"line":49,"column":62}},"24":{"start":{"line":50,"column":20},"end":{"line":50,"column":47}},"25":{"start":{"line":51,"column":20},"end":{"line":51,"column":24}},"26":{"start":{"line":52,"column":20},"end":{"line":52,"column":56}},"27":{"start":{"line":53,"column":20},"end":{"line":53,"column":24}},"28":{"start":{"line":54,"column":12},"end":{"line":54,"column":71}},"29":{"start":{"line":57,"column":12},"end":{"line":57,"column":938}},"250":{"start":{"line":450,"column":24},"end":{"line":460,"column":25}},"130":{"start":{"line":262,"column":20},"end":{"line":262,"column":61}},"251":{"start":{"line":451,"column":28},"end":{"line":451,"column":145}},"131":{"start":{"line":267,"column":24},"end":{"line":267,"column":29}},"252":{"start":{"line":453,"column":28},"end":{"line":453,"column":41}},"132":{"start":{"line":268,"column":24},"end":{"line":268,"column":35}},"253":{"start":{"line":455,"column":28},"end":{"line":459,"column":29}},"133":{"start":{"line":269,"column":16},"end":{"line":269,"column":147}},"254":{"start":{"line":456,"column":32},"end":{"line":456,"column":60}},"134":{"start":{"line":270,"column":24},"end":{"line":272,"column":22}},"255":{"start":{"line":458,"column":32},"end":{"line":458,"column":46}},"135":{"start":{"line":273,"column":24},"end":{"line":273,"column":30}},"256":{"start":{"line":458,"column":39},"end":{"line":458,"column":46}},"136":{"start":{"line":274,"column":16},"end":{"line":274,"column":76}},"257":{"start":{"line":461,"column":24},"end":{"line":461,"column":32}},"137":{"start":{"line":276,"column":20},"end":{"line":276,"column":22}},"258":{"start":{"line":463,"column":20},"end":{"line":467,"column":21}},"138":{"start":{"line":277,"column":20},"end":{"line":282,"column":17}},"259":{"start":{"line":464,"column":24},"end":{"line":464,"column":55}},"139":{"start":{"line":279,"column":20},"end":{"line":281,"column":21}},"30":{"start":{"line":60,"column":12},"end":{"line":81,"column":13}},"31":{"start":{"line":61,"column":24},"end":{"line":61,"column":26}},"32":{"start":{"line":62,"column":16},"end":{"line":80,"column":20}},"33":{"start":{"line":63,"column":20},"end":{"line":66,"column":21}},"34":{"start":{"line":64,"column":32},"end":{"line":64,"column":39}},"35":{"start":{"line":65,"column":24},"end":{"line":65,"column":89}},"36":{"start":{"line":67,"column":20},"end":{"line":67,"column":37}},"37":{"start":{"line":69,"column":20},"end":{"line":71,"column":23}},"38":{"start":{"line":72,"column":20},"end":{"line":75,"column":21}},"39":{"start":{"line":73,"column":32},"end":{"line":73,"column":42}},"260":{"start":{"line":464,"column":46},"end":{"line":464,"column":55}},"140":{"start":{"line":280,"column":24},"end":{"line":280,"column":80}},"261":{"start":{"line":465,"column":24},"end":{"line":465,"column":73}},"141":{"start":{"line":283,"column":20},"end":{"line":285,"column":18}},"262":{"start":{"line":465,"column":58},"end":{"line":465,"column":73}},"142":{"start":{"line":284,"column":20},"end":{"line":284,"column":86}},"263":{"start":{"line":466,"column":24},"end":{"line":466,"column":99}},"143":{"start":{"line":286,"column":20},"end":{"line":288,"column":18}},"264":{"start":{"line":469,"column":20},"end":{"line":479,"column":19}},"144":{"start":{"line":287,"column":20},"end":{"line":287,"column":84}},"265":{"start":{"line":471,"column":24},"end":{"line":474,"column":25}},"145":{"start":{"line":289,"column":20},"end":{"line":289,"column":24}},"266":{"start":{"line":472,"column":36},"end":{"line":472,"column":40}},"146":{"start":{"line":290,"column":20},"end":{"line":290,"column":21}},"267":{"start":{"line":473,"column":28},"end":{"line":473,"column":153}},"147":{"start":{"line":291,"column":20},"end":{"line":291,"column":22}},"268":{"start":{"line":476,"column":20},"end":{"line":478,"column":21}},"148":{"start":{"line":292,"column":12},"end":{"line":314,"column":14}},"269":{"start":{"line":477,"column":24},"end":{"line":477,"column":70}},"149":{"start":{"line":293,"column":16},"end":{"line":293,"column":169}},"40":{"start":{"line":74,"column":24},"end":{"line":74,"column":59}},"41":{"start":{"line":76,"column":20},"end":{"line":79,"column":21}},"42":{"start":{"line":77,"column":32},"end":{"line":77,"column":36}},"43":{"start":{"line":78,"column":24},"end":{"line":78,"column":145}},"44":{"start":{"line":87,"column":16},"end":{"line":89,"column":17}},"45":{"start":{"line":88,"column":20},"end":{"line":88,"column":28}},"46":{"start":{"line":91,"column":20},"end":{"line":91,"column":33}},"47":{"start":{"line":92,"column":12},"end":{"line":96,"column":28}},"48":{"start":{"line":93,"column":16},"end":{"line":93,"column":27}},"49":{"start":{"line":95,"column":16},"end":{"line":95,"column":24}},"270":{"start":{"line":480,"column":12},"end":{"line":480,"column":44}},"150":{"start":{"line":293,"column":89},"end":{"line":293,"column":169}},"271":{"start":{"line":481,"column":20},"end":{"line":481,"column":24}},"151":{"start":{"line":294,"column":16},"end":{"line":294,"column":125}},"272":{"start":{"line":482,"column":20},"end":{"line":482,"column":24}},"152":{"start":{"line":295,"column":24},"end":{"line":295,"column":28}},"273":{"start":{"line":483,"column":20},"end":{"line":483,"column":59}},"153":{"start":{"line":296,"column":16},"end":{"line":313,"column":21}},"274":{"start":{"line":484,"column":20},"end":{"line":484,"column":24}},"154":{"start":{"line":298,"column":24},"end":{"line":302,"column":25}},"275":{"start":{"line":485,"column":20},"end":{"line":485,"column":53}},"155":{"start":{"line":299,"column":36},"end":{"line":299,"column":40}},"276":{"start":{"line":486,"column":20},"end":{"line":486,"column":24}},"156":{"start":{"line":300,"column":36},"end":{"line":300,"column":43}},"277":{"start":{"line":487,"column":20},"end":{"line":487,"column":52}},"157":{"start":{"line":301,"column":28},"end":{"line":301,"column":47}},"278":{"start":{"line":488,"column":20},"end":{"line":488,"column":24}},"158":{"start":{"line":303,"column":24},"end":{"line":305,"column":25}},"279":{"start":{"line":489,"column":20},"end":{"line":609,"column":38}},"159":{"start":{"line":304,"column":28},"end":{"line":304,"column":38}},"50":{"start":{"line":102,"column":16},"end":{"line":113,"column":17}},"51":{"start":{"line":104,"column":20},"end":{"line":111,"column":21}},"52":{"start":{"line":104,"column":38},"end":{"line":104,"column":181}},"53":{"start":{"line":106,"column":32},"end":{"line":106,"column":50}},"54":{"start":{"line":107,"column":32},"end":{"line":107,"column":33}},"55":{"start":{"line":108,"column":24},"end":{"line":110,"column":59}},"56":{"start":{"line":109,"column":28},"end":{"line":109,"column":41}},"57":{"start":{"line":112,"column":20},"end":{"line":112,"column":46}},"58":{"start":{"line":115,"column":20},"end":{"line":115,"column":34}},"59":{"start":{"line":116,"column":12},"end":{"line":116,"column":25}},"280":{"start":{"line":491,"column":24},"end":{"line":491,"column":116}},"160":{"start":{"line":306,"column":24},"end":{"line":312,"column":25}},"281":{"start":{"line":493,"column":20},"end":{"line":608,"column":26}},"161":{"start":{"line":307,"column":36},"end":{"line":307,"column":40}},"282":{"start":{"line":496,"column":36},"end":{"line":496,"column":56}},"162":{"start":{"line":308,"column":28},"end":{"line":311,"column":29}},"283":{"start":{"line":497,"column":28},"end":{"line":531,"column":34}},"163":{"start":{"line":309,"column":32},"end":{"line":309,"column":86}},"284":{"start":{"line":536,"column":28},"end":{"line":546,"column":32}},"164":{"start":{"line":309,"column":73},"end":{"line":309,"column":86}},"285":{"start":{"line":551,"column":28},"end":{"line":561,"column":88}},"165":{"start":{"line":310,"column":32},"end":{"line":310,"column":46}},"286":{"start":{"line":566,"column":36},"end":{"line":566,"column":40}},"166":{"start":{"line":315,"column":20},"end":{"line":320,"column":15}},"287":{"start":{"line":567,"column":36},"end":{"line":567,"column":57}},"167":{"start":{"line":316,"column":24},"end":{"line":316,"column":26}},"288":{"start":{"line":568,"column":36},"end":{"line":568,"column":43}},"168":{"start":{"line":317,"column":16},"end":{"line":319,"column":17}},"289":{"start":{"line":569,"column":36},"end":{"line":569,"column":40}},"169":{"start":{"line":318,"column":20},"end":{"line":318,"column":65}},"60":{"start":{"line":120,"column":20},"end":{"line":120,"column":65}},"61":{"start":{"line":121,"column":20},"end":{"line":121,"column":61}},"62":{"start":{"line":122,"column":20},"end":{"line":122,"column":78}},"63":{"start":{"line":123,"column":12},"end":{"line":152,"column":13}},"64":{"start":{"line":125,"column":20},"end":{"line":125,"column":215}},"65":{"start":{"line":129,"column":20},"end":{"line":129,"column":28}},"66":{"start":{"line":131,"column":16},"end":{"line":131,"column":33}},"67":{"start":{"line":132,"column":24},"end":{"line":150,"column":17}},"68":{"start":{"line":151,"column":16},"end":{"line":151,"column":63}},"69":{"start":{"line":155,"column":12},"end":{"line":155,"column":84}},"290":{"start":{"line":570,"column":36},"end":{"line":570,"column":40}},"170":{"start":{"line":323,"column":12},"end":{"line":339,"column":69}},"291":{"start":{"line":571,"column":28},"end":{"line":576,"column":29}},"171":{"start":{"line":325,"column":16},"end":{"line":330,"column":17}},"292":{"start":{"line":572,"column":32},"end":{"line":575,"column":62}},"172":{"start":{"line":326,"column":28},"end":{"line":326,"column":46}},"293":{"start":{"line":577,"column":36},"end":{"line":577,"column":58}},"173":{"start":{"line":327,"column":20},"end":{"line":329,"column":21}},"294":{"start":{"line":578,"column":36},"end":{"line":578,"column":43}},"174":{"start":{"line":328,"column":24},"end":{"line":328,"column":59}},"295":{"start":{"line":579,"column":36},"end":{"line":579,"column":40}},"175":{"start":{"line":331,"column":16},"end":{"line":337,"column":17}},"296":{"start":{"line":580,"column":36},"end":{"line":580,"column":40}},"176":{"start":{"line":332,"column":28},"end":{"line":332,"column":41}},"297":{"start":{"line":581,"column":36},"end":{"line":583,"column":34}},"177":{"start":{"line":333,"column":20},"end":{"line":336,"column":21}},"298":{"start":{"line":582,"column":36},"end":{"line":582,"column":44}},"178":{"start":{"line":334,"column":24},"end":{"line":334,"column":140}},"299":{"start":{"line":584,"column":36},"end":{"line":584,"column":57}},"179":{"start":{"line":334,"column":56},"end":{"line":334,"column":140}},"70":{"start":{"line":159,"column":12},"end":{"line":159,"column":70}},"71":{"start":{"line":163,"column":16},"end":{"line":178,"column":17}},"72":{"start":{"line":164,"column":28},"end":{"line":164,"column":32}},"73":{"start":{"line":165,"column":28},"end":{"line":165,"column":35}},"74":{"start":{"line":166,"column":20},"end":{"line":177,"column":21}},"75":{"start":{"line":167,"column":24},"end":{"line":167,"column":33}},"76":{"start":{"line":168,"column":24},"end":{"line":168,"column":88}},"77":{"start":{"line":168,"column":65},"end":{"line":168,"column":88}},"78":{"start":{"line":169,"column":24},"end":{"line":169,"column":86}},"79":{"start":{"line":169,"column":56},"end":{"line":169,"column":86}},"180":{"start":{"line":335,"column":24},"end":{"line":335,"column":32}},"181":{"start":{"line":338,"column":16},"end":{"line":338,"column":29}},"182":{"start":{"line":343,"column":24},"end":{"line":343,"column":35}},"183":{"start":{"line":344,"column":24},"end":{"line":344,"column":25}},"184":{"start":{"line":345,"column":16},"end":{"line":347,"column":48}},"185":{"start":{"line":346,"column":24},"end":{"line":346,"column":53}},"186":{"start":{"line":347,"column":33},"end":{"line":347,"column":48}},"187":{"start":{"line":348,"column":16},"end":{"line":348,"column":24}},"188":{"start":{"line":352,"column":24},"end":{"line":352,"column":30}},"189":{"start":{"line":353,"column":24},"end":{"line":353,"column":25}},"80":{"start":{"line":171,"column":24},"end":{"line":171,"column":98}},"81":{"start":{"line":171,"column":73},"end":{"line":171,"column":98}},"82":{"start":{"line":172,"column":24},"end":{"line":176,"column":25}},"83":{"start":{"line":182,"column":16},"end":{"line":197,"column":17}},"84":{"start":{"line":183,"column":28},"end":{"line":183,"column":32}},"85":{"start":{"line":184,"column":28},"end":{"line":184,"column":32}},"86":{"start":{"line":185,"column":28},"end":{"line":185,"column":32}},"87":{"start":{"line":186,"column":28},"end":{"line":186,"column":32}},"88":{"start":{"line":187,"column":28},"end":{"line":187,"column":32}},"89":{"start":{"line":188,"column":28},"end":{"line":192,"column":25}},"190":{"start":{"line":354,"column":16},"end":{"line":354,"column":236}},"191":{"start":{"line":358,"column":24},"end":{"line":358,"column":35}},"192":{"start":{"line":359,"column":24},"end":{"line":359,"column":31}},"193":{"start":{"line":360,"column":16},"end":{"line":360,"column":28}},"194":{"start":{"line":361,"column":24},"end":{"line":361,"column":62}},"195":{"start":{"line":362,"column":24},"end":{"line":362,"column":75}},"196":{"start":{"line":363,"column":24},"end":{"line":363,"column":60}},"197":{"start":{"line":364,"column":24},"end":{"line":364,"column":45}},"198":{"start":{"line":365,"column":16},"end":{"line":365,"column":203}},"199":{"start":{"line":365,"column":136},"end":{"line":365,"column":203}},"90":{"start":{"line":193,"column":20},"end":{"line":196,"column":22}},"91":{"start":{"line":198,"column":16},"end":{"line":198,"column":24}},"92":{"start":{"line":202,"column":24},"end":{"line":202,"column":27}},"93":{"start":{"line":203,"column":24},"end":{"line":203,"column":39}},"94":{"start":{"line":204,"column":16},"end":{"line":208,"column":17}},"95":{"start":{"line":204,"column":42},"end":{"line":204,"column":159}},"96":{"start":{"line":206,"column":20},"end":{"line":206,"column":135}},"97":{"start":{"line":206,"column":49},"end":{"line":206,"column":135}},"98":{"start":{"line":207,"column":20},"end":{"line":207,"column":36}},"99":{"start":{"line":212,"column":16},"end":{"line":212,"column":44}},"300":{"start":{"line":585,"column":28},"end":{"line":585,"column":103}},"301":{"start":{"line":586,"column":36},"end":{"line":586,"column":83}},"302":{"start":{"line":587,"column":28},"end":{"line":587,"column":187}},"303":{"start":{"line":588,"column":36},"end":{"line":588,"column":41}},"304":{"start":{"line":589,"column":36},"end":{"line":596,"column":34}},"305":{"start":{"line":590,"column":36},"end":{"line":595,"column":84}},"306":{"start":{"line":597,"column":28},"end":{"line":597,"column":227}},"307":{"start":{"line":602,"column":28},"end":{"line":606,"column":56}},"308":{"start":{"line":610,"column":12},"end":{"line":625,"column":28}},"309":{"start":{"line":629,"column":12},"end":{"line":631,"column":15}},"310":{"start":{"line":632,"column":20},"end":{"line":638,"column":17}},"311":{"start":{"line":633,"column":20},"end":{"line":636,"column":21}},"312":{"start":{"line":634,"column":32},"end":{"line":634,"column":44}},"313":{"start":{"line":635,"column":24},"end":{"line":635,"column":100}},"314":{"start":{"line":635,"column":41},"end":{"line":635,"column":100}},"315":{"start":{"line":637,"column":20},"end":{"line":637,"column":28}},"316":{"start":{"line":639,"column":20},"end":{"line":639,"column":24}},"317":{"start":{"line":640,"column":20},"end":{"line":644,"column":20}},"318":{"start":{"line":641,"column":20},"end":{"line":643,"column":21}},"319":{"start":{"line":645,"column":20},"end":{"line":664,"column":17}},"320":{"start":{"line":646,"column":28},"end":{"line":646,"column":38}},"200":{"start":{"line":366,"column":16},"end":{"line":366,"column":54}},"321":{"start":{"line":647,"column":28},"end":{"line":647,"column":36}},"201":{"start":{"line":367,"column":24},"end":{"line":367,"column":64}},"322":{"start":{"line":648,"column":28},"end":{"line":648,"column":38}},"202":{"start":{"line":368,"column":16},"end":{"line":368,"column":107}},"323":{"start":{"line":649,"column":28},"end":{"line":649,"column":38}},"203":{"start":{"line":369,"column":24},"end":{"line":369,"column":56}},"324":{"start":{"line":650,"column":28},"end":{"line":650,"column":39}},"204":{"start":{"line":370,"column":16},"end":{"line":370,"column":153}},"325":{"start":{"line":651,"column":28},"end":{"line":651,"column":38}},"205":{"start":{"line":371,"column":16},"end":{"line":371,"column":77}},"326":{"start":{"line":652,"column":28},"end":{"line":654,"column":25}},"206":{"start":{"line":371,"column":61},"end":{"line":371,"column":77}},"327":{"start":{"line":653,"column":28},"end":{"line":653,"column":42}},"207":{"start":{"line":372,"column":16},"end":{"line":372,"column":32}},"328":{"start":{"line":655,"column":20},"end":{"line":663,"column":26}},"208":{"start":{"line":376,"column":24},"end":{"line":376,"column":35}},"329":{"start":{"line":665,"column":12},"end":{"line":665,"column":25}},"209":{"start":{"line":377,"column":16},"end":{"line":377,"column":106}},"330":{"start":{"line":671,"column":16},"end":{"line":673,"column":17}},"210":{"start":{"line":378,"column":24},"end":{"line":378,"column":50}},"331":{"start":{"line":677,"column":16},"end":{"line":677,"column":95}},"211":{"start":{"line":379,"column":16},"end":{"line":380,"column":65}},"332":{"start":{"line":677,"column":39},"end":{"line":677,"column":95}},"212":{"start":{"line":380,"column":20},"end":{"line":380,"column":65}},"333":{"start":{"line":681,"column":16},"end":{"line":681,"column":110}},"213":{"start":{"line":380,"column":49},"end":{"line":380,"column":65}},"334":{"start":{"line":681,"column":24},"end":{"line":681,"column":110}},"214":{"start":{"line":381,"column":16},"end":{"line":381,"column":32}},"335":{"start":{"line":682,"column":16},"end":{"line":682,"column":83}},"215":{"start":{"line":383,"column":12},"end":{"line":383,"column":156}},"336":{"start":{"line":686,"column":16},"end":{"line":686,"column":149}},"216":{"start":{"line":383,"column":103},"end":{"line":383,"column":156}},"337":{"start":{"line":686,"column":58},"end":{"line":686,"column":149}},"217":{"start":{"line":384,"column":20},"end":{"line":384,"column":23}},"338":{"start":{"line":687,"column":16},"end":{"line":694,"column":96}},"218":{"start":{"line":385,"column":20},"end":{"line":385,"column":60}},"339":{"start":{"line":696,"column":12},"end":{"line":698,"column":15}},"219":{"start":{"line":386,"column":20},"end":{"line":386,"column":46}},"340":{"start":{"line":699,"column":20},"end":{"line":709,"column":19}},"220":{"start":{"line":387,"column":20},"end":{"line":387,"column":21}},"341":{"start":{"line":701,"column":24},"end":{"line":704,"column":25}},"100":{"start":{"line":213,"column":24},"end":{"line":213,"column":36}},"221":{"start":{"line":388,"column":20},"end":{"line":388,"column":21}},"342":{"start":{"line":702,"column":36},"end":{"line":702,"column":40}},"101":{"start":{"line":214,"column":16},"end":{"line":214,"column":40}},"222":{"start":{"line":389,"column":20},"end":{"line":389,"column":21}},"343":{"start":{"line":703,"column":28},"end":{"line":703,"column":153}},"102":{"start":{"line":218,"column":24},"end":{"line":218,"column":55}},"223":{"start":{"line":390,"column":12},"end":{"line":390,"column":73}},"344":{"start":{"line":706,"column":20},"end":{"line":708,"column":21}},"103":{"start":{"line":219,"column":16},"end":{"line":219,"column":54}},"224":{"start":{"line":394,"column":12},"end":{"line":396,"column":16}},"345":{"start":{"line":707,"column":24},"end":{"line":707,"column":70}},"104":{"start":{"line":223,"column":24},"end":{"line":223,"column":54}},"225":{"start":{"line":395,"column":16},"end":{"line":395,"column":27}},"346":{"start":{"line":710,"column":20},"end":{"line":710,"column":24}},"105":{"start":{"line":224,"column":16},"end":{"line":224,"column":55}},"226":{"start":{"line":397,"column":12},"end":{"line":401,"column":13}},"347":{"start":{"line":711,"column":20},"end":{"line":711,"column":24}},"106":{"start":{"line":229,"column":16},"end":{"line":236,"column":19}},"227":{"start":{"line":398,"column":16},"end":{"line":398,"column":71}},"348":{"start":{"line":712,"column":20},"end":{"line":712,"column":47}},"107":{"start":{"line":230,"column":28},"end":{"line":230,"column":31}},"228":{"start":{"line":400,"column":16},"end":{"line":400,"column":57}},"349":{"start":{"line":713,"column":20},"end":{"line":713,"column":24}},"108":{"start":{"line":231,"column":20},"end":{"line":231,"column":95}},"229":{"start":{"line":402,"column":12},"end":{"line":402,"column":25}},"109":{"start":{"line":232,"column":23},"end":{"line":236,"column":19}}},"s":{"350":1,"230":4,"351":0,"110":0,"231":0,"352":0,"111":0,"232":0,"353":0,"112":1,"233":0,"354":0,"113":0,"234":0,"355":1,"114":0,"235":0,"356":0,"115":0,"236":0,"357":1,"116":0,"237":0,"358":1,"117":0,"238":0,"359":1,"118":0,"239":0,"119":0,"10":3,"11":18,"12":18,"13":1,"14":1,"15":0,"16":0,"17":0,"18":0,"19":0,"360":1,"240":0,"361":1,"120":0,"241":1,"362":1,"0":1,"121":0,"242":0,"363":1,"1":1,"122":0,"243":1,"364":1,"123":0,"2":0,"244":1,"124":1,"245":1,"3":1,"125":1,"246":0,"4":0,"126":1,"247":0,"5":1,"127":0,"248":0,"6":1,"128":1,"249":0,"7":2,"129":0,"8":1,"9":21,"20":0,"21":0,"22":2,"23":1,"24":1,"25":1,"26":1,"27":1,"28":1,"29":1,"250":0,"130":1,"251":0,"131":0,"252":0,"132":0,"253":0,"133":0,"254":0,"134":0,"255":0,"135":0,"256":0,"136":0,"257":0,"137":1,"258":1,"138":1,"259":0,"139":2,"30":1,"31":1,"32":1,"33":0,"34":0,"35":0,"36":0,"37":0,"38":0,"39":0,"260":0,"140":2,"261":0,"141":1,"262":0,"142":1,"263":0,"143":1,"264":1,"144":1,"265":1,"145":1,"266":5,"146":1,"267":5,"147":1,"268":1,"148":1,"269":1,"149":1,"40":0,"41":0,"42":0,"43":0,"44":3,"45":0,"46":1,"47":1,"48":0,"49":0,"270":1,"150":0,"271":1,"151":1,"272":1,"152":1,"273":1,"153":1,"274":1,"154":0,"275":1,"155":0,"276":1,"156":0,"277":1,"157":0,"278":1,"158":0,"279":1,"159":0,"50":0,"51":0,"52":0,"53":0,"54":0,"55":0,"56":0,"57":0,"58":1,"59":1,"280":0,"160":0,"281":1,"161":0,"282":0,"162":0,"283":0,"163":0,"284":0,"164":0,"285":0,"165":0,"286":0,"166":1,"287":0,"167":1,"288":0,"168":1,"289":0,"169":0,"60":1,"61":1,"62":1,"63":1,"64":0,"65":1,"66":1,"67":1,"68":1,"69":1,"290":0,"170":1,"291":0,"171":1,"292":0,"172":1,"293":0,"173":1,"294":0,"174":1,"295":0,"175":1,"296":0,"176":0,"297":0,"177":0,"298":0,"178":0,"299":0,"179":0,"70":1,"71":1,"72":1,"73":1,"74":1,"75":0,"76":0,"77":0,"78":0,"79":0,"180":0,"181":1,"182":0,"183":0,"184":0,"185":0,"186":0,"187":0,"188":0,"189":0,"80":1,"81":1,"82":1,"83":1,"84":1,"85":1,"86":1,"87":1,"88":1,"89":1,"190":0,"191":0,"192":0,"193":0,"194":0,"195":0,"196":0,"197":0,"198":0,"199":0,"90":1,"91":1,"92":1,"93":1,"94":1,"95":0,"96":1,"97":0,"98":1,"99":0,"300":0,"301":0,"302":0,"303":0,"304":0,"305":0,"306":0,"307":0,"308":1,"309":1,"310":1,"311":0,"312":0,"313":0,"314":0,"315":0,"316":1,"317":1,"318":1,"319":1,"320":0,"200":0,"321":0,"201":0,"322":0,"202":0,"323":0,"203":0,"324":0,"204":0,"325":0,"205":0,"326":0,"206":0,"327":0,"207":0,"328":0,"208":0,"329":1,"209":0,"330":2,"210":0,"331":0,"211":0,"332":0,"212":0,"333":0,"213":0,"334":0,"214":0,"335":0,"215":1,"336":1,"216":256,"337":0,"217":1,"338":1,"218":1,"339":1,"219":1,"340":1,"220":1,"341":1,"100":0,"221":1,"342":1,"101":0,"222":1,"343":1,"102":1,"223":1,"344":1,"103":1,"224":1,"345":1,"104":0,"225":1,"346":1,"105":0,"226":1,"347":1,"106":1,"227":1,"348":1,"107":0,"228":0,"349":1,"108":0,"229":1,"109":1},"fnMap":{"88":{"loc":{"start":{"line":627,"column":58},"end":{"line":666,"column":9}},"decl":{"start":{"line":627,"column":40},"end":{"line":627,"column":41}},"line":627,"name":"(anonymous_88)"},"89":{"loc":{"start":{"line":632,"column":49},"end":{"line":638,"column":17}},"decl":{"start":{"line":632,"column":37},"end":{"line":632,"column":38}},"line":632,"name":"(anonymous_89)"},"90":{"loc":{"start":{"line":640,"column":32},"end":{"line":644,"column":17}},"decl":{"start":{"line":640,"column":20},"end":{"line":640,"column":21}},"line":640,"name":"(anonymous_90)"},"91":{"loc":{"start":{"line":645,"column":32},"end":{"line":664,"column":17}},"decl":{"start":{"line":645,"column":20},"end":{"line":645,"column":21}},"line":645,"name":"(anonymous_91)"},"92":{"loc":{"start":{"line":652,"column":40},"end":{"line":654,"column":25}},"decl":{"start":{"line":652,"column":28},"end":{"line":652,"column":29}},"line":652,"name":"(anonymous_92)"},"93":{"loc":{"start":{"line":667,"column":61},"end":{"line":743,"column":9}},"decl":{"start":{"line":667,"column":43},"end":{"line":667,"column":44}},"line":667,"name":"(anonymous_93)"},"94":{"loc":{"start":{"line":670,"column":26},"end":{"line":674,"column":13}},"decl":{"start":{"line":670,"column":21},"end":{"line":670,"column":22}},"line":670,"name":"r"},"95":{"loc":{"start":{"line":676,"column":29},"end":{"line":678,"column":13}},"decl":{"start":{"line":676,"column":21},"end":{"line":676,"column":22}},"line":676,"name":"o"},"96":{"loc":{"start":{"line":680,"column":29},"end":{"line":683,"column":13}},"decl":{"start":{"line":680,"column":21},"end":{"line":680,"column":22}},"line":680,"name":"a"},"97":{"loc":{"start":{"line":685,"column":29},"end":{"line":695,"column":13}},"decl":{"start":{"line":685,"column":21},"end":{"line":685,"column":22}},"line":685,"name":"i"},"10":{"loc":{"start":{"line":39,"column":40},"end":{"line":55,"column":9}},"decl":{"start":{"line":39,"column":22},"end":{"line":39,"column":23}},"line":39,"name":"(anonymous_10)"},"98":{"loc":{"start":{"line":699,"column":31},"end":{"line":709,"column":17}},"decl":{"start":{"line":699,"column":20},"end":{"line":699,"column":21}},"line":699,"name":"(anonymous_98)"},"11":{"loc":{"start":{"line":42,"column":26},"end":{"line":46,"column":13}},"decl":{"start":{"line":42,"column":21},"end":{"line":42,"column":22}},"line":42,"name":"r"},"99":{"loc":{"start":{"line":700,"column":37},"end":{"line":705,"column":21}},"decl":{"start":{"line":700,"column":29},"end":{"line":700,"column":30}},"line":700,"name":"e"},"12":{"loc":{"start":{"line":56,"column":132},"end":{"line":58,"column":9}},"decl":{"start":{"line":56,"column":114},"end":{"line":56,"column":115}},"line":56,"name":"(anonymous_12)"},"13":{"loc":{"start":{"line":59,"column":68},"end":{"line":82,"column":9}},"decl":{"start":{"line":59,"column":53},"end":{"line":59,"column":54}},"line":59,"name":"(anonymous_13)"},"14":{"loc":{"start":{"line":60,"column":35},"end":{"line":81,"column":13}},"decl":{"start":{"line":60,"column":24},"end":{"line":60,"column":25}},"line":60,"name":"(anonymous_14)"},"15":{"loc":{"start":{"line":62,"column":47},"end":{"line":68,"column":17}},"decl":{"start":{"line":62,"column":36},"end":{"line":62,"column":37}},"line":62,"name":"(anonymous_15)"},"16":{"loc":{"start":{"line":68,"column":40},"end":{"line":80,"column":17}},"decl":{"start":{"line":68,"column":25},"end":{"line":68,"column":26}},"line":68,"name":"(anonymous_16)"},"17":{"loc":{"start":{"line":83,"column":70},"end":{"line":97,"column":9}},"decl":{"start":{"line":83,"column":52},"end":{"line":83,"column":53}},"line":83,"name":"(anonymous_17)"},"18":{"loc":{"start":{"line":86,"column":26},"end":{"line":90,"column":13}},"decl":{"start":{"line":86,"column":21},"end":{"line":86,"column":22}},"line":86,"name":"r"},"19":{"loc":{"start":{"line":87,"column":34},"end":{"line":89,"column":17}},"decl":{"start":{"line":87,"column":23},"end":{"line":87,"column":24}},"line":87,"name":"(anonymous_19)"},"0":{"loc":{"start":{"line":1,"column":17},"end":{"line":8,"column":1}},"decl":{"start":{"line":1,"column":2},"end":{"line":1,"column":3}},"line":1,"name":"(anonymous_0)"},"1":{"loc":{"start":{"line":8,"column":20},"end":{"line":759,"column":1}},"decl":{"start":{"line":8,"column":8},"end":{"line":8,"column":9}},"line":8,"name":"(anonymous_1)"},"2":{"loc":{"start":{"line":9,"column":23},"end":{"line":38,"column":5}},"decl":{"start":{"line":9,"column":11},"end":{"line":9,"column":12}},"line":9,"name":"(anonymous_2)"},"3":{"loc":{"start":{"line":10,"column":22},"end":{"line":18,"column":9}},"decl":{"start":{"line":10,"column":17},"end":{"line":10,"column":18}},"line":10,"name":"t"},"4":{"loc":{"start":{"line":20,"column":51},"end":{"line":22,"column":9}},"decl":{"start":{"line":20,"column":39},"end":{"line":20,"column":40}},"line":20,"name":"(anonymous_4)"},"5":{"loc":{"start":{"line":22,"column":35},"end":{"line":28,"column":9}},"decl":{"start":{"line":22,"column":17},"end":{"line":22,"column":18}},"line":22,"name":"(anonymous_5)"},"6":{"loc":{"start":{"line":28,"column":29},"end":{"line":35,"column":9}},"decl":{"start":{"line":28,"column":17},"end":{"line":28,"column":18}},"line":28,"name":"(anonymous_6)"},"7":{"loc":{"start":{"line":29,"column":51},"end":{"line":31,"column":13}},"decl":{"start":{"line":29,"column":40},"end":{"line":29,"column":41}},"line":29,"name":"(anonymous_7)"},"8":{"loc":{"start":{"line":31,"column":27},"end":{"line":33,"column":13}},"decl":{"start":{"line":31,"column":16},"end":{"line":31,"column":17}},"line":31,"name":"(anonymous_8)"},"9":{"loc":{"start":{"line":35,"column":32},"end":{"line":37,"column":9}},"decl":{"start":{"line":35,"column":17},"end":{"line":35,"column":18}},"line":35,"name":"(anonymous_9)"},"20":{"loc":{"start":{"line":91,"column":31},"end":{"line":91,"column":33}},"decl":{"start":{"line":91,"column":20},"end":{"line":91,"column":21}},"line":91,"name":"(anonymous_20)"},"21":{"loc":{"start":{"line":92,"column":146},"end":{"line":94,"column":13}},"decl":{"start":{"line":92,"column":135},"end":{"line":92,"column":136}},"line":92,"name":"(anonymous_21)"},"22":{"loc":{"start":{"line":94,"column":51},"end":{"line":96,"column":13}},"decl":{"start":{"line":94,"column":39},"end":{"line":94,"column":40}},"line":94,"name":"(anonymous_22)"},"23":{"loc":{"start":{"line":98,"column":66},"end":{"line":117,"column":9}},"decl":{"start":{"line":98,"column":48},"end":{"line":98,"column":49}},"line":98,"name":"(anonymous_23)"},"24":{"loc":{"start":{"line":101,"column":47},"end":{"line":114,"column":13}},"decl":{"start":{"line":101,"column":21},"end":{"line":101,"column":22}},"line":101,"name":"r"},"25":{"loc":{"start":{"line":108,"column":66},"end":{"line":110,"column":25}},"decl":{"start":{"line":108,"column":55},"end":{"line":108,"column":56}},"line":108,"name":"(anonymous_25)"},"26":{"loc":{"start":{"line":115,"column":32},"end":{"line":115,"column":34}},"decl":{"start":{"line":115,"column":20},"end":{"line":115,"column":21}},"line":115,"name":"(anonymous_26)"},"27":{"loc":{"start":{"line":118,"column":83},"end":{"line":153,"column":9}},"decl":{"start":{"line":118,"column":65},"end":{"line":118,"column":66}},"line":118,"name":"(anonymous_27)"},"28":{"loc":{"start":{"line":123,"column":35},"end":{"line":152,"column":13}},"decl":{"start":{"line":123,"column":24},"end":{"line":123,"column":25}},"line":123,"name":"(anonymous_28)"},"29":{"loc":{"start":{"line":124,"column":45},"end":{"line":126,"column":17}},"decl":{"start":{"line":124,"column":25},"end":{"line":124,"column":26}},"line":124,"name":"e"},"30":{"loc":{"start":{"line":128,"column":29},"end":{"line":130,"column":17}},"decl":{"start":{"line":128,"column":25},"end":{"line":128,"column":26}},"line":128,"name":"t"},"31":{"loc":{"start":{"line":154,"column":64},"end":{"line":156,"column":9}},"decl":{"start":{"line":154,"column":46},"end":{"line":154,"column":47}},"line":154,"name":"(anonymous_31)"},"32":{"loc":{"start":{"line":157,"column":83},"end":{"line":160,"column":9}},"decl":{"start":{"line":157,"column":65},"end":{"line":157,"column":66}},"line":157,"name":"(anonymous_32)"},"33":{"loc":{"start":{"line":161,"column":67},"end":{"line":321,"column":9}},"decl":{"start":{"line":161,"column":52},"end":{"line":161,"column":53}},"line":161,"name":"(anonymous_33)"},"34":{"loc":{"start":{"line":162,"column":29},"end":{"line":179,"column":13}},"decl":{"start":{"line":162,"column":21},"end":{"line":162,"column":22}},"line":162,"name":"n"},"35":{"loc":{"start":{"line":181,"column":26},"end":{"line":199,"column":13}},"decl":{"start":{"line":181,"column":21},"end":{"line":181,"column":22}},"line":181,"name":"r"},"36":{"loc":{"start":{"line":201,"column":29},"end":{"line":209,"column":13}},"decl":{"start":{"line":201,"column":21},"end":{"line":201,"column":22}},"line":201,"name":"o"},"37":{"loc":{"start":{"line":211,"column":26},"end":{"line":215,"column":13}},"decl":{"start":{"line":211,"column":21},"end":{"line":211,"column":22}},"line":211,"name":"a"},"38":{"loc":{"start":{"line":217,"column":26},"end":{"line":220,"column":13}},"decl":{"start":{"line":217,"column":21},"end":{"line":217,"column":22}},"line":217,"name":"i"},"39":{"loc":{"start":{"line":222,"column":26},"end":{"line":225,"column":13}},"decl":{"start":{"line":222,"column":21},"end":{"line":222,"column":22}},"line":222,"name":"s"},"40":{"loc":{"start":{"line":227,"column":29},"end":{"line":244,"column":13}},"decl":{"start":{"line":227,"column":21},"end":{"line":227,"column":22}},"line":227,"name":"u"},"41":{"loc":{"start":{"line":232,"column":258},"end":{"line":234,"column":17}},"decl":{"start":{"line":232,"column":247},"end":{"line":232,"column":248}},"line":232,"name":"(anonymous_41)"},"42":{"loc":{"start":{"line":234,"column":68},"end":{"line":236,"column":17}},"decl":{"start":{"line":234,"column":57},"end":{"line":234,"column":58}},"line":234,"name":"(anonymous_42)"},"43":{"loc":{"start":{"line":238,"column":32},"end":{"line":243,"column":21}},"decl":{"start":{"line":238,"column":20},"end":{"line":238,"column":21}},"line":238,"name":"(anonymous_43)"},"44":{"loc":{"start":{"line":246,"column":35},"end":{"line":254,"column":13}},"decl":{"start":{"line":246,"column":21},"end":{"line":246,"column":22}},"line":246,"name":"c"},"45":{"loc":{"start":{"line":256,"column":29},"end":{"line":264,"column":13}},"decl":{"start":{"line":256,"column":21},"end":{"line":256,"column":22}},"line":256,"name":"l"},"46":{"loc":{"start":{"line":266,"column":29},"end":{"line":275,"column":13}},"decl":{"start":{"line":266,"column":21},"end":{"line":266,"column":22}},"line":266,"name":"p"},"47":{"loc":{"start":{"line":277,"column":32},"end":{"line":282,"column":17}},"decl":{"start":{"line":277,"column":20},"end":{"line":277,"column":21}},"line":277,"name":"(anonymous_47)"},"48":{"loc":{"start":{"line":279,"column":38},"end":{"line":281,"column":21}},"decl":{"start":{"line":279,"column":27},"end":{"line":279,"column":28}},"line":279,"name":"(anonymous_48)"},"49":{"loc":{"start":{"line":283,"column":33},"end":{"line":285,"column":17}},"decl":{"start":{"line":283,"column":22},"end":{"line":283,"column":23}},"line":283,"name":"(anonymous_49)"},"50":{"loc":{"start":{"line":286,"column":33},"end":{"line":288,"column":17}},"decl":{"start":{"line":286,"column":22},"end":{"line":286,"column":23}},"line":286,"name":"(anonymous_50)"},"51":{"loc":{"start":{"line":292,"column":39},"end":{"line":314,"column":13}},"decl":{"start":{"line":292,"column":24},"end":{"line":292,"column":25}},"line":292,"name":"(anonymous_51)"},"52":{"loc":{"start":{"line":297,"column":32},"end":{"line":313,"column":21}},"decl":{"start":{"line":297,"column":20},"end":{"line":297,"column":21}},"line":297,"name":"(anonymous_52)"},"53":{"loc":{"start":{"line":315,"column":31},"end":{"line":320,"column":13}},"decl":{"start":{"line":315,"column":20},"end":{"line":315,"column":21}},"line":315,"name":"(anonymous_53)"},"54":{"loc":{"start":{"line":317,"column":38},"end":{"line":319,"column":17}},"decl":{"start":{"line":317,"column":23},"end":{"line":317,"column":24}},"line":317,"name":"(anonymous_54)"},"55":{"loc":{"start":{"line":322,"column":64},"end":{"line":340,"column":9}},"decl":{"start":{"line":322,"column":46},"end":{"line":322,"column":47}},"line":322,"name":"(anonymous_55)"},"56":{"loc":{"start":{"line":323,"column":25},"end":{"line":339,"column":13}},"decl":{"start":{"line":323,"column":13},"end":{"line":323,"column":14}},"line":323,"name":"(anonymous_56)"},"57":{"loc":{"start":{"line":327,"column":35},"end":{"line":329,"column":21}},"decl":{"start":{"line":327,"column":24},"end":{"line":327,"column":25}},"line":327,"name":"(anonymous_57)"},"58":{"loc":{"start":{"line":333,"column":35},"end":{"line":336,"column":21}},"decl":{"start":{"line":333,"column":24},"end":{"line":333,"column":25}},"line":333,"name":"(anonymous_58)"},"59":{"loc":{"start":{"line":341,"column":57},"end":{"line":391,"column":9}},"decl":{"start":{"line":341,"column":39},"end":{"line":341,"column":40}},"line":341,"name":"(anonymous_59)"},"60":{"loc":{"start":{"line":342,"column":32},"end":{"line":349,"column":13}},"decl":{"start":{"line":342,"column":21},"end":{"line":342,"column":22}},"line":342,"name":"r"},"61":{"loc":{"start":{"line":345,"column":86},"end":{"line":347,"column":21}},"decl":{"start":{"line":345,"column":74},"end":{"line":345,"column":75}},"line":345,"name":"(anonymous_61)"},"62":{"loc":{"start":{"line":351,"column":29},"end":{"line":355,"column":13}},"decl":{"start":{"line":351,"column":21},"end":{"line":351,"column":22}},"line":351,"name":"o"},"63":{"loc":{"start":{"line":357,"column":32},"end":{"line":373,"column":13}},"decl":{"start":{"line":357,"column":21},"end":{"line":357,"column":22}},"line":357,"name":"a"},"64":{"loc":{"start":{"line":375,"column":32},"end":{"line":382,"column":13}},"decl":{"start":{"line":375,"column":21},"end":{"line":375,"column":22}},"line":375,"name":"i"},"65":{"loc":{"start":{"line":392,"column":67},"end":{"line":403,"column":9}},"decl":{"start":{"line":392,"column":52},"end":{"line":392,"column":53}},"line":392,"name":"(anonymous_65)"},"66":{"loc":{"start":{"line":394,"column":27},"end":{"line":396,"column":13}},"decl":{"start":{"line":394,"column":16},"end":{"line":394,"column":17}},"line":394,"name":"(anonymous_66)"},"67":{"loc":{"start":{"line":404,"column":52},"end":{"line":626,"column":9}},"decl":{"start":{"line":404,"column":34},"end":{"line":404,"column":35}},"line":404,"name":"(anonymous_67)"},"68":{"loc":{"start":{"line":407,"column":26},"end":{"line":411,"column":13}},"decl":{"start":{"line":407,"column":21},"end":{"line":407,"column":22}},"line":407,"name":"r"},"69":{"loc":{"start":{"line":413,"column":26},"end":{"line":419,"column":13}},"decl":{"start":{"line":413,"column":21},"end":{"line":413,"column":22}},"line":413,"name":"o"},"70":{"loc":{"start":{"line":421,"column":29},"end":{"line":423,"column":13}},"decl":{"start":{"line":421,"column":21},"end":{"line":421,"column":22}},"line":421,"name":"a"},"71":{"loc":{"start":{"line":425,"column":29},"end":{"line":428,"column":13}},"decl":{"start":{"line":425,"column":21},"end":{"line":425,"column":22}},"line":425,"name":"i"},"72":{"loc":{"start":{"line":430,"column":29},"end":{"line":440,"column":13}},"decl":{"start":{"line":430,"column":21},"end":{"line":430,"column":22}},"line":430,"name":"s"},"73":{"loc":{"start":{"line":444,"column":31},"end":{"line":468,"column":17}},"decl":{"start":{"line":444,"column":20},"end":{"line":444,"column":21}},"line":444,"name":"(anonymous_73)"},"74":{"loc":{"start":{"line":445,"column":37},"end":{"line":462,"column":21}},"decl":{"start":{"line":445,"column":29},"end":{"line":445,"column":30}},"line":445,"name":"e"},"75":{"loc":{"start":{"line":463,"column":42},"end":{"line":467,"column":21}},"decl":{"start":{"line":463,"column":27},"end":{"line":463,"column":28}},"line":463,"name":"(anonymous_75)"},"76":{"loc":{"start":{"line":469,"column":31},"end":{"line":479,"column":17}},"decl":{"start":{"line":469,"column":20},"end":{"line":469,"column":21}},"line":469,"name":"(anonymous_76)"},"77":{"loc":{"start":{"line":470,"column":37},"end":{"line":475,"column":21}},"decl":{"start":{"line":470,"column":29},"end":{"line":470,"column":30}},"line":470,"name":"e"},"78":{"loc":{"start":{"line":476,"column":45},"end":{"line":478,"column":21}},"decl":{"start":{"line":476,"column":27},"end":{"line":476,"column":28}},"line":476,"name":"(anonymous_78)"},"79":{"loc":{"start":{"line":489,"column":32},"end":{"line":609,"column":17}},"decl":{"start":{"line":489,"column":20},"end":{"line":489,"column":21}},"line":489,"name":"(anonymous_79)"},"100":{"loc":{"start":{"line":706,"column":45},"end":{"line":708,"column":21}},"decl":{"start":{"line":706,"column":27},"end":{"line":706,"column":28}},"line":706,"name":"(anonymous_100)"},"101":{"loc":{"start":{"line":714,"column":32},"end":{"line":741,"column":17}},"decl":{"start":{"line":714,"column":20},"end":{"line":714,"column":21}},"line":714,"name":"(anonymous_101)"},"102":{"loc":{"start":{"line":715,"column":34},"end":{"line":725,"column":21}},"decl":{"start":{"line":715,"column":29},"end":{"line":715,"column":30}},"line":715,"name":"t"},"103":{"loc":{"start":{"line":718,"column":57},"end":{"line":722,"column":25}},"decl":{"start":{"line":718,"column":45},"end":{"line":718,"column":46}},"line":718,"name":"(anonymous_103)"},"104":{"loc":{"start":{"line":728,"column":42},"end":{"line":739,"column":25}},"decl":{"start":{"line":728,"column":31},"end":{"line":728,"column":32}},"line":728,"name":"(anonymous_104)"},"105":{"loc":{"start":{"line":744,"column":56},"end":{"line":751,"column":9}},"decl":{"start":{"line":744,"column":38},"end":{"line":744,"column":39}},"line":744,"name":"(anonymous_105)"},"106":{"loc":{"start":{"line":752,"column":26},"end":{"line":754,"column":9}},"decl":{"start":{"line":752,"column":11},"end":{"line":752,"column":12}},"line":752,"name":"(anonymous_106)"},"107":{"loc":{"start":{"line":755,"column":29},"end":{"line":757,"column":9}},"decl":{"start":{"line":755,"column":11},"end":{"line":755,"column":12}},"line":755,"name":"(anonymous_107)"},"80":{"loc":{"start":{"line":490,"column":33},"end":{"line":492,"column":21}},"decl":{"start":{"line":490,"column":29},"end":{"line":490,"column":30}},"line":490,"name":"t"},"81":{"loc":{"start":{"line":495,"column":42},"end":{"line":532,"column":25}},"decl":{"start":{"line":495,"column":31},"end":{"line":495,"column":32}},"line":495,"name":"(anonymous_81)"},"82":{"loc":{"start":{"line":535,"column":43},"end":{"line":547,"column":25}},"decl":{"start":{"line":535,"column":31},"end":{"line":535,"column":32}},"line":535,"name":"(anonymous_82)"},"83":{"loc":{"start":{"line":550,"column":42},"end":{"line":562,"column":25}},"decl":{"start":{"line":550,"column":31},"end":{"line":550,"column":32}},"line":550,"name":"(anonymous_83)"},"84":{"loc":{"start":{"line":565,"column":42},"end":{"line":598,"column":25}},"decl":{"start":{"line":565,"column":31},"end":{"line":565,"column":32}},"line":565,"name":"(anonymous_84)"},"85":{"loc":{"start":{"line":581,"column":93},"end":{"line":583,"column":33}},"decl":{"start":{"line":581,"column":78},"end":{"line":581,"column":79}},"line":581,"name":"(anonymous_85)"},"86":{"loc":{"start":{"line":589,"column":66},"end":{"line":596,"column":33}},"decl":{"start":{"line":589,"column":54},"end":{"line":589,"column":55}},"line":589,"name":"(anonymous_86)"},"87":{"loc":{"start":{"line":601,"column":42},"end":{"line":607,"column":25}},"decl":{"start":{"line":601,"column":31},"end":{"line":601,"column":32}},"line":601,"name":"(anonymous_87)"}},"f":{"88":1,"89":0,"90":1,"91":0,"92":0,"93":1,"94":2,"95":0,"96":0,"97":1,"10":1,"98":1,"11":2,"99":1,"12":1,"13":1,"14":1,"15":0,"16":0,"17":1,"18":3,"19":0,"0":1,"1":1,"2":1,"3":21,"4":0,"5":0,"6":0,"7":0,"8":0,"9":0,"20":0,"21":0,"22":0,"23":1,"24":0,"25":0,"26":0,"27":1,"28":1,"29":0,"30":1,"31":1,"32":1,"33":1,"34":1,"35":1,"36":1,"37":0,"38":1,"39":0,"40":1,"41":0,"42":0,"43":0,"44":0,"45":1,"46":0,"47":2,"48":2,"49":1,"50":1,"51":1,"52":0,"53":1,"54":0,"55":1,"56":1,"57":1,"58":0,"59":1,"60":0,"61":0,"62":0,"63":0,"64":0,"65":1,"66":1,"67":1,"68":4,"69":0,"70":0,"71":0,"72":1,"73":1,"74":0,"75":0,"76":1,"77":1,"78":1,"79":1,"100":1,"101":1,"102":0,"103":0,"104":0,"105":1,"106":1,"107":1,"80":0,"81":0,"82":0,"83":0,"84":0,"85":0,"86":0,"87":0},"branchMap":{"88":{"loc":{"start":{"line":427,"column":23},"end":{"line":427,"column":75}},"line":427,"locations":[{"start":{"line":427,"column":23},"end":{"line":427,"column":25}},{"start":{"line":427,"column":29},"end":{"line":427,"column":49}},{"start":{"line":427,"column":53},"end":{"line":427,"column":75}}],"type":"binary-expr"},"89":{"loc":{"start":{"line":431,"column":16},"end":{"line":431,"column":149}},"line":431,"locations":[{"start":{"line":431,"column":16},"end":{"line":431,"column":149}},{"start":{"line":431,"column":16},"end":{"line":431,"column":149}}],"type":"if"},"110":{"loc":{"start":{"line":597,"column":91},"end":{"line":597,"column":198}},"line":597,"locations":[{"start":{"line":597,"column":91},"end":{"line":597,"column":96}},{"start":{"line":597,"column":100},"end":{"line":597,"column":146}},{"start":{"line":597,"column":151},"end":{"line":597,"column":197}}],"type":"binary-expr"},"111":{"loc":{"start":{"line":632,"column":20},"end":{"line":638,"column":17}},"line":632,"locations":[{"start":{"line":632,"column":20},"end":{"line":632,"column":33}},{"start":{"line":632,"column":37},"end":{"line":638,"column":17}}],"type":"binary-expr"},"112":{"loc":{"start":{"line":635,"column":41},"end":{"line":635,"column":100}},"line":635,"locations":[{"start":{"line":635,"column":41},"end":{"line":635,"column":83}},{"start":{"line":635,"column":88},"end":{"line":635,"column":99}}],"type":"binary-expr"},"113":{"loc":{"start":{"line":641,"column":27},"end":{"line":643,"column":21}},"line":641,"locations":[{"start":{"line":641,"column":47},"end":{"line":641,"column":48}},{"start":{"line":641,"column":51},"end":{"line":643,"column":21}}],"type":"cond-expr"},"114":{"loc":{"start":{"line":641,"column":27},"end":{"line":641,"column":44}},"line":641,"locations":[{"start":{"line":641,"column":27},"end":{"line":641,"column":28}},{"start":{"line":641,"column":32},"end":{"line":641,"column":44}}],"type":"binary-expr"},"115":{"loc":{"start":{"line":658,"column":23},"end":{"line":660,"column":26}},"line":658,"locations":[{"start":{"line":658,"column":27},"end":{"line":660,"column":21}},{"start":{"line":660,"column":24},"end":{"line":660,"column":26}}],"type":"cond-expr"},"116":{"loc":{"start":{"line":671,"column":23},"end":{"line":673,"column":17}},"line":671,"locations":[{"start":{"line":671,"column":43},"end":{"line":671,"column":44}},{"start":{"line":671,"column":47},"end":{"line":673,"column":17}}],"type":"cond-expr"},"117":{"loc":{"start":{"line":671,"column":23},"end":{"line":671,"column":40}},"line":671,"locations":[{"start":{"line":671,"column":23},"end":{"line":671,"column":24}},{"start":{"line":671,"column":28},"end":{"line":671,"column":40}}],"type":"binary-expr"},"90":{"loc":{"start":{"line":431,"column":20},"end":{"line":431,"column":56}},"line":431,"locations":[{"start":{"line":431,"column":20},"end":{"line":431,"column":42}},{"start":{"line":431,"column":46},"end":{"line":431,"column":56}}],"type":"binary-expr"},"118":{"loc":{"start":{"line":677,"column":16},"end":{"line":677,"column":95}},"line":677,"locations":[{"start":{"line":677,"column":16},"end":{"line":677,"column":95}},{"start":{"line":677,"column":16},"end":{"line":677,"column":95}}],"type":"if"},"91":{"loc":{"start":{"line":432,"column":44},"end":{"line":432,"column":60}},"line":432,"locations":[{"start":{"line":432,"column":44},"end":{"line":432,"column":45}},{"start":{"line":432,"column":49},"end":{"line":432,"column":60}}],"type":"binary-expr"},"119":{"loc":{"start":{"line":681,"column":16},"end":{"line":681,"column":110}},"line":681,"locations":[{"start":{"line":681,"column":16},"end":{"line":681,"column":110}},{"start":{"line":681,"column":16},"end":{"line":681,"column":110}}],"type":"if"},"92":{"loc":{"start":{"line":439,"column":20},"end":{"line":439,"column":96}},"line":439,"locations":[{"start":{"line":439,"column":20},"end":{"line":439,"column":21}},{"start":{"line":439,"column":26},"end":{"line":439,"column":95}}],"type":"binary-expr"},"93":{"loc":{"start":{"line":439,"column":26},"end":{"line":439,"column":95}},"line":439,"locations":[{"start":{"line":439,"column":50},"end":{"line":439,"column":77}},{"start":{"line":439,"column":80},"end":{"line":439,"column":95}}],"type":"cond-expr"},"94":{"loc":{"start":{"line":451,"column":66},"end":{"line":451,"column":135}},"line":451,"locations":[{"start":{"line":451,"column":66},"end":{"line":451,"column":92}},{"start":{"line":451,"column":97},"end":{"line":451,"column":134}}],"type":"binary-expr"},"95":{"loc":{"start":{"line":451,"column":114},"end":{"line":451,"column":134}},"line":451,"locations":[{"start":{"line":451,"column":114},"end":{"line":451,"column":116}},{"start":{"line":451,"column":120},"end":{"line":451,"column":134}}],"type":"binary-expr"},"96":{"loc":{"start":{"line":456,"column":32},"end":{"line":456,"column":60}},"line":456,"locations":[{"start":{"line":456,"column":32},"end":{"line":456,"column":34}},{"start":{"line":456,"column":38},"end":{"line":456,"column":46}},{"start":{"line":456,"column":50},"end":{"line":456,"column":60}}],"type":"binary-expr"},"97":{"loc":{"start":{"line":458,"column":32},"end":{"line":458,"column":46}},"line":458,"locations":[{"start":{"line":458,"column":32},"end":{"line":458,"column":46}},{"start":{"line":458,"column":32},"end":{"line":458,"column":46}}],"type":"if"},"10":{"loc":{"start":{"line":43,"column":23},"end":{"line":45,"column":17}},"line":43,"locations":[{"start":{"line":43,"column":43},"end":{"line":43,"column":44}},{"start":{"line":43,"column":47},"end":{"line":45,"column":17}}],"type":"cond-expr"},"98":{"loc":{"start":{"line":464,"column":24},"end":{"line":464,"column":55}},"line":464,"locations":[{"start":{"line":464,"column":24},"end":{"line":464,"column":55}},{"start":{"line":464,"column":24},"end":{"line":464,"column":55}}],"type":"if"},"11":{"loc":{"start":{"line":43,"column":23},"end":{"line":43,"column":40}},"line":43,"locations":[{"start":{"line":43,"column":23},"end":{"line":43,"column":24}},{"start":{"line":43,"column":28},"end":{"line":43,"column":40}}],"type":"binary-expr"},"99":{"loc":{"start":{"line":465,"column":24},"end":{"line":465,"column":73}},"line":465,"locations":[{"start":{"line":465,"column":24},"end":{"line":465,"column":73}},{"start":{"line":465,"column":24},"end":{"line":465,"column":73}}],"type":"if"},"12":{"loc":{"start":{"line":65,"column":24},"end":{"line":65,"column":89}},"line":65,"locations":[{"start":{"line":65,"column":31},"end":{"line":65,"column":74}},{"start":{"line":65,"column":77},"end":{"line":65,"column":89}}],"type":"cond-expr"},"13":{"loc":{"start":{"line":69,"column":20},"end":{"line":71,"column":22}},"line":69,"locations":[{"start":{"line":69,"column":20},"end":{"line":69,"column":40}},{"start":{"line":69,"column":45},"end":{"line":71,"column":21}}],"type":"binary-expr"},"14":{"loc":{"start":{"line":74,"column":24},"end":{"line":74,"column":59}},"line":74,"locations":[{"start":{"line":74,"column":24},"end":{"line":74,"column":44}},{"start":{"line":74,"column":49},"end":{"line":74,"column":58}}],"type":"binary-expr"},"15":{"loc":{"start":{"line":78,"column":24},"end":{"line":78,"column":145}},"line":78,"locations":[{"start":{"line":78,"column":24},"end":{"line":78,"column":47}},{"start":{"line":78,"column":51},"end":{"line":78,"column":58}},{"start":{"line":78,"column":63},"end":{"line":78,"column":144}}],"type":"binary-expr"},"16":{"loc":{"start":{"line":78,"column":63},"end":{"line":78,"column":133}},"line":78,"locations":[{"start":{"line":78,"column":76},"end":{"line":78,"column":84}},{"start":{"line":78,"column":87},"end":{"line":78,"column":133}}],"type":"cond-expr"},"17":{"loc":{"start":{"line":78,"column":63},"end":{"line":78,"column":73}},"line":78,"locations":[{"start":{"line":78,"column":63},"end":{"line":78,"column":64}},{"start":{"line":78,"column":68},"end":{"line":78,"column":73}}],"type":"binary-expr"},"18":{"loc":{"start":{"line":78,"column":87},"end":{"line":78,"column":133}},"line":78,"locations":[{"start":{"line":78,"column":87},"end":{"line":78,"column":88}},{"start":{"line":78,"column":93},"end":{"line":78,"column":132}}],"type":"binary-expr"},"19":{"loc":{"start":{"line":102,"column":16},"end":{"line":113,"column":17}},"line":102,"locations":[{"start":{"line":102,"column":16},"end":{"line":113,"column":17}},{"start":{"line":102,"column":16},"end":{"line":113,"column":17}}],"type":"if"},"120":{"loc":{"start":{"line":682,"column":23},"end":{"line":682,"column":83}},"line":682,"locations":[{"start":{"line":682,"column":78},"end":{"line":682,"column":79}},{"start":{"line":682,"column":82},"end":{"line":682,"column":83}}],"type":"cond-expr"},"0":{"loc":{"start":{"line":2,"column":4},"end":{"line":7,"column":5}},"line":2,"locations":[{"start":{"line":2,"column":4},"end":{"line":7,"column":5}},{"start":{"line":2,"column":4},"end":{"line":7,"column":5}}],"type":"if"},"121":{"loc":{"start":{"line":682,"column":23},"end":{"line":682,"column":75}},"line":682,"locations":[{"start":{"line":682,"column":23},"end":{"line":682,"column":25}},{"start":{"line":682,"column":29},"end":{"line":682,"column":49}},{"start":{"line":682,"column":53},"end":{"line":682,"column":75}}],"type":"binary-expr"},"1":{"loc":{"start":{"line":2,"column":8},"end":{"line":2,"column":63}},"line":2,"locations":[{"start":{"line":2,"column":8},"end":{"line":2,"column":34}},{"start":{"line":2,"column":38},"end":{"line":2,"column":63}}],"type":"binary-expr"},"122":{"loc":{"start":{"line":686,"column":16},"end":{"line":686,"column":149}},"line":686,"locations":[{"start":{"line":686,"column":16},"end":{"line":686,"column":149}},{"start":{"line":686,"column":16},"end":{"line":686,"column":149}}],"type":"if"},"123":{"loc":{"start":{"line":686,"column":20},"end":{"line":686,"column":56}},"line":686,"locations":[{"start":{"line":686,"column":20},"end":{"line":686,"column":42}},{"start":{"line":686,"column":46},"end":{"line":686,"column":56}}],"type":"binary-expr"},"2":{"loc":{"start":{"line":3,"column":9},"end":{"line":7,"column":5}},"line":3,"locations":[{"start":{"line":3,"column":9},"end":{"line":7,"column":5}},{"start":{"line":3,"column":9},"end":{"line":7,"column":5}}],"type":"if"},"124":{"loc":{"start":{"line":687,"column":44},"end":{"line":687,"column":60}},"line":687,"locations":[{"start":{"line":687,"column":44},"end":{"line":687,"column":45}},{"start":{"line":687,"column":49},"end":{"line":687,"column":60}}],"type":"binary-expr"},"3":{"loc":{"start":{"line":3,"column":13},"end":{"line":3,"column":54}},"line":3,"locations":[{"start":{"line":3,"column":13},"end":{"line":3,"column":40}},{"start":{"line":3,"column":44},"end":{"line":3,"column":54}}],"type":"binary-expr"},"125":{"loc":{"start":{"line":694,"column":20},"end":{"line":694,"column":96}},"line":694,"locations":[{"start":{"line":694,"column":20},"end":{"line":694,"column":21}},{"start":{"line":694,"column":26},"end":{"line":694,"column":95}}],"type":"binary-expr"},"4":{"loc":{"start":{"line":5,"column":18},"end":{"line":5,"column":73}},"line":5,"locations":[{"start":{"line":5,"column":47},"end":{"line":5,"column":63}},{"start":{"line":5,"column":66},"end":{"line":5,"column":73}}],"type":"cond-expr"},"126":{"loc":{"start":{"line":694,"column":26},"end":{"line":694,"column":95}},"line":694,"locations":[{"start":{"line":694,"column":50},"end":{"line":694,"column":77}},{"start":{"line":694,"column":80},"end":{"line":694,"column":95}}],"type":"cond-expr"},"5":{"loc":{"start":{"line":6,"column":25},"end":{"line":6,"column":65}},"line":6,"locations":[{"start":{"line":6,"column":54},"end":{"line":6,"column":61}},{"start":{"line":6,"column":64},"end":{"line":6,"column":65}}],"type":"cond-expr"},"127":{"loc":{"start":{"line":703,"column":43},"end":{"line":703,"column":61}},"line":703,"locations":[{"start":{"line":703,"column":43},"end":{"line":703,"column":55}},{"start":{"line":703,"column":59},"end":{"line":703,"column":61}}],"type":"binary-expr"},"6":{"loc":{"start":{"line":11,"column":12},"end":{"line":11,"column":42}},"line":11,"locations":[{"start":{"line":11,"column":12},"end":{"line":11,"column":42}},{"start":{"line":11,"column":12},"end":{"line":11,"column":42}}],"type":"if"},"128":{"loc":{"start":{"line":703,"column":84},"end":{"line":703,"column":117}},"line":703,"locations":[{"start":{"line":703,"column":84},"end":{"line":703,"column":96}},{"start":{"line":703,"column":101},"end":{"line":703,"column":116}}],"type":"binary-expr"},"7":{"loc":{"start":{"line":23,"column":12},"end":{"line":27,"column":14}},"line":23,"locations":[{"start":{"line":23,"column":12},"end":{"line":23,"column":21}},{"start":{"line":23,"column":25},"end":{"line":27,"column":14}}],"type":"binary-expr"},"129":{"loc":{"start":{"line":707,"column":31},"end":{"line":707,"column":53}},"line":707,"locations":[{"start":{"line":707,"column":31},"end":{"line":707,"column":32}},{"start":{"line":707,"column":36},"end":{"line":707,"column":53}}],"type":"binary-expr"},"8":{"loc":{"start":{"line":29,"column":20},"end":{"line":33,"column":13}},"line":29,"locations":[{"start":{"line":29,"column":40},"end":{"line":31,"column":13}},{"start":{"line":31,"column":16},"end":{"line":33,"column":13}}],"type":"cond-expr"},"9":{"loc":{"start":{"line":29,"column":20},"end":{"line":29,"column":37}},"line":29,"locations":[{"start":{"line":29,"column":20},"end":{"line":29,"column":21}},{"start":{"line":29,"column":25},"end":{"line":29,"column":37}}],"type":"binary-expr"},"20":{"loc":{"start":{"line":104,"column":20},"end":{"line":111,"column":21}},"line":104,"locations":[{"start":{"line":104,"column":20},"end":{"line":111,"column":21}},{"start":{"line":104,"column":20},"end":{"line":111,"column":21}}],"type":"if"},"21":{"loc":{"start":{"line":125,"column":20},"end":{"line":125,"column":215}},"line":125,"locations":[{"start":{"line":125,"column":20},"end":{"line":125,"column":27}},{"start":{"line":125,"column":31},"end":{"line":125,"column":215}}],"type":"binary-expr"},"22":{"loc":{"start":{"line":166,"column":20},"end":{"line":177,"column":21}},"line":166,"locations":[{"start":{"line":166,"column":20},"end":{"line":177,"column":21}},{"start":{"line":166,"column":20},"end":{"line":177,"column":21}}],"type":"if"},"23":{"loc":{"start":{"line":193,"column":20},"end":{"line":196,"column":22}},"line":193,"locations":[{"start":{"line":193,"column":27},"end":{"line":193,"column":45}},{"start":{"line":193,"column":48},"end":{"line":196,"column":22}}],"type":"cond-expr"},"24":{"loc":{"start":{"line":204,"column":16},"end":{"line":208,"column":17}},"line":204,"locations":[{"start":{"line":204,"column":16},"end":{"line":208,"column":17}},{"start":{"line":204,"column":16},"end":{"line":208,"column":17}}],"type":"if"},"25":{"loc":{"start":{"line":204,"column":42},"end":{"line":204,"column":147}},"line":204,"locations":[{"start":{"line":204,"column":46},"end":{"line":204,"column":113}},{"start":{"line":204,"column":116},"end":{"line":204,"column":147}}],"type":"cond-expr"},"26":{"loc":{"start":{"line":204,"column":46},"end":{"line":204,"column":113}},"line":204,"locations":[{"start":{"line":204,"column":62},"end":{"line":204,"column":94}},{"start":{"line":204,"column":97},"end":{"line":204,"column":113}}],"type":"cond-expr"},"27":{"loc":{"start":{"line":206,"column":20},"end":{"line":206,"column":135}},"line":206,"locations":[{"start":{"line":206,"column":20},"end":{"line":206,"column":135}},{"start":{"line":206,"column":20},"end":{"line":206,"column":135}}],"type":"if"},"28":{"loc":{"start":{"line":214,"column":16},"end":{"line":214,"column":40}},"line":214,"locations":[{"start":{"line":214,"column":16},"end":{"line":214,"column":22}},{"start":{"line":214,"column":26},"end":{"line":214,"column":40}}],"type":"binary-expr"},"29":{"loc":{"start":{"line":229,"column":16},"end":{"line":236,"column":19}},"line":229,"locations":[{"start":{"line":229,"column":16},"end":{"line":236,"column":19}},{"start":{"line":229,"column":16},"end":{"line":236,"column":19}}],"type":"if"},"130":{"loc":{"start":{"line":707,"column":55},"end":{"line":707,"column":67}},"line":707,"locations":[{"start":{"line":707,"column":55},"end":{"line":707,"column":56}},{"start":{"line":707,"column":60},"end":{"line":707,"column":67}}],"type":"binary-expr"},"131":{"loc":{"start":{"line":717,"column":41},"end":{"line":717,"column":80}},"line":717,"locations":[{"start":{"line":717,"column":41},"end":{"line":717,"column":52}},{"start":{"line":717,"column":56},"end":{"line":717,"column":80}}],"type":"binary-expr"},"132":{"loc":{"start":{"line":746,"column":12},"end":{"line":748,"column":14}},"line":746,"locations":[{"start":{"line":746,"column":12},"end":{"line":746,"column":32}},{"start":{"line":746,"column":37},"end":{"line":748,"column":13}}],"type":"binary-expr"},"133":{"loc":{"start":{"line":750,"column":12},"end":{"line":750,"column":46}},"line":750,"locations":[{"start":{"line":750,"column":12},"end":{"line":750,"column":20}},{"start":{"line":750,"column":25},"end":{"line":750,"column":45}}],"type":"binary-expr"},"30":{"loc":{"start":{"line":231,"column":24},"end":{"line":231,"column":39}},"line":231,"locations":[{"start":{"line":231,"column":24},"end":{"line":231,"column":25}},{"start":{"line":231,"column":30},"end":{"line":231,"column":38}}],"type":"binary-expr"},"31":{"loc":{"start":{"line":232,"column":23},"end":{"line":236,"column":18}},"line":232,"locations":[{"start":{"line":232,"column":212},"end":{"line":234,"column":17}},{"start":{"line":234,"column":22},"end":{"line":236,"column":17}}],"type":"cond-expr"},"32":{"loc":{"start":{"line":232,"column":23},"end":{"line":232,"column":208}},"line":232,"locations":[{"start":{"line":232,"column":23},"end":{"line":232,"column":34}},{"start":{"line":232,"column":38},"end":{"line":232,"column":62}},{"start":{"line":232,"column":66},"end":{"line":232,"column":106}},{"start":{"line":232,"column":110},"end":{"line":232,"column":150}},{"start":{"line":232,"column":154},"end":{"line":232,"column":179}},{"start":{"line":232,"column":183},"end":{"line":232,"column":208}}],"type":"binary-expr"},"33":{"loc":{"start":{"line":233,"column":26},"end":{"line":233,"column":63}},"line":233,"locations":[{"start":{"line":233,"column":26},"end":{"line":233,"column":32}},{"start":{"line":233,"column":36},"end":{"line":233,"column":63}}],"type":"binary-expr"},"34":{"loc":{"start":{"line":239,"column":24},"end":{"line":242,"column":34}},"line":239,"locations":[{"start":{"line":239,"column":24},"end":{"line":242,"column":34}},{"start":{"line":239,"column":24},"end":{"line":242,"column":34}}],"type":"if"},"35":{"loc":{"start":{"line":240,"column":28},"end":{"line":240,"column":110}},"line":240,"locations":[{"start":{"line":240,"column":28},"end":{"line":240,"column":110}},{"start":{"line":240,"column":28},"end":{"line":240,"column":110}}],"type":"if"},"36":{"loc":{"start":{"line":240,"column":32},"end":{"line":240,"column":101}},"line":240,"locations":[{"start":{"line":240,"column":32},"end":{"line":240,"column":47}},{"start":{"line":240,"column":51},"end":{"line":240,"column":70}},{"start":{"line":240,"column":74},"end":{"line":240,"column":101}}],"type":"binary-expr"},"37":{"loc":{"start":{"line":247,"column":24},"end":{"line":247,"column":38}},"line":247,"locations":[{"start":{"line":247,"column":28},"end":{"line":247,"column":30}},{"start":{"line":247,"column":33},"end":{"line":247,"column":38}}],"type":"cond-expr"},"38":{"loc":{"start":{"line":248,"column":16},"end":{"line":253,"column":17}},"line":248,"locations":[{"start":{"line":248,"column":16},"end":{"line":253,"column":17}},{"start":{"line":248,"column":16},"end":{"line":253,"column":17}}],"type":"if"},"39":{"loc":{"start":{"line":252,"column":20},"end":{"line":252,"column":47}},"line":252,"locations":[{"start":{"line":252,"column":20},"end":{"line":252,"column":24}},{"start":{"line":252,"column":28},"end":{"line":252,"column":47}}],"type":"binary-expr"},"40":{"loc":{"start":{"line":252,"column":49},"end":{"line":252,"column":102}},"line":252,"locations":[{"start":{"line":252,"column":60},"end":{"line":252,"column":83}},{"start":{"line":252,"column":86},"end":{"line":252,"column":102}}],"type":"cond-expr"},"41":{"loc":{"start":{"line":259,"column":16},"end":{"line":263,"column":17}},"line":259,"locations":[{"start":{"line":259,"column":16},"end":{"line":263,"column":17}},{"start":{"line":259,"column":16},"end":{"line":263,"column":17}}],"type":"if"},"42":{"loc":{"start":{"line":259,"column":20},"end":{"line":259,"column":51}},"line":259,"locations":[{"start":{"line":259,"column":20},"end":{"line":259,"column":21}},{"start":{"line":259,"column":25},"end":{"line":259,"column":51}}],"type":"binary-expr"},"43":{"loc":{"start":{"line":269,"column":16},"end":{"line":269,"column":146}},"line":269,"locations":[{"start":{"line":269,"column":16},"end":{"line":269,"column":17}},{"start":{"line":269,"column":22},"end":{"line":269,"column":145}}],"type":"binary-expr"},"44":{"loc":{"start":{"line":274,"column":49},"end":{"line":274,"column":76}},"line":274,"locations":[{"start":{"line":274,"column":49},"end":{"line":274,"column":50}},{"start":{"line":274,"column":54},"end":{"line":274,"column":76}}],"type":"binary-expr"},"45":{"loc":{"start":{"line":280,"column":31},"end":{"line":280,"column":77}},"line":280,"locations":[{"start":{"line":280,"column":31},"end":{"line":280,"column":43}},{"start":{"line":280,"column":48},"end":{"line":280,"column":76}}],"type":"binary-expr"},"46":{"loc":{"start":{"line":287,"column":27},"end":{"line":287,"column":84}},"line":287,"locations":[{"start":{"line":287,"column":27},"end":{"line":287,"column":40}},{"start":{"line":287,"column":44},"end":{"line":287,"column":84}}],"type":"binary-expr"},"47":{"loc":{"start":{"line":293,"column":16},"end":{"line":293,"column":169}},"line":293,"locations":[{"start":{"line":293,"column":16},"end":{"line":293,"column":169}},{"start":{"line":293,"column":16},"end":{"line":293,"column":169}}],"type":"if"},"48":{"loc":{"start":{"line":293,"column":20},"end":{"line":293,"column":87}},"line":293,"locations":[{"start":{"line":293,"column":20},"end":{"line":293,"column":47}},{"start":{"line":293,"column":51},"end":{"line":293,"column":56}},{"start":{"line":293,"column":60},"end":{"line":293,"column":87}}],"type":"binary-expr"},"49":{"loc":{"start":{"line":294,"column":20},"end":{"line":294,"column":27}},"line":294,"locations":[{"start":{"line":294,"column":20},"end":{"line":294,"column":21}},{"start":{"line":294,"column":25},"end":{"line":294,"column":27}}],"type":"binary-expr"},"50":{"loc":{"start":{"line":294,"column":29},"end":{"line":294,"column":74}},"line":294,"locations":[{"start":{"line":294,"column":29},"end":{"line":294,"column":51}},{"start":{"line":294,"column":56},"end":{"line":294,"column":73}}],"type":"binary-expr"},"51":{"loc":{"start":{"line":294,"column":76},"end":{"line":294,"column":124}},"line":294,"locations":[{"start":{"line":294,"column":76},"end":{"line":294,"column":97}},{"start":{"line":294,"column":102},"end":{"line":294,"column":123}}],"type":"binary-expr"},"52":{"loc":{"start":{"line":303,"column":24},"end":{"line":305,"column":25}},"line":303,"locations":[{"start":{"line":303,"column":24},"end":{"line":305,"column":25}},{"start":{"line":303,"column":24},"end":{"line":305,"column":25}}],"type":"if"},"53":{"loc":{"start":{"line":308,"column":28},"end":{"line":311,"column":29}},"line":308,"locations":[{"start":{"line":308,"column":28},"end":{"line":311,"column":29}},{"start":{"line":308,"column":28},"end":{"line":311,"column":29}}],"type":"if"},"54":{"loc":{"start":{"line":325,"column":16},"end":{"line":330,"column":17}},"line":325,"locations":[{"start":{"line":325,"column":16},"end":{"line":330,"column":17}},{"start":{"line":325,"column":16},"end":{"line":330,"column":17}}],"type":"if"},"55":{"loc":{"start":{"line":325,"column":20},"end":{"line":325,"column":54}},"line":325,"locations":[{"start":{"line":325,"column":20},"end":{"line":325,"column":28}},{"start":{"line":325,"column":32},"end":{"line":325,"column":54}}],"type":"binary-expr"},"56":{"loc":{"start":{"line":331,"column":16},"end":{"line":337,"column":17}},"line":331,"locations":[{"start":{"line":331,"column":16},"end":{"line":337,"column":17}},{"start":{"line":331,"column":16},"end":{"line":337,"column":17}}],"type":"if"},"57":{"loc":{"start":{"line":334,"column":56},"end":{"line":334,"column":104}},"line":334,"locations":[{"start":{"line":334,"column":56},"end":{"line":334,"column":68}},{"start":{"line":334,"column":73},"end":{"line":334,"column":103}}],"type":"binary-expr"},"58":{"loc":{"start":{"line":343,"column":24},"end":{"line":343,"column":35}},"line":343,"locations":[{"start":{"line":343,"column":24},"end":{"line":343,"column":25}},{"start":{"line":343,"column":29},"end":{"line":343,"column":30}},{"start":{"line":343,"column":34},"end":{"line":343,"column":35}}],"type":"binary-expr"},"59":{"loc":{"start":{"line":345,"column":25},"end":{"line":345,"column":32}},"line":345,"locations":[{"start":{"line":345,"column":25},"end":{"line":345,"column":26}},{"start":{"line":345,"column":30},"end":{"line":345,"column":32}}],"type":"binary-expr"},"60":{"loc":{"start":{"line":346,"column":24},"end":{"line":346,"column":53}},"line":346,"locations":[{"start":{"line":346,"column":24},"end":{"line":346,"column":30}},{"start":{"line":346,"column":35},"end":{"line":346,"column":52}}],"type":"binary-expr"},"61":{"loc":{"start":{"line":352,"column":24},"end":{"line":352,"column":30}},"line":352,"locations":[{"start":{"line":352,"column":24},"end":{"line":352,"column":25}},{"start":{"line":352,"column":29},"end":{"line":352,"column":30}}],"type":"binary-expr"},"62":{"loc":{"start":{"line":358,"column":24},"end":{"line":358,"column":35}},"line":358,"locations":[{"start":{"line":358,"column":24},"end":{"line":358,"column":25}},{"start":{"line":358,"column":29},"end":{"line":358,"column":30}},{"start":{"line":358,"column":34},"end":{"line":358,"column":35}}],"type":"binary-expr"},"63":{"loc":{"start":{"line":359,"column":24},"end":{"line":359,"column":31}},"line":359,"locations":[{"start":{"line":359,"column":24},"end":{"line":359,"column":25}},{"start":{"line":359,"column":29},"end":{"line":359,"column":31}}],"type":"binary-expr"},"64":{"loc":{"start":{"line":360,"column":20},"end":{"line":360,"column":27}},"line":360,"locations":[{"start":{"line":360,"column":20},"end":{"line":360,"column":21}},{"start":{"line":360,"column":25},"end":{"line":360,"column":27}}],"type":"binary-expr"},"65":{"loc":{"start":{"line":361,"column":24},"end":{"line":361,"column":62}},"line":361,"locations":[{"start":{"line":361,"column":48},"end":{"line":361,"column":58}},{"start":{"line":361,"column":61},"end":{"line":361,"column":62}}],"type":"cond-expr"},"66":{"loc":{"start":{"line":362,"column":24},"end":{"line":362,"column":75}},"line":362,"locations":[{"start":{"line":362,"column":45},"end":{"line":362,"column":52}},{"start":{"line":362,"column":55},"end":{"line":362,"column":75}}],"type":"cond-expr"},"67":{"loc":{"start":{"line":363,"column":24},"end":{"line":363,"column":60}},"line":363,"locations":[{"start":{"line":363,"column":45},"end":{"line":363,"column":52}},{"start":{"line":363,"column":55},"end":{"line":363,"column":60}}],"type":"cond-expr"},"68":{"loc":{"start":{"line":365,"column":16},"end":{"line":365,"column":203}},"line":365,"locations":[{"start":{"line":365,"column":16},"end":{"line":365,"column":203}},{"start":{"line":365,"column":16},"end":{"line":365,"column":203}}],"type":"if"},"69":{"loc":{"start":{"line":365,"column":20},"end":{"line":365,"column":73}},"line":365,"locations":[{"start":{"line":365,"column":20},"end":{"line":365,"column":25}},{"start":{"line":365,"column":29},"end":{"line":365,"column":50}},{"start":{"line":365,"column":55},"end":{"line":365,"column":72}}],"type":"binary-expr"},"70":{"loc":{"start":{"line":365,"column":75},"end":{"line":365,"column":124}},"line":365,"locations":[{"start":{"line":365,"column":76},"end":{"line":365,"column":81}},{"start":{"line":365,"column":85},"end":{"line":365,"column":90}},{"start":{"line":365,"column":95},"end":{"line":365,"column":113}},{"start":{"line":365,"column":118},"end":{"line":365,"column":123}}],"type":"binary-expr"},"71":{"loc":{"start":{"line":372,"column":23},"end":{"line":372,"column":32}},"line":372,"locations":[{"start":{"line":372,"column":23},"end":{"line":372,"column":24}},{"start":{"line":372,"column":28},"end":{"line":372,"column":32}}],"type":"binary-expr"},"72":{"loc":{"start":{"line":376,"column":24},"end":{"line":376,"column":35}},"line":376,"locations":[{"start":{"line":376,"column":24},"end":{"line":376,"column":25}},{"start":{"line":376,"column":29},"end":{"line":376,"column":30}},{"start":{"line":376,"column":34},"end":{"line":376,"column":35}}],"type":"binary-expr"},"73":{"loc":{"start":{"line":377,"column":16},"end":{"line":377,"column":92}},"line":377,"locations":[{"start":{"line":377,"column":16},"end":{"lin
[...]
":20},"end":{"line":223,"column":135}},{"start":{"line":223,"column":20},"end":{"line":223,"column":135}}],"type":"if"},"130":{"loc":{"start":{"line":720,"column":84},"end":{"line":720,"column":117}},"line":720,"locations":[{"start":{"line":720,"column":84},"end":{"line":720,"column":96}},{"start":{"line":720,"column":101},"end":{"line":720,"column":116}}],"type":"binary-expr"},"131":{"loc":{"start":{"line":724,"column":31},"end":{"line":724,"column":53}},"line":724,"locations":[{"start":{"line":724,"column":31},"end":{"line":724,"column":32}},{"start":{"line":724,"column":36},"end":{"line":724,"column":53}}],"type":"binary-expr"},"132":{"loc":{"start":{"line":724,"column":55},"end":{"line":724,"column":67}},"line":724,"locations":[{"start":{"line":724,"column":55},"end":{"line":724,"column":56}},{"start":{"line":724,"column":60},"end":{"line":724,"column":67}}],"type":"binary-expr"},"133":{"loc":{"start":{"line":734,"column":41},"end":{"line":734,"column":80}},"line":734,"locations":[{"start":{"line":734,"column":41},"end":{"line":734,"column":52}},{"start":{"line":734,"column":56},"end":{"line":734,"column":80}}],"type":"binary-expr"},"134":{"loc":{"start":{"line":763,"column":12},"end":{"line":765,"column":14}},"line":763,"locations":[{"start":{"line":763,"column":12},"end":{"line":763,"column":32}},{"start":{"line":763,"column":37},"end":{"line":765,"column":13}}],"type":"binary-expr"},"135":{"loc":{"start":{"line":767,"column":12},"end":{"line":767,"column":46}},"line":767,"locations":[{"start":{"line":767,"column":12},"end":{"line":767,"column":20}},{"start":{"line":767,"column":25},"end":{"line":767,"column":45}}],"type":"binary-expr"},"30":{"loc":{"start":{"line":231,"column":16},"end":{"line":231,"column":40}},"line":231,"locations":[{"start":{"line":231,"column":16},"end":{"line":231,"column":22}},{"start":{"line":231,"column":26},"end":{"line":231,"column":40}}],"type":"binary-expr"},"31":{"loc":{"start":{"line":246,"column":16},"end":{"line":253,"column":19}},"line":246,"locations":[{"start":{"line":246,"column":16},"end":{"line":253,"column":19}},{"start":{"line":246,"column":16},"end":{"line":253,"column":19}}],"type":"if"},"32":{"loc":{"start":{"line":248,"column":24},"end":{"line":248,"column":39}},"line":248,"locations":[{"start":{"line":248,"column":24},"end":{"line":248,"column":25}},{"start":{"line":248,"column":30},"end":{"line":248,"column":38}}],"type":"binary-expr"},"33":{"loc":{"start":{"line":249,"column":23},"end":{"line":253,"column":18}},"line":249,"locations":[{"start":{"line":249,"column":212},"end":{"line":251,"column":17}},{"start":{"line":251,"column":22},"end":{"line":253,"column":17}}],"type":"cond-expr"},"34":{"loc":{"start":{"line":249,"column":23},"end":{"line":249,"column":208}},"line":249,"locations":[{"start":{"line":249,"column":23},"end":{"line":249,"column":34}},{"start":{"line":249,"column":38},"end":{"line":249,"column":62}},{"start":{"line":249,"column":66},"end":{"line":249,"column":106}},{"start":{"line":249,"column":110},"end":{"line":249,"column":150}},{"start":{"line":249,"column":154},"end":{"line":249,"column":179}},{"start":{"line":249,"column":183},"end":{"line":249,"column":208}}],"type":"binary-expr"},"35":{"loc":{"start":{"line":250,"column":26},"end":{"line":250,"column":63}},"line":250,"locations":[{"start":{"line":250,"column":26},"end":{"line":250,"column":32}},{"start":{"line":250,"column":36},"end":{"line":250,"column":63}}],"type":"binary-expr"},"36":{"loc":{"start":{"line":256,"column":24},"end":{"line":259,"column":34}},"line":256,"locations":[{"start":{"line":256,"column":24},"end":{"line":259,"column":34}},{"start":{"line":256,"column":24},"end":{"line":259,"column":34}}],"type":"if"},"37":{"loc":{"start":{"line":257,"column":28},"end":{"line":257,"column":110}},"line":257,"locations":[{"start":{"line":257,"column":28},"end":{"line":257,"column":110}},{"start":{"line":257,"column":28},"end":{"line":257,"column":110}}],"type":"if"},"38":{"loc":{"start":{"line":257,"column":32},"end":{"line":257,"column":101}},"line":257,"locations":[{"start":{"line":257,"column":32},"end":{"line":257,"column":47}},{"start":{"line":257,"column":51},"end":{"line":257,"column":70}},{"start":{"line":257,"column":74},"end":{"line":257,"column":101}}],"type":"binary-expr"},"39":{"loc":{"start":{"line":264,"column":24},"end":{"line":264,"column":38}},"line":264,"locations":[{"start":{"line":264,"column":28},"end":{"line":264,"column":30}},{"start":{"line":264,"column":33},"end":{"line":264,"column":38}}],"type":"cond-expr"},"40":{"loc":{"start":{"line":265,"column":16},"end":{"line":270,"column":17}},"line":265,"locations":[{"start":{"line":265,"column":16},"end":{"line":270,"column":17}},{"start":{"line":265,"column":16},"end":{"line":270,"column":17}}],"type":"if"},"41":{"loc":{"start":{"line":269,"column":20},"end":{"line":269,"column":47}},"line":269,"locations":[{"start":{"line":269,"column":20},"end":{"line":269,"column":24}},{"start":{"line":269,"column":28},"end":{"line":269,"column":47}}],"type":"binary-expr"},"42":{"loc":{"start":{"line":269,"column":49},"end":{"line":269,"column":102}},"line":269,"locations":[{"start":{"line":269,"column":60},"end":{"line":269,"column":83}},{"start":{"line":269,"column":86},"end":{"line":269,"column":102}}],"type":"cond-expr"},"43":{"loc":{"start":{"line":276,"column":16},"end":{"line":280,"column":17}},"line":276,"locations":[{"start":{"line":276,"column":16},"end":{"line":280,"column":17}},{"start":{"line":276,"column":16},"end":{"line":280,"column":17}}],"type":"if"},"44":{"loc":{"start":{"line":276,"column":20},"end":{"line":276,"column":51}},"line":276,"locations":[{"start":{"line":276,"column":20},"end":{"line":276,"column":21}},{"start":{"line":276,"column":25},"end":{"line":276,"column":51}}],"type":"binary-expr"},"45":{"loc":{"start":{"line":286,"column":16},"end":{"line":286,"column":146}},"line":286,"locations":[{"start":{"line":286,"column":16},"end":{"line":286,"column":17}},{"start":{"line":286,"column":22},"end":{"line":286,"column":145}}],"type":"binary-expr"},"46":{"loc":{"start":{"line":291,"column":49},"end":{"line":291,"column":76}},"line":291,"locations":[{"start":{"line":291,"column":49},"end":{"line":291,"column":50}},{"start":{"line":291,"column":54},"end":{"line":291,"column":76}}],"type":"binary-expr"},"47":{"loc":{"start":{"line":297,"column":31},"end":{"line":297,"column":77}},"line":297,"locations":[{"start":{"line":297,"column":31},"end":{"line":297,"column":43}},{"start":{"line":297,"column":48},"end":{"line":297,"column":76}}],"type":"binary-expr"},"48":{"loc":{"start":{"line":304,"column":27},"end":{"line":304,"column":84}},"line":304,"locations":[{"start":{"line":304,"column":27},"end":{"line":304,"column":40}},{"start":{"line":304,"column":44},"end":{"line":304,"column":84}}],"type":"binary-expr"},"49":{"loc":{"start":{"line":310,"column":16},"end":{"line":310,"column":169}},"line":310,"locations":[{"start":{"line":310,"column":16},"end":{"line":310,"column":169}},{"start":{"line":310,"column":16},"end":{"line":310,"column":169}}],"type":"if"},"50":{"loc":{"start":{"line":310,"column":20},"end":{"line":310,"column":87}},"line":310,"locations":[{"start":{"line":310,"column":20},"end":{"line":310,"column":47}},{"start":{"line":310,"column":51},"end":{"line":310,"column":56}},{"start":{"line":310,"column":60},"end":{"line":310,"column":87}}],"type":"binary-expr"},"51":{"loc":{"start":{"line":311,"column":20},"end":{"line":311,"column":27}},"line":311,"locations":[{"start":{"line":311,"column":20},"end":{"line":311,"column":21}},{"start":{"line":311,"column":25},"end":{"line":311,"column":27}}],"type":"binary-expr"},"52":{"loc":{"start":{"line":311,"column":29},"end":{"line":311,"column":74}},"line":311,"locations":[{"start":{"line":311,"column":29},"end":{"line":311,"column":51}},{"start":{"line":311,"column":56},"end":{"line":311,"column":73}}],"type":"binary-expr"},"53":{"loc":{"start":{"line":311,"column":76},"end":{"line":311,"column":124}},"line":311,"locations":[{"start":{"line":311,"column":76},"end":{"line":311,"column":97}},{"start":{"line":311,"column":102},"end":{"line":311,"column":123}}],"type":"binary-expr"},"54":{"loc":{"start":{"line":320,"column":24},"end":{"line":322,"column":25}},"line":320,"locations":[{"start":{"line":320,"column":24},"end":{"line":322,"column":25}},{"start":{"line":320,"column":24},"end":{"line":322,"column":25}}],"type":"if"},"55":{"loc":{"start":{"line":325,"column":28},"end":{"line":328,"column":29}},"line":325,"locations":[{"start":{"line":325,"column":28},"end":{"line":328,"column":29}},{"start":{"line":325,"column":28},"end":{"line":328,"column":29}}],"type":"if"},"56":{"loc":{"start":{"line":342,"column":16},"end":{"line":347,"column":17}},"line":342,"locations":[{"start":{"line":342,"column":16},"end":{"line":347,"column":17}},{"start":{"line":342,"column":16},"end":{"line":347,"column":17}}],"type":"if"},"57":{"loc":{"start":{"line":342,"column":20},"end":{"line":342,"column":54}},"line":342,"locations":[{"start":{"line":342,"column":20},"end":{"line":342,"column":28}},{"start":{"line":342,"column":32},"end":{"line":342,"column":54}}],"type":"binary-expr"},"58":{"loc":{"start":{"line":348,"column":16},"end":{"line":354,"column":17}},"line":348,"locations":[{"start":{"line":348,"column":16},"end":{"line":354,"column":17}},{"start":{"line":348,"column":16},"end":{"line":354,"column":17}}],"type":"if"},"59":{"loc":{"start":{"line":351,"column":56},"end":{"line":351,"column":104}},"line":351,"locations":[{"start":{"line":351,"column":56},"end":{"line":351,"column":68}},{"start":{"line":351,"column":73},"end":{"line":351,"column":103}}],"type":"binary-expr"},"60":{"loc":{"start":{"line":360,"column":24},"end":{"line":360,"column":35}},"line":360,"locations":[{"start":{"line":360,"column":24},"end":{"line":360,"column":25}},{"start":{"line":360,"column":29},"end":{"line":360,"column":30}},{"start":{"line":360,"column":34},"end":{"line":360,"column":35}}],"type":"binary-expr"},"61":{"loc":{"start":{"line":362,"column":25},"end":{"line":362,"column":32}},"line":362,"locations":[{"start":{"line":362,"column":25},"end":{"line":362,"column":26}},{"start":{"line":362,"column":30},"end":{"line":362,"column":32}}],"type":"binary-expr"},"62":{"loc":{"start":{"line":363,"column":24},"end":{"line":363,"column":53}},"line":363,"locations":[{"start":{"line":363,"column":24},"end":{"line":363,"column":30}},{"start":{"line":363,"column":35},"end":{"line":363,"column":52}}],"type":"binary-expr"},"63":{"loc":{"start":{"line":369,"column":24},"end":{"line":369,"column":30}},"line":369,"locations":[{"start":{"line":369,"column":24},"end":{"line":369,"column":25}},{"start":{"line":369,"column":29},"end":{"line":369,"column":30}}],"type":"binary-expr"},"64":{"loc":{"start":{"line":375,"column":24},"end":{"line":375,"column":35}},"line":375,"locations":[{"start":{"line":375,"column":24},"end":{"line":375,"column":25}},{"start":{"line":375,"column":29},"end":{"line":375,"column":30}},{"start":{"line":375,"column":34},"end":{"line":375,"column":35}}],"type":"binary-expr"},"65":{"loc":{"start":{"line":376,"column":24},"end":{"line":376,"column":31}},"line":376,"locations":[{"start":{"line":376,"column":24},"end":{"line":376,"column":25}},{"start":{"line":376,"column":29},"end":{"line":376,"column":31}}],"type":"binary-expr"},"66":{"loc":{"start":{"line":377,"column":20},"end":{"line":377,"column":27}},"line":377,"locations":[{"start":{"line":377,"column":20},"end":{"line":377,"column":21}},{"start":{"line":377,"column":25},"end":{"line":377,"column":27}}],"type":"binary-expr"},"67":{"loc":{"start":{"line":378,"column":24},"end":{"line":378,"column":62}},"line":378,"locations":[{"start":{"line":378,"column":48},"end":{"line":378,"column":58}},{"start":{"line":378,"column":61},"end":{"line":378,"column":62}}],"type":"cond-expr"},"68":{"loc":{"start":{"line":379,"column":24},"end":{"line":379,"column":75}},"line":379,"locations":[{"start":{"line":379,"column":45},"end":{"line":379,"column":52}},{"start":{"line":379,"column":55},"end":{"line":379,"column":75}}],"type":"cond-expr"},"69":{"loc":{"start":{"line":380,"column":24},"end":{"line":380,"column":60}},"line":380,"locations":[{"start":{"line":380,"column":45},"end":{"line":380,"column":52}},{"start":{"line":380,"column":55},"end":{"line":380,"column":60}}],"type":"cond-expr"},"70":{"loc":{"start":{"line":382,"column":16},"end":{"line":382,"column":203}},"line":382,"locations":[{"start":{"line":382,"column":16},"end":{"line":382,"column":203}},{"start":{"line":382,"column":16},"end":{"line":382,"column":203}}],"type":"if"},"71":{"loc":{"start":{"line":382,"column":20},"end":{"line":382,"column":73}},"line":382,"locations":[{"start":{"line":382,"column":20},"end":{"line":382,"column":25}},{"start":{"line":382,"column":29},"end":{"line":382,"column":50}},{"start":{"line":382,"column":55},"end":{"line":382,"column":72}}],"type":"binary-expr"},"72":{"loc":{"start":{"line":382,"column":75},"end":{"line":382,"column":124}},"line":382,"locations":[{"start":{"line":382,"column":76},"end":{"line":382,"column":81}},{"start":{"line":382,"column":85},"end":{"line":382,"column":90}},{"start":{"line":382,"column":95},"end":{"line":382,"column":113}},{"start":{"line":382,"column":118},"end":{"line":382,"column":123}}],"type":"binary-expr"},"73":{"loc":{"start":{"line":389,"column":23},"end":{"line":389,"column":32}},"line":389,"locations":[{"start":{"line":389,"column":23},"end":{"line":389,"column":24}},{"start":{"line":389,"column":28},"end":{"line":389,"column":32}}],"type":"binary-expr"},"74":{"loc":{"start":{"line":393,"column":24},"end":{"line":393,"column":35}},"line":393,"locations":[{"start":{"line":393,"column":24},"end":{"line":393,"column":25}},{"start":{"line":393,"column":29},"end":{"line":393,"column":30}},{"start":{"line":393,"column":34},"end":{"line":393,"column":35}}],"type":"binary-expr"},"75":{"loc":{"start":{"line":394,"column":16},"end":{"line":394,"column":92}},"line":394,"locations":[{"start":{"line":394,"column":16},"end":{"line":394,"column":36}},{"start":{"line":394,"column":41},"end":{"line":394,"column":91}}],"type":"binary-expr"},"76":{"loc":{"start":{"line":394,"column":45},"end":{"line":394,"column":81}},"line":394,"locations":[{"start":{"line":394,"column":61},"end":{"line":394,"column":74}},{"start":{"line":394,"column":77},"end":{"line":394,"column":81}}],"type":"cond-expr"},"77":{"loc":{"start":{"line":394,"column":98},"end":{"line":394,"column":105}},"line":394,"locations":[{"start":{"line":394,"column":98},"end":{"line":394,"column":99}},{"start":{"line":394,"column":103},"end":{"line":394,"column":105}}],"type":"binary-expr"},"78":{"loc":{"start":{"line":395,"column":24},"end":{"line":395,"column":50}},"line":395,"locations":[{"start":{"line":395,"column":24},"end":{"line":395,"column":32}},{"start":{"line":395,"column":36},"end":{"line":395,"column":50}}],"type":"binary-expr"},"79":{"loc":{"start":{"line":395,"column":37},"end":{"line":395,"column":47}},"line":395,"locations":[{"start":{"line":395,"column":37},"end":{"line":395,"column":42}},{"start":{"line":395,"column":46},"end":{"line":395,"column":47}}],"type":"binary-expr"},"100":{"loc":{"start":{"line":481,"column":24},"end":{"line":481,"column":55}},"line":481,"locations":[{"start":{"line":481,"column":24},"end":{"line":481,"column":55}},{"start":{"line":481,"column":24},"end":{"line":481,"column":55}}],"type":"if"},"101":{"loc":{"start":{"line":482,"column":24},"end":{"line":482,"column":73}},"line":482,"locations":[{"start":{"line":482,"column":24},"end":{"line":482,"column":73}},{"start":{"line":482,"column":24},"end":{"line":482,"column":73}}],"type":"if"},"102":{"loc":{"start":{"line":490,"column":43},"end":{"line":490,"column":61}},"line":490,"locations":[{"start":{"line":490,"column":43},"end":{"line":490,"column":55}},{"start":{"line":490,"column":59},"end":{"line":490,"column":61}}],"type":"binary-expr"},"103":{"loc":{"start":{"line":490,"column":84},"end":{"line":490,"column":117}},"line":490,"locations":[{"start":{"line":490,"column":84},"end":{"line":490,"column":96}},{"start":{"line":490,"column":101},"end":{"line":490,"column":116}}],"type":"binary-expr"},"104":{"loc":{"start":{"line":494,"column":31},"end":{"line":494,"column":53}},"line":494,"locations":[{"start":{"line":494,"column":31},"end":{"line":494,"column":32}},{"start":{"line":494,"column":36},"end":{"line":494,"column":53}}],"type":"binary-expr"},"105":{"loc":{"start":{"line":494,"column":55},"end":{"line":494,"column":67}},"line":494,"locations":[{"start":{"line":494,"column":55},"end":{"line":494,"column":56}},{"start":{"line":494,"column":60},"end":{"line":494,"column":67}}],"type":"binary-expr"},"106":{"loc":{"start":{"line":508,"column":52},"end":{"line":508,"column":91}},"line":508,"locations":[{"start":{"line":508,"column":52},"end":{"line":508,"column":63}},{"start":{"line":508,"column":67},"end":{"line":508,"column":91}}],"type":"binary-expr"},"107":{"loc":{"start":{"line":588,"column":28},"end":{"line":593,"column":29}},"line":588,"locations":[{"start":{"line":588,"column":28},"end":{"line":593,"column":29}},{"start":{"line":588,"column":28},"end":{"line":593,"column":29}}],"type":"if"},"80":{"loc":{"start":{"line":396,"column":16},"end":{"line":397,"column":65}},"line":396,"locations":[{"start":{"line":396,"column":16},"end":{"line":397,"column":65}},{"start":{"line":396,"column":16},"end":{"line":397,"column":65}}],"type":"if"},"108":{"loc":{"start":{"line":602,"column":28},"end":{"line":602,"column":102}},"line":602,"locations":[{"start":{"line":602,"column":28},"end":{"line":602,"column":72}},{"start":{"line":602,"column":77},"end":{"line":602,"column":101}}],"type":"binary-expr"},"81":{"loc":{"start":{"line":398,"column":23},"end":{"line":398,"column":32}},"line":398,"locations":[{"start":{"line":398,"column":23},"end":{"line":398,"column":24}},{"start":{"line":398,"column":28},"end":{"line":398,"column":32}}],"type":"binary-expr"},"109":{"loc":{"start":{"line":604,"column":28},"end":{"line":604,"column":87}},"line":604,"locations":[{"start":{"line":604,"column":28},"end":{"line":604,"column":76}},{"start":{"line":604,"column":81},"end":{"line":604,"column":86}}],"type":"binary-expr"},"82":{"loc":{"start":{"line":415,"column":20},"end":{"line":415,"column":71}},"line":415,"locations":[{"start":{"line":415,"column":20},"end":{"line":415,"column":21}},{"start":{"line":415,"column":25},"end":{"line":415,"column":50}},{"start":{"line":415,"column":54},"end":{"line":415,"column":71}}],"type":"binary-expr"},"83":{"loc":{"start":{"line":417,"column":16},"end":{"line":417,"column":57}},"line":417,"locations":[{"start":{"line":417,"column":16},"end":{"line":417,"column":41}},{"start":{"line":417,"column":46},"end":{"line":417,"column":56}}],"type":"binary-expr"},"84":{"loc":{"start":{"line":425,"column":23},"end":{"line":427,"column":17}},"line":425,"locations":[{"start":{"line":425,"column":43},"end":{"line":425,"column":44}},{"start":{"line":425,"column":47},"end":{"line":427,"column":17}}],"type":"cond-expr"},"85":{"loc":{"start":{"line":425,"column":23},"end":{"line":425,"column":40}},"line":425,"locations":[{"start":{"line":425,"column":23},"end":{"line":425,"column":24}},{"start":{"line":425,"column":28},"end":{"line":425,"column":40}}],"type":"binary-expr"},"86":{"loc":{"start":{"line":431,"column":16},"end":{"line":434,"column":17}},"line":431,"locations":[{"start":{"line":431,"column":16},"end":{"line":434,"column":17}},{"start":{"line":431,"column":16},"end":{"line":434,"column":17}}],"type":"if"},"87":{"loc":{"start":{"line":439,"column":16},"end":{"line":439,"column":95}},"line":439,"locations":[{"start":{"line":439,"column":16},"end":{"line":439,"column":95}},{"start":{"line":439,"column":16},"end":{"line":439,"column":95}}],"type":"if"}},"_coverageSchema":"332fd63041d2c1bcb487cc26dd0d5f7d97098a6c","hash":"fc87c987402a6c0841553bc6a2579c832cffeaa7"}}