TN:
SF:/Users/umahaea/Documents/workspace/ux-test-platform/src/main/java/origamiV2/jsfiles/appHeader/dist.app-header.js
FN:1,(anonymous_0)
FN:2,t
FN:10,(anonymous_2)
FN:12,(anonymous_3)
FN:14,n
FN:20,(anonymous_5)
FN:31,(anonymous_6)
FN:32,(anonymous_7)
FN:50,n
FN:54,o
FN:58,r
FN:62,(anonymous_11)
FN:64,(anonymous_12)
FN:66,(anonymous_13)
FN:68,(anonymous_14)
FN:70,(anonymous_15)
FN:72,(anonymous_16)
FN:74,(anonymous_17)
FN:76,(anonymous_18)
FN:78,(anonymous_19)
FN:80,(anonymous_20)
FN:83,(anonymous_21)
FN:85,(anonymous_22)
FN:87,(anonymous_23)
FN:89,(anonymous_24)
FN:91,(anonymous_25)
FN:93,(anonymous_26)
FN:96,(anonymous_27)
FN:104,(anonymous_28)
FN:106,(anonymous_29)
FN:109,(anonymous_30)
FN:115,(anonymous_31)
FN:118,(anonymous_32)
FN:125,(anonymous_33)
FN:127,(anonymous_34)
FN:129,(anonymous_35)
FN:131,(anonymous_36)
FN:133,(anonymous_37)
FN:137,(anonymous_38)
FN:139,(anonymous_39)
FN:145,(anonymous_40)
FN:148,(anonymous_41)
FN:150,(anonymous_42)
FN:153,(anonymous_43)
FN:157,(anonymous_44)
FN:160,(anonymous_45)
FN:167,(anonymous_46)
FN:174,(anonymous_47)
FN:177,(anonymous_48)
FN:180,(anonymous_49)
FN:183,(anonymous_50)
FN:186,(anonymous_51)
FN:189,(anonymous_52)
FN:193,(anonymous_53)
FN:200,(anonymous_54)
FN:204,(anonymous_55)
FN:206,(anonymous_56)
FN:208,(anonymous_57)
FN:210,(anonymous_58)
FN:213,(anonymous_59)
FN:215,(anonymous_60)
FN:218,(anonymous_61)
FN:232,(anonymous_62)
FN:234,(anonymous_63)
FN:236,(anonymous_64)
FN:240,(anonymous_65)
FN:244,(anonymous_66)
FN:247,(anonymous_67)
FN:251,(anonymous_68)
FN:262,(anonymous_69)
FN:263,(anonymous_70)
FN:265,(anonymous_71)
FN:271,(anonymous_72)
FN:283,(anonymous_73)
FN:284,o
FN:298,r
FN:306,i
FN:314,a
FN:320,d
FN:325,s
FN:330,l
FN:335,(anonymous_81)
FN:337,(anonymous_82)
FN:340,(anonymous_83)
FN:348,u
FN:356,p
FN:364,h
FN:371,(anonymous_87)
FN:373,(anonymous_88)
FN:376,(anonymous_89)
FN:378,(anonymous_90)
FN:381,(anonymous_91)
FN:384,(anonymous_92)
FN:402,(anonymous_93)
FN:404,(anonymous_94)
FN:408,(anonymous_95)
FN:410,n
FN:415,(anonymous_97)
FN:418,(anonymous_98)
FN:420,(anonymous_99)
FN:423,(anonymous_100)
FN:426,(anonymous_101)
FN:428,(anonymous_102)
FN:430,n
FN:434,o
FN:438,r
FN:442,i
FN:446,(anonymous_107)
FN:457,(anonymous_108)
FN:459,(anonymous_109)
FN:469,(anonymous_110)
FN:479,(anonymous_111)
FN:498,(anonymous_112)
FN:501,(anonymous_113)
FN:507,(anonymous_114)
FN:510,(anonymous_115)
FN:521,(anonymous_116)
FN:524,(anonymous_117)
FN:525,n
FN:529,o
FN:533,r
FN:547,i
FN:561,a
FN:565,d
FN:577,s
FN:581,l
FN:585,(anonymous_126)
FN:598,(anonymous_127)
FN:602,(anonymous_128)
FN:604,(anonymous_129)
FN:606,(anonymous_130)
FN:608,(anonymous_131)
FN:610,(anonymous_132)
FN:612,(anonymous_133)
FN:615,(anonymous_134)
FN:620,(anonymous_135)
FN:622,(anonymous_136)
FN:624,(anonymous_137)
FN:626,(anonymous_138)
FN:628,(anonymous_139)
FN:630,o
FN:634,r
FN:657,(anonymous_142)
FN:659,(anonymous_143)
FN:663,(anonymous_144)
FN:665,(anonymous_145)
FN:668,(anonymous_146)
FN:670,(anonymous_147)
FN:672,(anonymous_148)
FN:676,(anonymous_149)
FN:685,(anonymous_150)
FN:687,(anonymous_151)
FN:690,(anonymous_152)
FN:692,(anonymous_153)
FN:693,e
FN:720,(anonymous_155)
FN:726,(anonymous_156)
FN:746,(anonymous_157)
FN:747,n
FN:748,(anonymous_159)
FN:757,(anonymous_160)
FN:762,(anonymous_161)
FN:765,(anonymous_162)
FN:774,(anonymous_163)
FN:777,(anonymous_164)
FN:778,o
FN:779,(anonymous_166)
FN:781,(anonymous_167)
FN:782,(anonymous_168)
FN:785,(anonymous_169)
FN:787,(anonymous_170)
FN:788,(anonymous_171)
FN:790,(anonymous_172)
FN:791,(anonymous_173)
FN:800,(anonymous_174)
FN:802,o
FN:808,(anonymous_176)
FN:820,(anonymous_177)
FN:822,(anonymous_178)
FN:828,(anonymous_179)
FN:830,n
FN:839,(anonymous_181)
FN:841,o
FN:842,t
FN:846,n
FN:859,i
FN:872,(anonymous_186)
FN:881,r
FN:888,i
FN:892,a
FN:894,(anonymous_190)
FN:899,d
FN:907,(anonymous_192)
FN:910,(anonymous_193)
FN:912,(anonymous_194)
FN:916,(anonymous_195)
FN:918,(anonymous_196)
FN:920,n
FN:927,o
FN:932,r
FN:937,i
FN:945,a
FN:950,(anonymous_202)
FN:952,(anonymous_203)
FNF:204
FNH:128
FNDA:1,(anonymous_0)
FNDA:28,t
FNDA:1,(anonymous_2)
FNDA:1,(anonymous_3)
FNDA:0,n
FNDA:0,(anonymous_5)
FNDA:1,(anonymous_6)
FNDA:1,(anonymous_7)
FNDA:1,n
FNDA:1,o
FNDA:51,r
FNDA:142,(anonymous_11)
FNDA:42,(anonymous_12)
FNDA:50,(anonymous_13)
FNDA:42,(anonymous_14)
FNDA:41,(anonymous_15)
FNDA:0,(anonymous_16)
FNDA:0,(anonymous_17)
FNDA:50,(anonymous_18)
FNDA:0,(anonymous_19)
FNDA:1,(anonymous_20)
FNDA:1,(anonymous_21)
FNDA:1,(anonymous_22)
FNDA:401,(anonymous_23)
FNDA:0,(anonymous_24)
FNDA:104,(anonymous_25)
FNDA:51,(anonymous_26)
FNDA:347,(anonymous_27)
FNDA:59,(anonymous_28)
FNDA:2,(anonymous_29)
FNDA:0,(anonymous_30)
FNDA:61,(anonymous_31)
FNDA:66,(anonymous_32)
FNDA:0,(anonymous_33)
FNDA:42,(anonymous_34)
FNDA:42,(anonymous_35)
FNDA:41,(anonymous_36)
FNDA:41,(anonymous_37)
FNDA:50,(anonymous_38)
FNDA:1,(anonymous_39)
FNDA:12,(anonymous_40)
FNDA:50,(anonymous_41)
FNDA:6,(anonymous_42)
FNDA:0,(anonymous_43)
FNDA:0,(anonymous_44)
FNDA:50,(anonymous_45)
FNDA:42,(anonymous_46)
FNDA:42,(anonymous_47)
FNDA:42,(anonymous_48)
FNDA:50,(anonymous_49)
FNDA:42,(anonymous_50)
FNDA:50,(anonymous_51)
FNDA:42,(anonymous_52)
FNDA:1,(anonymous_53)
FNDA:1,(anonymous_54)
FNDA:91,(anonymous_55)
FNDA:0,(anonymous_56)
FNDA:0,(anonymous_57)
FNDA:41,(anonymous_58)
FNDA:0,(anonymous_59)
FNDA:0,(anonymous_60)
FNDA:41,(anonymous_61)
FNDA:0,(anonymous_62)
FNDA:0,(anonymous_63)
FNDA:0,(anonymous_64)
FNDA:41,(anonymous_65)
FNDA:0,(anonymous_66)
FNDA:0,(anonymous_67)
FNDA:9,(anonymous_68)
FNDA:1,(anonymous_69)
FNDA:1,(anonymous_70)
FNDA:0,(anonymous_71)
FNDA:0,(anonymous_72)
FNDA:1,(anonymous_73)
FNDA:1,o
FNDA:1,r
FNDA:1,i
FNDA:0,a
FNDA:1,d
FNDA:0,s
FNDA:1,l
FNDA:0,(anonymous_81)
FNDA:0,(anonymous_82)
FNDA:0,(anonymous_83)
FNDA:0,u
FNDA:1,p
FNDA:0,h
FNDA:2,(anonymous_87)
FNDA:2,(anonymous_88)
FNDA:1,(anonymous_89)
FNDA:1,(anonymous_90)
FNDA:1,(anonymous_91)
FNDA:0,(anonymous_92)
FNDA:1,(anonymous_93)
FNDA:0,(anonymous_94)
FNDA:1,(anonymous_95)
FNDA:0,n
FNDA:1,(anonymous_97)
FNDA:1,(anonymous_98)
FNDA:1,(anonymous_99)
FNDA:0,(anonymous_100)
FNDA:1,(anonymous_101)
FNDA:1,(anonymous_102)
FNDA:2,n
FNDA:0,o
FNDA:17,r
FNDA:0,i
FNDA:2,(anonymous_107)
FNDA:4,(anonymous_108)
FNDA:4,(anonymous_109)
FNDA:0,(anonymous_110)
FNDA:2,(anonymous_111)
FNDA:2,(anonymous_112)
FNDA:1,(anonymous_113)
FNDA:0,(anonymous_114)
FNDA:1,(anonymous_115)
FNDA:2,(anonymous_116)
FNDA:1,(anonymous_117)
FNDA:0,n
FNDA:0,o
FNDA:0,r
FNDA:0,i
FNDA:0,a
FNDA:0,d
FNDA:0,s
FNDA:0,l
FNDA:1,(anonymous_126)
FNDA:0,(anonymous_127)
FNDA:0,(anonymous_128)
FNDA:0,(anonymous_129)
FNDA:0,(anonymous_130)
FNDA:0,(anonymous_131)
FNDA:0,(anonymous_132)
FNDA:0,(anonymous_133)
FNDA:1,(anonymous_134)
FNDA:1,(anonymous_135)
FNDA:1,(anonymous_136)
FNDA:1,(anonymous_137)
FNDA:1,(anonymous_138)
FNDA:1,(anonymous_139)
FNDA:1,o
FNDA:0,r
FNDA:0,(anonymous_142)
FNDA:1,(anonymous_143)
FNDA:0,(anonymous_144)
FNDA:0,(anonymous_145)
FNDA:0,(anonymous_146)
FNDA:1,(anonymous_147)
FNDA:1,(anonymous_148)
FNDA:1,(anonymous_149)
FNDA:4,(anonymous_150)
FNDA:1,(anonymous_151)
FNDA:1,(anonymous_152)
FNDA:1,(anonymous_153)
FNDA:7,e
FNDA:0,(anonymous_155)
FNDA:0,(anonymous_156)
FNDA:2,(anonymous_157)
FNDA:2,n
FNDA:0,(anonymous_159)
FNDA:1,(anonymous_160)
FNDA:1,(anonymous_161)
FNDA:0,(anonymous_162)
FNDA:1,(anonymous_163)
FNDA:1,(anonymous_164)
FNDA:1,o
FNDA:0,(anonymous_166)
FNDA:0,(anonymous_167)
FNDA:0,(anonymous_168)
FNDA:0,(anonymous_169)
FNDA:7,(anonymous_170)
FNDA:0,(anonymous_171)
FNDA:0,(anonymous_172)
FNDA:0,(anonymous_173)
FNDA:1,(anonymous_174)
FNDA:1,o
FNDA:6,(anonymous_176)
FNDA:1,(anonymous_177)
FNDA:1,(anonymous_178)
FNDA:1,(anonymous_179)
FNDA:1,n
FNDA:1,(anonymous_181)
FNDA:1,o
FNDA:1,t
FNDA:0,n
FNDA:0,i
FNDA:1,(anonymous_186)
FNDA:0,r
FNDA:3,i
FNDA:1,a
FNDA:0,(anonymous_190)
FNDA:1,d
FNDA:2,(anonymous_192)
FNDA:0,(anonymous_193)
FNDA:1,(anonymous_194)
FNDA:1,(anonymous_195)
FNDA:1,(anonymous_196)
FNDA:1,n
FNDA:0,o
FNDA:0,r
FNDA:0,i
FNDA:0,a
FNDA:1,(anonymous_202)
FNDA:1,(anonymous_203)
DA:1,1
DA:3,28
DA:4,26
DA:5,26
DA:8,1
DA:9,1
DA:11,1
DA:15,0
DA:16,0
DA:19,1
DA:20,1
DA:21,0
DA:22,0
DA:23,0
DA:24,0
DA:25,0
DA:26,0
DA:29,0
DA:32,1
DA:51,1
DA:55,1
DA:59,51
DA:62,1
DA:63,142
DA:65,42
DA:67,50
DA:69,42
DA:71,41
DA:73,0
DA:75,0
DA:77,50
DA:79,0
DA:81,1
DA:83,1
DA:84,1
DA:85,1
DA:86,1
DA:87,1
DA:88,401
DA:89,1
DA:90,0
DA:91,1
DA:92,104
DA:93,1
DA:94,51
DA:95,51
DA:96,1
DA:97,347
DA:98,347
DA:99,10
DA:100,10
DA:102,347
DA:104,1
DA:105,59
DA:107,2
DA:109,1
DA:110,0
DA:111,0
DA:112,0
DA:113,0
DA:115,1
DA:116,61
DA:117,61
DA:118,1
DA:119,66
DA:120,66
DA:121,61
DA:122,61
DA:125,1
DA:127,1
DA:128,42
DA:129,1
DA:130,42
DA:131,1
DA:132,41
DA:133,1
DA:134,41
DA:135,41
DA:136,41
DA:137,1
DA:138,50
DA:139,1
DA:140,1
DA:141,2
DA:142,2
DA:144,1
DA:145,1
DA:146,12
DA:147,12
DA:148,1
DA:149,50
DA:150,1
DA:151,6
DA:153,1
DA:154,0
DA:155,0
DA:157,1
DA:158,0
DA:159,0
DA:160,1
DA:161,50
DA:162,50
DA:163,50
DA:164,50
DA:166,50
DA:167,1
DA:168,42
DA:169,42
DA:170,0
DA:171,0
DA:172,0
DA:174,1
DA:175,42
DA:176,42
DA:177,1
DA:178,42
DA:179,42
DA:180,1
DA:181,50
DA:182,50
DA:183,1
DA:184,42
DA:185,42
DA:186,1
DA:187,50
DA:188,50
DA:189,1
DA:190,42
DA:191,42
DA:193,1
DA:194,1
DA:195,1
DA:196,0
DA:197,0
DA:200,1
DA:201,1
DA:203,1
DA:204,1
DA:205,91
DA:206,1
DA:207,0
DA:208,1
DA:209,0
DA:210,1
DA:211,41
DA:212,41
DA:213,1
DA:214,0
DA:215,1
DA:216,0
DA:218,1
DA:219,41
DA:220,41
DA:221,20
DA:222,20
DA:224,50
DA:225,41
DA:226,20
DA:227,20
DA:228,25
DA:229,25
DA:231,41
DA:233,0
DA:235,0
DA:237,0
DA:238,0
DA:239,0
DA:241,41
DA:242,41
DA:243,41
DA:245,0
DA:246,0
DA:248,0
DA:249,0
DA:250,0
DA:252,9
DA:253,9
DA:254,9
DA:255,9
DA:256,9
DA:257,9
DA:259,9
DA:263,1
DA:264,1
DA:265,1
DA:266,0
DA:267,0
DA:268,0
DA:270,0
DA:272,0
DA:273,0
DA:274,0
DA:275,0
DA:277,0
DA:278,0
DA:279,0
DA:285,1
DA:286,1
DA:287,1
DA:288,0
DA:289,0
DA:290,0
DA:292,1
DA:293,1
DA:299,1
DA:300,1
DA:301,1
DA:303,1
DA:307,1
DA:308,1
DA:309,1
DA:310,1
DA:315,0
DA:316,0
DA:317,0
DA:321,1
DA:322,1
DA:326,0
DA:327,0
DA:332,1
DA:333,0
DA:334,0
DA:335,1
DA:336,0
DA:338,0
DA:340,1
DA:341,0
DA:342,0
DA:343,0
DA:344,0
DA:349,0
DA:350,0
DA:351,0
DA:352,0
DA:357,1
DA:358,1
DA:359,1
DA:360,1
DA:365,0
DA:366,0
DA:367,0
DA:368,0
DA:371,1
DA:373,2
DA:374,2
DA:376,1
DA:377,1
DA:378,1
DA:379,1
DA:380,1
DA:381,1
DA:382,1
DA:383,1
DA:384,1
DA:385,0
DA:386,0
DA:387,0
DA:389,0
DA:390,0
DA:391,0
DA:393,0
DA:394,0
DA:395,0
DA:396,0
DA:397,0
DA:402,1
DA:403,1
DA:404,1
DA:405,0
DA:411,0
DA:414,1
DA:417,1
DA:418,1
DA:419,1
DA:420,1
DA:421,1
DA:423,1
DA:424,0
DA:427,1
DA:431,2
DA:435,0
DA:439,17
DA:443,0
DA:446,1
DA:447,2
DA:448,2
DA:449,0
DA:450,0
DA:452,2
DA:453,2
DA:454,2
DA:455,2
DA:456,2
DA:458,4
DA:461,4
DA:462,4
DA:463,4
DA:471,0
DA:472,0
DA:473,0
DA:474,0
DA:476,0
DA:477,0
DA:478,0
DA:480,2
DA:481,2
DA:482,2
DA:484,0
DA:485,0
DA:487,0
DA:488,0
DA:490,2
DA:492,2
DA:493,17
DA:494,17
DA:495,15
DA:499,2
DA:501,1
DA:502,1
DA:503,1
DA:504,1
DA:507,1
DA:508,0
DA:520,1
DA:521,1
DA:522,2
DA:526,0
DA:530,0
DA:534,0
DA:535,0
DA:536,0
DA:537,0
DA:539,0
DA:540,0
DA:542,0
DA:548,0
DA:549,0
DA:550,0
DA:551,0
DA:553,0
DA:554,0
DA:556,0
DA:562,0
DA:566,0
DA:567,0
DA:568,0
DA:569,0
DA:570,0
DA:571,0
DA:573,0
DA:578,0
DA:584,1
DA:585,1
DA:586,1
DA:587,1
DA:589,0
DA:591,1
DA:592,1
DA:594,0
DA:597,1
DA:598,1
DA:599,0
DA:600,0
DA:601,0
DA:603,0
DA:605,0
DA:607,0
DA:609,0
DA:611,0
DA:613,0
DA:616,1
DA:617,1
DA:618,1
DA:619,1
DA:621,1
DA:623,1
DA:625,1
DA:627,1
DA:631,1
DA:637,1
DA:638,1
DA:658,0
DA:660,1
DA:661,1
DA:662,1
DA:664,0
DA:666,0
DA:667,0
DA:669,0
DA:671,1
DA:673,1
DA:674,1
DA:675,1
DA:677,1
DA:678,1
DA:679,0
DA:680,0
DA:682,0
DA:684,0
DA:686,4
DA:688,1
DA:689,1
DA:691,1
DA:694,7
DA:695,7
DA:696,7
DA:697,7
DA:698,7
DA:701,1
DA:702,1
DA:703,1
DA:704,1
DA:705,2
DA:706,1
DA:712,1
DA:713,0
DA:717,0
DA:718,0
DA:719,0
DA:720,0
DA:721,0
DA:722,0
DA:726,1
DA:727,0
DA:748,2
DA:749,0
DA:753,2
DA:754,2
DA:755,0
DA:756,0
DA:758,1
DA:762,1
DA:763,1
DA:766,0
DA:767,0
DA:768,0
DA:769,0
DA:770,0
DA:772,0
DA:775,1
DA:776,1
DA:779,1
DA:780,0
DA:782,0
DA:783,0
DA:786,0
DA:788,7
DA:789,0
DA:791,0
DA:792,0
DA:798,1
DA:799,1
DA:803,1
DA:804,1
DA:807,1
DA:808,1
DA:809,6
DA:822,1
DA:823,1
DA:824,1
DA:825,1
DA:831,1
DA:832,1
DA:833,1
DA:834,1
DA:838,1
DA:843,1
DA:847,0
DA:848,0
DA:849,0
DA:850,0
DA:851,0
DA:852,0
DA:853,0
DA:854,0
DA:860,0
DA:863,1
DA:864,1
DA:865,1
DA:866,1
DA:867,1
DA:868,1
DA:869,1
DA:870,1
DA:871,1
DA:872,1
DA:873,1
DA:876,1
DA:877,1
DA:882,0
DA:883,0
DA:884,0
DA:889,3
DA:893,1
DA:894,1
DA:895,0
DA:900,1
DA:901,1
DA:902,1
DA:906,1
DA:907,1
DA:908,2
DA:909,2
DA:911,0
DA:913,1
DA:914,1
DA:917,1
DA:921,1
DA:922,1
DA:923,1
DA:928,0
DA:929,0
DA:933,0
DA:934,0
DA:939,0
DA:940,0
DA:941,0
DA:942,0
DA:946,0
DA:949,1
DA:952,1
DA:953,1
DA:955,1
LF:523
LH:326
BRDA:3,0,0,2
BRDA:3,0,1,26
BRDA:15,1,0,0
BRDA:15,1,1,0
BRDA:15,2,0,0
BRDA:15,2,1,0
BRDA:20,3,0,1
BRDA:20,3,1,0
BRDA:23,4,0,0
BRDA:23,4,1,0
BRDA:24,5,0,0
BRDA:24,5,1,0
BRDA:26,6,0,0
BRDA:26,6,1,0
BRDA:55,7,0,1
BRDA:55,7,1,0
BRDA:55,8,0,1
BRDA:55,8,1,0
BRDA:77,9,0,50
BRDA:77,9,1,0
BRDA:79,10,0,0
BRDA:79,10,1,0
BRDA:81,11,0,1
BRDA:81,11,1,0
BRDA:81,11,2,0
BRDA:81,12,0,1
BRDA:81,12,1,0
BRDA:81,12,2,0
BRDA:98,13,0,10
BRDA:98,13,1,337
BRDA:100,14,0,10
BRDA:100,14,1,1
BRDA:105,15,0,0
BRDA:105,15,1,59
BRDA:110,16,0,0
BRDA:110,16,1,0
BRDA:113,17,0,0
BRDA:113,17,1,0
BRDA:117,18,0,2
BRDA:117,18,1,59
BRDA:117,19,0,61
BRDA:117,19,1,61
BRDA:120,20,0,61
BRDA:120,20,1,5
BRDA:121,21,0,61
BRDA:121,21,1,61
BRDA:128,22,0,0
BRDA:128,22,1,42
BRDA:128,23,0,42
BRDA:128,23,1,0
BRDA:130,24,0,42
BRDA:130,24,1,42
BRDA:130,24,2,0
BRDA:132,25,0,0
BRDA:132,25,1,41
BRDA:135,26,0,29
BRDA:135,26,1,12
BRDA:135,27,0,0
BRDA:135,27,1,41
BRDA:138,28,0,9
BRDA:138,28,1,41
BRDA:142,29,0,2
BRDA:142,29,1,0
BRDA:147,30,0,12
BRDA:147,30,1,1
BRDA:149,31,0,50
BRDA:149,31,1,6
BRDA:153,32,0,1
BRDA:153,32,1,0
BRDA:155,33,0,0
BRDA:155,33,1,0
BRDA:159,34,0,0
BRDA:159,34,1,0
BRDA:162,35,0,0
BRDA:162,35,1,50
BRDA:162,36,0,50
BRDA:162,36,1,0
BRDA:164,37,0,0
BRDA:164,37,1,50
BRDA:164,38,0,0
BRDA:164,38,1,0
BRDA:164,39,0,50
BRDA:164,39,1,6
BRDA:164,40,0,0
BRDA:164,40,1,50
BRDA:164,41,0,50
BRDA:164,41,1,0
BRDA:169,42,0,0
BRDA:169,42,1,42
BRDA:169,43,0,42
BRDA:169,43,1,42
BRDA:169,43,2,0
BRDA:169,43,3,0
BRDA:170,44,0,0
BRDA:170,44,1,0
BRDA:171,45,0,0
BRDA:171,45,1,0
BRDA:193,46,0,1
BRDA:193,46,1,0
BRDA:195,47,0,0
BRDA:195,47,1,1
BRDA:196,48,0,0
BRDA:196,48,1,0
BRDA:201,49,0,1
BRDA:201,49,1,1
BRDA:204,50,0,1
BRDA:204,50,1,0
BRDA:205,51,0,0
BRDA:205,51,1,91
BRDA:207,52,0,0
BRDA:207,52,1,0
BRDA:209,53,0,0
BRDA:209,53,1,0
BRDA:212,54,0,0
BRDA:212,54,1,41
BRDA:219,55,0,41
BRDA:219,55,1,41
BRDA:220,56,0,20
BRDA:220,56,1,0
BRDA:225,57,0,20
BRDA:225,57,1,21
BRDA:225,58,0,41
BRDA:225,58,1,0
BRDA:233,59,0,0
BRDA:233,59,1,0
BRDA:235,60,0,0
BRDA:235,60,1,0
BRDA:237,61,0,0
BRDA:237,61,1,0
BRDA:241,62,0,41
BRDA:241,62,1,41
BRDA:248,63,0,0
BRDA:248,63,1,0
BRDA:252,64,0,9
BRDA:252,64,1,9
BRDA:254,65,0,9
BRDA:254,65,1,0
BRDA:268,66,0,0
BRDA:268,66,1,0
BRDA:272,67,0,0
BRDA:272,67,1,0
BRDA:275,68,0,0
BRDA:275,68,1,0
BRDA:279,69,0,0
BRDA:279,69,1,0
BRDA:279,69,2,0
BRDA:279,70,0,0
BRDA:279,70,1,0
BRDA:279,71,0,0
BRDA:279,71,1,0
BRDA:279,72,0,0
BRDA:279,72,1,0
BRDA:287,73,0,0
BRDA:287,73,1,1
BRDA:301,74,0,0
BRDA:301,74,1,1
BRDA:308,75,0,0
BRDA:308,75,1,1
BRDA:308,76,0,0
BRDA:308,76,1,0
BRDA:308,77,0,0
BRDA:308,77,1,0
BRDA:309,78,0,0
BRDA:309,78,1,1
BRDA:317,79,0,0
BRDA:317,79,1,0
BRDA:332,80,0,0
BRDA:332,80,1,1
BRDA:334,81,0,0
BRDA:334,81,1,0
BRDA:335,82,0,0
BRDA:335,82,1,1
BRDA:335,83,0,1
BRDA:335,83,1,0
BRDA:335,83,2,0
BRDA:335,83,3,0
BRDA:335,83,4,0
BRDA:335,83,5,0
BRDA:336,84,0,0
BRDA:336,84,1,0
BRDA:341,85,0,0
BRDA:341,85,1,0
BRDA:342,86,0,0
BRDA:342,86,1,0
BRDA:342,87,0,0
BRDA:342,87,1,0
BRDA:342,87,2,0
BRDA:349,88,0,0
BRDA:349,88,1,0
BRDA:350,89,0,0
BRDA:350,89,1,0
BRDA:352,90,0,0
BRDA:352,90,1,0
BRDA:352,91,0,0
BRDA:352,91,1,0
BRDA:358,92,0,0
BRDA:358,92,1,1
BRDA:358,93,0,1
BRDA:358,93,1,0
BRDA:366,94,0,0
BRDA:366,94,1,0
BRDA:368,95,0,0
BRDA:368,95,1,0
BRDA:374,96,0,2
BRDA:374,96,1,2
BRDA:379,97,0,1
BRDA:379,97,1,0
BRDA:382,98,0,1
BRDA:382,98,1,0
BRDA:382,99,0,1
BRDA:382,99,1,1
BRDA:382,100,0,1
BRDA:382,100,1,1
BRDA:389,101,0,0
BRDA:389,101,1,0
BRDA:395,102,0,0
BRDA:395,102,1,0
BRDA:419,103,0,0
BRDA:419,103,1,1
BRDA:421,104,0,1
BRDA:421,104,1,0
BRDA:421,105,0,1
BRDA:421,105,1,1
BRDA:421,105,2,1
BRDA:421,106,0,0
BRDA:421,106,1,0
BRDA:431,107,0,2
BRDA:431,107,1,2
BRDA:439,108,0,0
BRDA:439,108,1,17
BRDA:448,109,0,0
BRDA:448,109,1,2
BRDA:449,110,0,0
BRDA:449,110,1,0
BRDA:450,111,0,0
BRDA:450,111,1,0
BRDA:452,112,0,0
BRDA:452,112,1,2
BRDA:452,113,0,2
BRDA:452,113,1,2
BRDA:452,114,0,0
BRDA:452,114,1,0
BRDA:454,115,0,0
BRDA:454,115,1,0
BRDA:455,116,0,0
BRDA:455,116,1,0
BRDA:461,117,0,0
BRDA:461,117,1,4
BRDA:462,118,0,0
BRDA:462,118,1,4
BRDA:462,119,0,4
BRDA:462,119,1,2
BRDA:462,120,0,4
BRDA:462,120,1,4
BRDA:463,121,0,0
BRDA:463,121,1,4
BRDA:463,122,0,4
BRDA:463,122,1,3
BRDA:463,123,0,3
BRDA:463,123,1,3
BRDA:463,124,0,2
BRDA:463,124,1,2
BRDA:463,125,0,0
BRDA:463,125,1,2
BRDA:463,126,0,0
BRDA:463,126,1,2
BRDA:471,127,0,0
BRDA:471,127,1,0
BRDA:471,128,0,0
BRDA:471,128,1,0
BRDA:472,129,0,0
BRDA:472,129,1,0
BRDA:472,130,0,0
BRDA:472,130,1,0
BRDA:473,131,0,0
BRDA:473,131,1,0
BRDA:476,132,0,0
BRDA:476,132,1,0
BRDA:476,133,0,0
BRDA:476,133,1,0
BRDA:477,134,0,0
BRDA:477,134,1,0
BRDA:477,134,2,0
BRDA:477,134,3,0
BRDA:477,134,4,0
BRDA:478,135,0,0
BRDA:478,135,1,0
BRDA:478,136,0,0
BRDA:478,136,1,0
BRDA:481,137,0,2
BRDA:481,137,1,0
BRDA:482,138,0,0
BRDA:482,138,1,0
BRDA:482,138,2,2
BRDA:482,139,0,2
BRDA:482,139,1,0
BRDA:482,140,0,2
BRDA:482,140,1,0
BRDA:482,141,0,0
BRDA:482,141,1,0
BRDA:487,142,0,0
BRDA:487,142,1,0
BRDA:487,142,2,0
BRDA:487,143,0,0
BRDA:487,143,1,0
BRDA:487,143,2,0
BRDA:492,144,0,17
BRDA:492,144,1,17
BRDA:493,145,0,34
BRDA:493,145,1,17
BRDA:493,146,0,0
BRDA:493,146,1,17
BRDA:493,147,0,17
BRDA:493,147,1,2
BRDA:494,148,0,2
BRDA:494,148,1,15
BRDA:502,149,0,1
BRDA:502,149,1,0
BRDA:504,150,0,1
BRDA:504,150,1,0
BRDA:504,150,2,0
BRDA:504,150,3,0
BRDA:504,150,4,0
BRDA:504,150,5,0
BRDA:534,151,0,0
BRDA:534,151,1,0
BRDA:535,152,0,0
BRDA:535,152,1,0
BRDA:535,153,0,0
BRDA:535,153,1,0
BRDA:535,153,2,0
BRDA:548,154,0,0
BRDA:548,154,1,0
BRDA:549,155,0,0
BRDA:549,155,1,0
BRDA:549,156,0,0
BRDA:549,156,1,0
BRDA:549,156,2,0
BRDA:562,157,0,0
BRDA:562,157,1,0
BRDA:562,157,2,0
BRDA:562,158,0,0
BRDA:562,158,1,0
BRDA:562,159,0,0
BRDA:562,159,1,0
BRDA:566,160,0,0
BRDA:566,160,1,0
BRDA:570,161,0,0
BRDA:570,161,1,0
BRDA:587,162,0,1
BRDA:587,162,1,0
BRDA:592,163,0,1
BRDA:592,163,1,0
BRDA:600,164,0,0
BRDA:600,164,1,0
BRDA:601,165,0,0
BRDA:601,165,1,0
BRDA:601,165,2,0
BRDA:617,166,0,1
BRDA:617,166,1,0
BRDA:619,167,0,1
BRDA:619,167,1,0
BRDA:660,168,0,1
BRDA:660,168,1,1
BRDA:660,168,2,0
BRDA:660,169,0,1
BRDA:660,169,1,0
BRDA:660,170,0,1
BRDA:660,170,1,0
BRDA:662,171,0,0
BRDA:662,171,1,1
BRDA:666,172,0,0
BRDA:666,172,1,0
BRDA:669,173,0,0
BRDA:669,173,1,0
BRDA:671,174,0,0
BRDA:671,174,1,1
BRDA:673,175,0,1
BRDA:673,175,1,0
BRDA:678,176,0,1
BRDA:678,176,1,0
BRDA:686,177,0,4
BRDA:686,177,1,0
BRDA:686,178,0,4
BRDA:686,178,1,4
BRDA:691,179,0,0
BRDA:691,179,1,1
BRDA:691,180,0,1
BRDA:691,180,1,0
BRDA:694,181,0,7
BRDA:694,181,1,0
BRDA:694,182,0,7
BRDA:694,182,1,0
BRDA:696,183,0,7
BRDA:696,183,1,6
BRDA:702,184,0,1
BRDA:702,184,1,0
BRDA:702,185,0,1
BRDA:702,185,1,0
BRDA:702,185,2,0
BRDA:702,186,0,1
BRDA:702,186,1,0
BRDA:702,186,2,1
BRDA:703,187,0,1
BRDA:703,187,1,0
BRDA:704,188,0,1
BRDA:704,188,1,0
BRDA:704,189,0,1
BRDA:704,189,1,0
BRDA:706,190,0,1
BRDA:706,190,1,0
BRDA:712,191,0,0
BRDA:712,191,1,1
BRDA:718,192,0,0
BRDA:718,192,1,0
BRDA:718,193,0,0
BRDA:718,193,1,0
BRDA:720,194,0,0
BRDA:720,194,1,0
BRDA:722,195,0,0
BRDA:722,195,1,0
BRDA:726,196,0,1
BRDA:726,196,1,0
BRDA:726,196,2,0
BRDA:728,197,0,1
BRDA:728,197,1,0
BRDA:728,197,2,1
BRDA:749,198,0,0
BRDA:749,198,1,0
BRDA:754,199,0,2
BRDA:754,199,1,0
BRDA:755,200,0,0
BRDA:755,200,1,0
BRDA:768,201,0,0
BRDA:768,201,1,0
BRDA:779,202,0,1
BRDA:779,202,1,0
BRDA:779,202,2,1
BRDA:779,203,0,1
BRDA:779,203,1,1
BRDA:779,203,2,0
BRDA:779,204,0,1
BRDA:779,204,1,1
BRDA:781,205,0,1
BRDA:781,205,1,0
BRDA:781,206,0,1
BRDA:781,206,1,0
BRDA:781,207,0,0
BRDA:781,207,1,0
BRDA:782,208,0,0
BRDA:782,208,1,0
BRDA:782,209,0,0
BRDA:782,209,1,0
BRDA:782,210,0,0
BRDA:782,210,1,0
BRDA:785,211,0,1
BRDA:785,211,1,0
BRDA:785,211,2,0
BRDA:787,212,0,1
BRDA:787,212,1,0
BRDA:787,212,2,1
BRDA:787,213,0,1
BRDA:787,213,1,0
BRDA:788,214,0,7
BRDA:788,214,1,5
BRDA:788,215,0,7
BRDA:788,215,1,1
BRDA:790,216,0,7
BRDA:790,216,1,0
BRDA:790,217,0,0
BRDA:790,217,1,0
BRDA:791,218,0,0
BRDA:791,218,1,0
BRDA:791,219,0,0
BRDA:791,219,1,0
BRDA:804,220,0,1
BRDA:804,220,1,1
BRDA:809,221,0,6
BRDA:809,221,1,4
BRDA:823,222,0,1
BRDA:823,222,1,0
BRDA:823,223,0,1
BRDA:823,223,1,1
BRDA:825,224,0,1
BRDA:825,224,1,0
BRDA:831,225,0,1
BRDA:831,225,1,0
BRDA:831,226,0,1
BRDA:831,226,1,1
BRDA:833,227,0,2
BRDA:833,227,1,2
BRDA:833,227,2,2
BRDA:834,228,0,1
BRDA:834,228,1,0
BRDA:834,229,0,1
BRDA:834,229,1,1
BRDA:843,230,0,0
BRDA:843,230,1,1
BRDA:843,231,0,1
BRDA:843,231,1,0
BRDA:843,232,0,0
BRDA:843,232,1,0
BRDA:843,232,2,0
BRDA:847,233,0,0
BRDA:847,233,1,0
BRDA:847,234,0,0
BRDA:847,234,1,0
BRDA:850,235,0,0
BRDA:850,235,1,0
BRDA:850,236,0,0
BRDA:850,236,1,0
BRDA:850,236,2,0
BRDA:850,236,3,0
BRDA:850,237,0,0
BRDA:850,237,1,0
BRDA:852,238,0,0
BRDA:852,238,1,0
BRDA:854,239,0,0
BRDA:854,239,1,0
BRDA:854,239,2,0
BRDA:854,240,0,0
BRDA:854,240,1,0
BRDA:854,240,2,0
BRDA:854,241,0,0
BRDA:854,241,1,0
BRDA:863,242,0,0
BRDA:863,242,1,1
BRDA:864,243,0,0
BRDA:864,243,1,1
BRDA:865,244,0,1
BRDA:865,244,1,0
BRDA:869,245,0,0
BRDA:869,245,1,1
BRDA:870,246,0,1
BRDA:870,246,1,0
BRDA:873,247,0,1
BRDA:873,247,1,0
BRDA:883,248,0,0
BRDA:883,248,1,0
BRDA:889,249,0,1
BRDA:889,249,1,2
BRDA:889,250,0,1
BRDA:889,250,1,0
BRDA:895,251,0,0
BRDA:895,251,1,0
BRDA:902,252,0,1
BRDA:902,252,1,0
BRDA:911,253,0,0
BRDA:911,253,1,0
BRDA:913,254,0,1
BRDA:913,254,1,1
BRDA:914,255,0,1
BRDA:914,255,1,0
BRDA:914,256,0,1
BRDA:914,256,1,1
BRDA:921,257,0,1
BRDA:921,257,1,0
BRDA:921,258,0,1
BRDA:921,258,1,1
BRDA:923,259,0,1
BRDA:923,259,1,0
BRDA:928,260,0,0
BRDA:928,260,1,0
BRDA:933,261,0,0
BRDA:933,261,1,0
BRDA:939,262,0,0
BRDA:939,262,1,0
BRDA:940,263,0,0
BRDA:940,263,1,0
BRDA:941,264,0,0
BRDA:941,264,1,0
BRDA:946,265,0,0
BRDA:946,265,1,0
BRF:573
BRH:213
end_of_record
