TN:
SF:/Users/umahaea/Documents/workspace/ux-test-platform/src/main/java/standAlone/jsfiles/pagination/dist.pagination.js
FN:1,(anonymous_0)
FN:8,(anonymous_1)
FN:9,(anonymous_2)
FN:10,t
FN:20,(anonymous_4)
FN:22,(anonymous_5)
FN:28,(anonymous_6)
FN:29,(anonymous_7)
FN:31,(anonymous_8)
FN:35,(anonymous_9)
FN:39,(anonymous_10)
FN:42,r
FN:56,(anonymous_12)
FN:59,(anonymous_13)
FN:60,(anonymous_14)
FN:62,(anonymous_15)
FN:68,(anonymous_16)
FN:83,(anonymous_17)
FN:86,r
FN:87,(anonymous_19)
FN:91,(anonymous_20)
FN:92,(anonymous_21)
FN:94,(anonymous_22)
FN:98,(anonymous_23)
FN:101,r
FN:108,(anonymous_25)
FN:115,(anonymous_26)
FN:118,(anonymous_27)
FN:123,(anonymous_28)
FN:124,e
FN:128,t
FN:154,(anonymous_31)
FN:157,(anonymous_32)
FN:161,(anonymous_33)
FN:162,n
FN:181,r
FN:201,o
FN:211,a
FN:217,i
FN:222,s
FN:227,u
FN:232,(anonymous_41)
FN:234,(anonymous_42)
FN:238,(anonymous_43)
FN:246,c
FN:256,l
FN:266,p
FN:277,(anonymous_47)
FN:279,(anonymous_48)
FN:283,(anonymous_49)
FN:286,(anonymous_50)
FN:292,(anonymous_51)
FN:297,(anonymous_52)
FN:315,(anonymous_53)
FN:317,(anonymous_54)
FN:322,(anonymous_55)
FN:323,(anonymous_56)
FN:327,(anonymous_57)
FN:333,(anonymous_58)
FN:341,(anonymous_59)
FN:342,r
FN:345,(anonymous_61)
FN:351,o
FN:357,a
FN:375,i
FN:392,(anonymous_65)
FN:394,(anonymous_66)
FN:404,(anonymous_67)
FN:407,r
FN:413,o
FN:421,a
FN:425,i
FN:430,s
FN:444,(anonymous_73)
FN:445,e
FN:463,(anonymous_75)
FN:469,(anonymous_76)
FN:470,e
FN:476,(anonymous_78)
FN:489,(anonymous_79)
FN:490,t
FN:495,(anonymous_81)
FN:535,(anonymous_82)
FN:550,(anonymous_83)
FN:565,(anonymous_84)
FN:581,(anonymous_85)
FN:589,(anonymous_86)
FN:601,(anonymous_87)
FN:627,(anonymous_88)
FN:632,(anonymous_89)
FN:640,(anonymous_90)
FN:645,(anonymous_91)
FN:652,(anonymous_92)
FN:667,(anonymous_93)
FN:670,r
FN:676,o
FN:680,a
FN:685,i
FN:699,(anonymous_98)
FN:700,e
FN:706,(anonymous_100)
FN:714,(anonymous_101)
FN:715,t
FN:718,(anonymous_103)
FN:728,(anonymous_104)
FN:744,(anonymous_105)
FN:752,(anonymous_106)
FN:755,(anonymous_107)
FNF:108
FNH:56
FNDA:1,(anonymous_0)
FNDA:1,(anonymous_1)
FNDA:1,(anonymous_2)
FNDA:21,t
FNDA:0,(anonymous_4)
FNDA:0,(anonymous_5)
FNDA:0,(anonymous_6)
FNDA:0,(anonymous_7)
FNDA:0,(anonymous_8)
FNDA:0,(anonymous_9)
FNDA:1,(anonymous_10)
FNDA:2,r
FNDA:1,(anonymous_12)
FNDA:1,(anonymous_13)
FNDA:1,(anonymous_14)
FNDA:0,(anonymous_15)
FNDA:0,(anonymous_16)
FNDA:1,(anonymous_17)
FNDA:3,r
FNDA:0,(anonymous_19)
FNDA:0,(anonymous_20)
FNDA:0,(anonymous_21)
FNDA:0,(anonymous_22)
FNDA:1,(anonymous_23)
FNDA:0,r
FNDA:0,(anonymous_25)
FNDA:0,(anonymous_26)
FNDA:1,(anonymous_27)
FNDA:1,(anonymous_28)
FNDA:0,e
FNDA:1,t
FNDA:1,(anonymous_31)
FNDA:1,(anonymous_32)
FNDA:1,(anonymous_33)
FNDA:1,n
FNDA:1,r
FNDA:1,o
FNDA:0,a
FNDA:1,i
FNDA:0,s
FNDA:1,u
FNDA:0,(anonymous_41)
FNDA:0,(anonymous_42)
FNDA:0,(anonymous_43)
FNDA:0,c
FNDA:1,l
FNDA:0,p
FNDA:2,(anonymous_47)
FNDA:2,(anonymous_48)
FNDA:1,(anonymous_49)
FNDA:1,(anonymous_50)
FNDA:1,(anonymous_51)
FNDA:0,(anonymous_52)
FNDA:1,(anonymous_53)
FNDA:0,(anonymous_54)
FNDA:1,(anonymous_55)
FNDA:1,(anonymous_56)
FNDA:1,(anonymous_57)
FNDA:0,(anonymous_58)
FNDA:1,(anonymous_59)
FNDA:0,r
FNDA:0,(anonymous_61)
FNDA:0,o
FNDA:0,a
FNDA:0,i
FNDA:1,(anonymous_65)
FNDA:1,(anonymous_66)
FNDA:1,(anonymous_67)
FNDA:4,r
FNDA:0,o
FNDA:0,a
FNDA:0,i
FNDA:1,s
FNDA:1,(anonymous_73)
FNDA:0,e
FNDA:0,(anonymous_75)
FNDA:1,(anonymous_76)
FNDA:1,e
FNDA:1,(anonymous_78)
FNDA:1,(anonymous_79)
FNDA:0,t
FNDA:0,(anonymous_81)
FNDA:0,(anonymous_82)
FNDA:0,(anonymous_83)
FNDA:0,(anonymous_84)
FNDA:0,(anonymous_85)
FNDA:0,(anonymous_86)
FNDA:0,(anonymous_87)
FNDA:1,(anonymous_88)
FNDA:0,(anonymous_89)
FNDA:1,(anonymous_90)
FNDA:0,(anonymous_91)
FNDA:0,(anonymous_92)
FNDA:1,(anonymous_93)
FNDA:2,r
FNDA:0,o
FNDA:0,a
FNDA:1,i
FNDA:1,(anonymous_98)
FNDA:1,e
FNDA:1,(anonymous_100)
FNDA:1,(anonymous_101)
FNDA:0,t
FNDA:0,(anonymous_103)
FNDA:0,(anonymous_104)
FNDA:1,(anonymous_105)
FNDA:1,(anonymous_106)
FNDA:1,(anonymous_107)
DA:1,1
DA:2,1
DA:3,1
DA:5,1
DA:6,2
DA:9,1
DA:11,21
DA:12,18
DA:17,18
DA:19,1
DA:20,1
DA:21,0
DA:23,0
DA:29,0
DA:30,0
DA:32,0
DA:34,0
DA:36,0
DA:43,2
DA:47,1
DA:50,1
DA:51,1
DA:52,1
DA:53,1
DA:54,1
DA:57,1
DA:60,1
DA:61,1
DA:62,1
DA:63,0
DA:64,0
DA:65,0
DA:67,0
DA:69,0
DA:72,0
DA:73,0
DA:74,0
DA:76,0
DA:77,0
DA:78,0
DA:87,3
DA:88,0
DA:91,1
DA:92,1
DA:93,0
DA:95,0
DA:102,0
DA:104,0
DA:106,0
DA:107,0
DA:108,0
DA:109,0
DA:112,0
DA:115,1
DA:116,1
DA:120,1
DA:121,1
DA:122,1
DA:123,1
DA:125,0
DA:129,1
DA:131,1
DA:132,1
DA:151,1
DA:155,1
DA:159,1
DA:163,1
DA:164,1
DA:165,1
DA:166,1
DA:167,0
DA:168,0
DA:169,0
DA:171,1
DA:172,1
DA:182,1
DA:183,1
DA:184,1
DA:185,1
DA:186,1
DA:187,1
DA:188,1
DA:193,1
DA:198,1
DA:202,1
DA:203,1
DA:204,1
DA:206,1
DA:207,1
DA:212,0
DA:213,0
DA:214,0
DA:218,1
DA:219,1
DA:223,0
DA:224,0
DA:229,1
DA:230,0
DA:231,0
DA:232,1
DA:233,0
DA:235,0
DA:237,1
DA:239,0
DA:240,0
DA:241,0
DA:242,0
DA:247,0
DA:248,0
DA:250,0
DA:251,0
DA:252,0
DA:257,1
DA:258,1
DA:259,1
DA:261,1
DA:262,1
DA:267,0
DA:268,0
DA:269,0
DA:270,0
DA:273,0
DA:274,0
DA:276,1
DA:277,1
DA:279,2
DA:280,2
DA:283,1
DA:284,1
DA:286,1
DA:287,1
DA:289,1
DA:290,1
DA:291,1
DA:292,1
DA:293,1
DA:294,1
DA:295,1
DA:296,1
DA:298,0
DA:299,0
DA:300,0
DA:301,0
DA:303,0
DA:304,0
DA:306,0
DA:307,0
DA:308,0
DA:309,0
DA:310,0
DA:315,1
DA:316,1
DA:317,1
DA:318,0
DA:323,1
DA:325,1
DA:326,1
DA:327,1
DA:328,1
DA:331,1
DA:332,0
DA:333,0
DA:334,0
DA:335,0
DA:338,1
DA:343,0
DA:344,0
DA:345,0
DA:346,0
DA:347,0
DA:348,0
DA:352,0
DA:353,0
DA:354,0
DA:358,0
DA:359,0
DA:360,0
DA:361,0
DA:362,0
DA:363,0
DA:364,0
DA:365,0
DA:366,0
DA:367,0
DA:368,0
DA:369,0
DA:370,0
DA:371,0
DA:372,0
DA:376,0
DA:377,0
DA:378,0
DA:379,0
DA:380,0
DA:381,0
DA:383,256
DA:384,1
DA:385,1
DA:386,1
DA:387,1
DA:388,1
DA:389,1
DA:390,1
DA:394,1
DA:395,1
DA:397,1
DA:398,1
DA:400,0
DA:402,1
DA:408,4
DA:414,0
DA:415,0
DA:416,0
DA:418,0
DA:422,0
DA:426,0
DA:427,0
DA:431,1
DA:432,1
DA:441,1
DA:444,1
DA:446,0
DA:447,0
DA:448,0
DA:449,0
DA:450,0
DA:451,0
DA:453,0
DA:455,0
DA:456,0
DA:458,0
DA:461,0
DA:463,1
DA:464,0
DA:465,0
DA:466,0
DA:469,1
DA:471,1
DA:472,5
DA:473,5
DA:476,1
DA:477,1
DA:480,1
DA:481,1
DA:482,1
DA:483,1
DA:484,1
DA:485,1
DA:486,1
DA:487,1
DA:488,1
DA:489,1
DA:491,0
DA:493,1
DA:496,0
DA:497,0
DA:536,0
DA:551,0
DA:566,0
DA:567,0
DA:568,0
DA:569,0
DA:570,0
DA:571,0
DA:572,0
DA:577,0
DA:578,0
DA:579,0
DA:580,0
DA:581,0
DA:582,0
DA:584,0
DA:585,0
DA:586,0
DA:587,0
DA:588,0
DA:589,0
DA:590,0
DA:597,0
DA:602,0
DA:610,1
DA:629,1
DA:632,1
DA:633,0
DA:634,0
DA:635,0
DA:637,0
DA:639,1
DA:640,1
DA:641,1
DA:645,1
DA:646,0
DA:647,0
DA:648,0
DA:649,0
DA:650,0
DA:651,0
DA:652,0
DA:653,0
DA:655,0
DA:665,1
DA:671,2
DA:677,0
DA:681,0
DA:682,0
DA:686,1
DA:687,1
DA:696,1
DA:699,1
DA:701,1
DA:702,1
DA:703,1
DA:706,1
DA:707,1
DA:710,1
DA:711,1
DA:712,1
DA:713,1
DA:714,1
DA:716,0
DA:717,0
DA:718,0
DA:719,0
DA:726,1
DA:729,0
DA:742,1
DA:745,1
DA:746,1
DA:749,1
DA:750,1
DA:753,1
DA:756,1
DA:760,1
LF:333
LH:161
BRDA:2,0,0,0
BRDA:2,0,1,1
BRDA:2,1,0,1
BRDA:2,1,1,0
BRDA:3,2,0,0
BRDA:3,2,1,1
BRDA:3,3,0,1
BRDA:3,3,1,0
BRDA:5,4,0,0
BRDA:5,4,1,1
BRDA:6,5,0,0
BRDA:6,5,1,2
BRDA:11,6,0,3
BRDA:11,6,1,18
BRDA:23,7,0,0
BRDA:23,7,1,0
BRDA:29,8,0,0
BRDA:29,8,1,0
BRDA:29,9,0,0
BRDA:29,9,1,0
BRDA:43,10,0,2
BRDA:43,10,1,0
BRDA:43,11,0,2
BRDA:43,11,1,2
BRDA:65,12,0,0
BRDA:65,12,1,0
BRDA:69,13,0,0
BRDA:69,13,1,0
BRDA:74,14,0,0
BRDA:74,14,1,0
BRDA:78,15,0,0
BRDA:78,15,1,0
BRDA:78,15,2,0
BRDA:78,16,0,0
BRDA:78,16,1,0
BRDA:78,17,0,0
BRDA:78,17,1,0
BRDA:78,18,0,0
BRDA:78,18,1,0
BRDA:102,19,0,0
BRDA:102,19,1,0
BRDA:104,20,0,0
BRDA:104,20,1,0
BRDA:125,21,0,0
BRDA:125,21,1,0
BRDA:166,22,0,0
BRDA:166,22,1,1
BRDA:193,23,0,0
BRDA:193,23,1,1
BRDA:204,24,0,0
BRDA:204,24,1,1
BRDA:204,25,0,0
BRDA:204,25,1,0
BRDA:204,26,0,0
BRDA:204,26,1,0
BRDA:206,27,0,0
BRDA:206,27,1,1
BRDA:214,28,0,0
BRDA:214,28,1,0
BRDA:229,29,0,0
BRDA:229,29,1,1
BRDA:231,30,0,0
BRDA:231,30,1,0
BRDA:232,31,0,0
BRDA:232,31,1,1
BRDA:232,32,0,1
BRDA:232,32,1,0
BRDA:232,32,2,0
BRDA:232,32,3,0
BRDA:232,32,4,0
BRDA:232,32,5,0
BRDA:233,33,0,0
BRDA:233,33,1,0
BRDA:239,34,0,0
BRDA:239,34,1,0
BRDA:240,35,0,0
BRDA:240,35,1,0
BRDA:240,36,0,0
BRDA:240,36,1,0
BRDA:240,36,2,0
BRDA:247,37,0,0
BRDA:247,37,1,0
BRDA:248,38,0,0
BRDA:248,38,1,0
BRDA:252,39,0,0
BRDA:252,39,1,0
BRDA:252,40,0,0
BRDA:252,40,1,0
BRDA:259,41,0,0
BRDA:259,41,1,1
BRDA:259,42,0,1
BRDA:259,42,1,0
BRDA:269,43,0,0
BRDA:269,43,1,0
BRDA:274,44,0,0
BRDA:274,44,1,0
BRDA:280,45,0,2
BRDA:280,45,1,2
BRDA:287,46,0,1
BRDA:287,46,1,0
BRDA:293,47,0,0
BRDA:293,47,1,1
BRDA:293,48,0,1
BRDA:293,48,1,0
BRDA:293,48,2,0
BRDA:294,49,0,1
BRDA:294,49,1,0
BRDA:294,50,0,1
BRDA:294,50,1,1
BRDA:294,51,0,1
BRDA:294,51,1,1
BRDA:303,52,0,0
BRDA:303,52,1,0
BRDA:308,53,0,0
BRDA:308,53,1,0
BRDA:325,54,0,1
BRDA:325,54,1,0
BRDA:325,55,0,1
BRDA:325,55,1,1
BRDA:331,56,0,0
BRDA:331,56,1,1
BRDA:334,57,0,0
BRDA:334,57,1,0
BRDA:343,58,0,0
BRDA:343,58,1,0
BRDA:343,58,2,0
BRDA:345,59,0,0
BRDA:345,59,1,0
BRDA:346,60,0,0
BRDA:346,60,1,0
BRDA:352,61,0,0
BRDA:352,61,1,0
BRDA:358,62,0,0
BRDA:358,62,1,0
BRDA:358,62,2,0
BRDA:359,63,0,0
BRDA:359,63,1,0
BRDA:360,64,0,0
BRDA:360,64,1,0
BRDA:361,65,0,0
BRDA:361,65,1,0
BRDA:362,66,0,0
BRDA:362,66,1,0
BRDA:363,67,0,0
BRDA:363,67,1,0
BRDA:365,68,0,0
BRDA:365,68,1,0
BRDA:365,69,0,0
BRDA:365,69,1,0
BRDA:365,69,2,0
BRDA:365,70,0,0
BRDA:365,70,1,0
BRDA:365,70,2,0
BRDA:365,70,3,0
BRDA:372,71,0,0
BRDA:372,71,1,0
BRDA:376,72,0,0
BRDA:376,72,1,0
BRDA:376,72,2,0
BRDA:377,73,0,0
BRDA:377,73,1,0
BRDA:377,74,0,0
BRDA:377,74,1,0
BRDA:377,75,0,0
BRDA:377,75,1,0
BRDA:378,76,0,0
BRDA:378,76,1,0
BRDA:378,77,0,0
BRDA:378,77,1,0
BRDA:379,78,0,0
BRDA:379,78,1,0
BRDA:381,79,0,0
BRDA:381,79,1,0
BRDA:398,80,0,1
BRDA:398,80,1,0
BRDA:398,80,2,0
BRDA:400,81,0,0
BRDA:400,81,1,0
BRDA:408,82,0,1
BRDA:408,82,1,3
BRDA:408,83,0,4
BRDA:408,83,1,4
BRDA:414,84,0,0
BRDA:414,84,1,0
BRDA:422,85,0,0
BRDA:422,85,1,0
BRDA:426,86,0,0
BRDA:426,86,1,0
BRDA:427,87,0,0
BRDA:427,87,1,0
BRDA:427,88,0,0
BRDA:427,88,1,0
BRDA:427,88,2,0
BRDA:431,89,0,0
BRDA:431,89,1,1
BRDA:431,90,0,1
BRDA:431,90,1,0
BRDA:432,91,0,1
BRDA:432,91,1,1
BRDA:439,92,0,1
BRDA:439,92,1,1
BRDA:439,93,0,1
BRDA:439,93,1,0
BRDA:451,94,0,0
BRDA:451,94,1,0
BRDA:451,95,0,0
BRDA:451,95,1,0
BRDA:456,96,0,0
BRDA:456,96,1,0
BRDA:456,96,2,0
BRDA:458,97,0,0
BRDA:458,97,1,0
BRDA:464,98,0,0
BRDA:464,98,1,0
BRDA:465,99,0,0
BRDA:465,99,1,0
BRDA:473,100,0,5
BRDA:473,100,1,5
BRDA:473,101,0,5
BRDA:473,101,1,5
BRDA:477,102,0,1
BRDA:477,102,1,1
BRDA:477,103,0,1
BRDA:477,103,1,0
BRDA:491,104,0,0
BRDA:491,104,1,0
BRDA:571,105,0,0
BRDA:571,105,1,0
BRDA:585,106,0,0
BRDA:585,106,1,0
BRDA:587,107,0,0
BRDA:587,107,1,0
BRDA:587,108,0,0
BRDA:587,108,1,0
BRDA:597,109,0,0
BRDA:597,109,1,0
BRDA:597,110,0,0
BRDA:597,110,1,0
BRDA:597,110,2,0
BRDA:632,111,0,1
BRDA:632,111,1,0
BRDA:635,112,0,0
BRDA:635,112,1,0
BRDA:641,113,0,0
BRDA:641,113,1,1
BRDA:641,114,0,1
BRDA:641,114,1,1
BRDA:658,115,0,0
BRDA:658,115,1,0
BRDA:671,116,0,1
BRDA:671,116,1,1
BRDA:671,117,0,2
BRDA:671,117,1,2
BRDA:677,118,0,0
BRDA:677,118,1,0
BRDA:681,119,0,0
BRDA:681,119,1,0
BRDA:682,120,0,0
BRDA:682,120,1,0
BRDA:682,121,0,0
BRDA:682,121,1,0
BRDA:682,121,2,0
BRDA:686,122,0,0
BRDA:686,122,1,1
BRDA:686,123,0,1
BRDA:686,123,1,0
BRDA:687,124,0,1
BRDA:687,124,1,1
BRDA:694,125,0,1
BRDA:694,125,1,1
BRDA:694,126,0,1
BRDA:694,126,1,0
BRDA:703,127,0,1
BRDA:703,127,1,1
BRDA:703,128,0,1
BRDA:703,128,1,1
BRDA:707,129,0,1
BRDA:707,129,1,1
BRDA:707,130,0,1
BRDA:707,130,1,0
BRDA:717,131,0,0
BRDA:717,131,1,0
BRDA:746,132,0,1
BRDA:746,132,1,0
BRDA:750,133,0,1
BRDA:750,133,1,0
BRF:286
BRH:77
end_of_record
TN:
SF:/Users/umahaea/Documents/workspace/ux-test-platform/src/main/java/standAlone/jsfiles/pagination/eventInterface.pagination.js
FN:1,(anonymous_0)
FN:8,(anonymous_1)
FN:9,(anonymous_2)
FN:10,t
FN:20,(anonymous_4)
FN:22,(anonymous_5)
FN:28,(anonymous_6)
FN:29,(anonymous_7)
FN:31,(anonymous_8)
FN:35,(anonymous_9)
FN:39,(anonymous_10)
FN:42,r
FN:52,(anonymous_12)
FN:56,(anonymous_13)
FN:59,r
FN:73,(anonymous_15)
FN:76,(anonymous_16)
FN:77,(anonymous_17)
FN:79,(anonymous_18)
FN:85,(anonymous_19)
FN:100,(anonymous_20)
FN:103,r
FN:104,(anonymous_22)
FN:108,(anonymous_23)
FN:109,(anonymous_24)
FN:111,(anonymous_25)
FN:115,(anonymous_26)
FN:118,r
FN:125,(anonymous_28)
FN:132,(anonymous_29)
FN:135,(anonymous_30)
FN:140,(anonymous_31)
FN:141,e
FN:145,t
FN:171,(anonymous_34)
FN:174,(anonymous_35)
FN:178,(anonymous_36)
FN:179,n
FN:198,r
FN:218,o
FN:228,a
FN:234,i
FN:239,s
FN:244,u
FN:249,(anonymous_44)
FN:251,(anonymous_45)
FN:255,(anonymous_46)
FN:263,c
FN:273,l
FN:283,p
FN:294,(anonymous_50)
FN:296,(anonymous_51)
FN:300,(anonymous_52)
FN:303,(anonymous_53)
FN:309,(anonymous_54)
FN:314,(anonymous_55)
FN:332,(anonymous_56)
FN:334,(anonymous_57)
FN:339,(anonymous_58)
FN:340,(anonymous_59)
FN:344,(anonymous_60)
FN:350,(anonymous_61)
FN:358,(anonymous_62)
FN:359,r
FN:362,(anonymous_64)
FN:368,o
FN:374,a
FN:392,i
FN:409,(anonymous_68)
FN:411,(anonymous_69)
FN:421,(anonymous_70)
FN:424,r
FN:430,o
FN:438,a
FN:442,i
FN:447,s
FN:461,(anonymous_76)
FN:462,e
FN:480,(anonymous_78)
FN:486,(anonymous_79)
FN:487,e
FN:493,(anonymous_81)
FN:506,(anonymous_82)
FN:507,t
FN:512,(anonymous_84)
FN:552,(anonymous_85)
FN:567,(anonymous_86)
FN:582,(anonymous_87)
FN:598,(anonymous_88)
FN:606,(anonymous_89)
FN:618,(anonymous_90)
FN:644,(anonymous_91)
FN:649,(anonymous_92)
FN:657,(anonymous_93)
FN:662,(anonymous_94)
FN:669,(anonymous_95)
FN:684,(anonymous_96)
FN:687,r
FN:693,o
FN:697,a
FN:702,i
FN:716,(anonymous_101)
FN:717,e
FN:723,(anonymous_103)
FN:731,(anonymous_104)
FN:732,t
FN:735,(anonymous_106)
FN:745,(anonymous_107)
FN:761,(anonymous_108)
FN:769,(anonymous_109)
FN:772,(anonymous_110)
FN:775,(anonymous_111)
FNF:112
FNH:75
FNDA:1,(anonymous_0)
FNDA:1,(anonymous_1)
FNDA:1,(anonymous_2)
FNDA:24,t
FNDA:0,(anonymous_4)
FNDA:0,(anonymous_5)
FNDA:0,(anonymous_6)
FNDA:0,(anonymous_7)
FNDA:0,(anonymous_8)
FNDA:0,(anonymous_9)
FNDA:1,(anonymous_10)
FNDA:2,r
FNDA:1,(anonymous_12)
FNDA:1,(anonymous_13)
FNDA:2,r
FNDA:1,(anonymous_15)
FNDA:1,(anonymous_16)
FNDA:1,(anonymous_17)
FNDA:0,(anonymous_18)
FNDA:0,(anonymous_19)
FNDA:1,(anonymous_20)
FNDA:3,r
FNDA:0,(anonymous_22)
FNDA:0,(anonymous_23)
FNDA:0,(anonymous_24)
FNDA:0,(anonymous_25)
FNDA:1,(anonymous_26)
FNDA:0,r
FNDA:0,(anonymous_28)
FNDA:0,(anonymous_29)
FNDA:1,(anonymous_30)
FNDA:1,(anonymous_31)
FNDA:8,e
FNDA:1,t
FNDA:1,(anonymous_34)
FNDA:1,(anonymous_35)
FNDA:1,(anonymous_36)
FNDA:1,n
FNDA:1,r
FNDA:1,o
FNDA:0,a
FNDA:1,i
FNDA:0,s
FNDA:1,u
FNDA:0,(anonymous_44)
FNDA:0,(anonymous_45)
FNDA:0,(anonymous_46)
FNDA:0,c
FNDA:1,l
FNDA:0,p
FNDA:2,(anonymous_50)
FNDA:2,(anonymous_51)
FNDA:1,(anonymous_52)
FNDA:1,(anonymous_53)
FNDA:1,(anonymous_54)
FNDA:0,(anonymous_55)
FNDA:1,(anonymous_56)
FNDA:0,(anonymous_57)
FNDA:1,(anonymous_58)
FNDA:1,(anonymous_59)
FNDA:1,(anonymous_60)
FNDA:0,(anonymous_61)
FNDA:1,(anonymous_62)
FNDA:0,r
FNDA:0,(anonymous_64)
FNDA:1,o
FNDA:1,a
FNDA:0,i
FNDA:1,(anonymous_68)
FNDA:1,(anonymous_69)
FNDA:1,(anonymous_70)
FNDA:4,r
FNDA:0,o
FNDA:1,a
FNDA:1,i
FNDA:1,s
FNDA:1,(anonymous_76)
FNDA:0,e
FNDA:1,(anonymous_78)
FNDA:1,(anonymous_79)
FNDA:1,e
FNDA:1,(anonymous_81)
FNDA:1,(anonymous_82)
FNDA:1,t
FNDA:1,(anonymous_84)
FNDA:0,(anonymous_85)
FNDA:0,(anonymous_86)
FNDA:1,(anonymous_87)
FNDA:0,(anonymous_88)
FNDA:0,(anonymous_89)
FNDA:1,(anonymous_90)
FNDA:1,(anonymous_91)
FNDA:0,(anonymous_92)
FNDA:1,(anonymous_93)
FNDA:2,(anonymous_94)
FNDA:0,(anonymous_95)
FNDA:1,(anonymous_96)
FNDA:2,r
FNDA:1,o
FNDA:1,a
FNDA:1,i
FNDA:1,(anonymous_101)
FNDA:1,e
FNDA:1,(anonymous_103)
FNDA:1,(anonymous_104)
FNDA:1,t
FNDA:0,(anonymous_106)
FNDA:1,(anonymous_107)
FNDA:1,(anonymous_108)
FNDA:1,(anonymous_109)
FNDA:1,(anonymous_110)
FNDA:1,(anonymous_111)
DA:1,1
DA:2,1
DA:3,1
DA:5,1
DA:6,1
DA:9,1
DA:11,24
DA:12,20
DA:17,20
DA:19,1
DA:20,1
DA:21,0
DA:23,0
DA:29,0
DA:30,0
DA:32,0
DA:34,0
DA:36,0
DA:43,2
DA:47,1
DA:48,1
DA:49,1
DA:50,1
DA:51,1
DA:52,1
DA:53,1
DA:60,2
DA:64,1
DA:67,1
DA:68,1
DA:69,1
DA:70,1
DA:71,1
DA:74,1
DA:77,1
DA:78,1
DA:79,1
DA:80,0
DA:81,0
DA:82,0
DA:84,0
DA:86,0
DA:89,0
DA:90,0
DA:91,0
DA:93,0
DA:94,0
DA:95,0
DA:104,3
DA:105,0
DA:108,1
DA:109,1
DA:110,0
DA:112,0
DA:119,0
DA:121,0
DA:123,0
DA:124,0
DA:125,0
DA:126,0
DA:129,0
DA:132,1
DA:133,1
DA:137,1
DA:138,1
DA:139,1
DA:140,1
DA:142,8
DA:146,1
DA:148,1
DA:149,1
DA:168,1
DA:172,1
DA:176,1
DA:180,1
DA:181,1
DA:182,1
DA:183,1
DA:184,0
DA:185,0
DA:186,0
DA:188,1
DA:189,1
DA:199,1
DA:200,1
DA:201,1
DA:202,1
DA:203,1
DA:204,1
DA:205,1
DA:210,1
DA:215,1
DA:219,1
DA:220,1
DA:221,1
DA:223,1
DA:224,1
DA:229,0
DA:230,0
DA:231,0
DA:235,1
DA:236,1
DA:240,0
DA:241,0
DA:246,1
DA:247,0
DA:248,0
DA:249,1
DA:250,0
DA:252,0
DA:254,1
DA:256,0
DA:257,0
DA:258,0
DA:259,0
DA:264,0
DA:265,0
DA:267,0
DA:268,0
DA:269,0
DA:274,1
DA:275,1
DA:276,1
DA:278,1
DA:279,1
DA:284,0
DA:285,0
DA:286,0
DA:287,0
DA:290,0
DA:291,0
DA:293,1
DA:294,1
DA:296,2
DA:297,2
DA:300,1
DA:301,1
DA:303,1
DA:304,1
DA:306,1
DA:307,1
DA:308,1
DA:309,1
DA:310,1
DA:311,1
DA:312,1
DA:313,1
DA:315,0
DA:316,0
DA:317,0
DA:318,0
DA:320,0
DA:321,0
DA:323,0
DA:324,0
DA:325,0
DA:326,0
DA:327,0
DA:332,1
DA:333,1
DA:334,1
DA:335,0
DA:340,1
DA:342,1
DA:343,1
DA:344,1
DA:345,1
DA:348,1
DA:349,0
DA:350,0
DA:351,0
DA:352,0
DA:355,1
DA:360,0
DA:361,0
DA:362,0
DA:363,0
DA:364,0
DA:365,0
DA:369,1
DA:370,1
DA:371,1
DA:375,1
DA:376,1
DA:377,1
DA:378,1
DA:379,1
DA:380,1
DA:381,1
DA:382,1
DA:383,1
DA:384,1
DA:385,1
DA:386,1
DA:387,1
DA:388,6
DA:389,1
DA:393,0
DA:394,0
DA:395,0
DA:396,0
DA:397,0
DA:398,0
DA:400,256
DA:401,1
DA:402,1
DA:403,1
DA:404,1
DA:405,1
DA:406,1
DA:407,1
DA:411,1
DA:412,1
DA:414,1
DA:415,1
DA:417,0
DA:419,1
DA:425,4
DA:431,0
DA:432,0
DA:433,0
DA:435,0
DA:439,1
DA:443,1
DA:444,1
DA:448,1
DA:449,1
DA:458,1
DA:461,1
DA:463,0
DA:464,0
DA:465,0
DA:466,0
DA:467,0
DA:468,0
DA:470,0
DA:472,0
DA:473,0
DA:475,0
DA:478,0
DA:480,1
DA:481,1
DA:482,0
DA:483,0
DA:486,1
DA:488,1
DA:489,5
DA:490,5
DA:493,1
DA:494,1
DA:497,1
DA:498,1
DA:499,1
DA:500,1
DA:501,1
DA:502,1
DA:503,1
DA:504,1
DA:505,1
DA:506,1
DA:508,1
DA:510,1
DA:513,1
DA:514,1
DA:553,0
DA:568,0
DA:583,1
DA:584,1
DA:585,1
DA:586,1
DA:587,1
DA:588,1
DA:589,1
DA:594,0
DA:595,0
DA:596,0
DA:597,0
DA:598,0
DA:599,0
DA:601,0
DA:602,0
DA:603,0
DA:604,0
DA:605,0
DA:606,0
DA:607,0
DA:614,0
DA:619,1
DA:627,1
DA:646,1
DA:649,1
DA:650,0
DA:651,0
DA:652,0
DA:654,0
DA:656,1
DA:657,1
DA:658,1
DA:662,1
DA:663,2
DA:664,2
DA:665,2
DA:666,2
DA:667,2
DA:668,2
DA:669,2
DA:670,0
DA:672,2
DA:682,1
DA:688,2
DA:694,1
DA:698,1
DA:699,1
DA:703,1
DA:704,1
DA:713,1
DA:716,1
DA:718,1
DA:719,1
DA:720,1
DA:723,1
DA:724,1
DA:727,1
DA:728,1
DA:729,1
DA:730,1
DA:731,1
DA:733,1
DA:734,1
DA:735,1
DA:736,0
DA:743,1
DA:746,1
DA:759,1
DA:762,1
DA:763,1
DA:766,1
DA:767,1
DA:770,1
DA:773,1
DA:776,1
DA:780,1
LF:342
LH:219
BRDA:2,0,0,0
BRDA:2,0,1,1
BRDA:2,1,0,1
BRDA:2,1,1,0
BRDA:3,2,0,0
BRDA:3,2,1,1
BRDA:3,3,0,1
BRDA:3,3,1,0
BRDA:5,4,0,0
BRDA:5,4,1,1
BRDA:6,5,0,0
BRDA:6,5,1,0
BRDA:11,6,0,4
BRDA:11,6,1,20
BRDA:23,7,0,0
BRDA:23,7,1,0
BRDA:29,8,0,0
BRDA:29,8,1,0
BRDA:29,9,0,0
BRDA:29,9,1,0
BRDA:43,10,0,0
BRDA:43,10,1,2
BRDA:43,11,0,2
BRDA:43,11,1,2
BRDA:60,12,0,2
BRDA:60,12,1,0
BRDA:60,13,0,2
BRDA:60,13,1,2
BRDA:82,14,0,0
BRDA:82,14,1,0
BRDA:86,15,0,0
BRDA:86,15,1,0
BRDA:91,16,0,0
BRDA:91,16,1,0
BRDA:95,17,0,0
BRDA:95,17,1,0
BRDA:95,17,2,0
BRDA:95,18,0,0
BRDA:95,18,1,0
BRDA:95,19,0,0
BRDA:95,19,1,0
BRDA:95,20,0,0
BRDA:95,20,1,0
BRDA:119,21,0,0
BRDA:119,21,1,0
BRDA:121,22,0,0
BRDA:121,22,1,0
BRDA:142,23,0,8
BRDA:142,23,1,0
BRDA:183,24,0,0
BRDA:183,24,1,1
BRDA:210,25,0,0
BRDA:210,25,1,1
BRDA:221,26,0,0
BRDA:221,26,1,1
BRDA:221,27,0,0
BRDA:221,27,1,0
BRDA:221,28,0,0
BRDA:221,28,1,0
BRDA:223,29,0,0
BRDA:223,29,1,1
BRDA:231,30,0,0
BRDA:231,30,1,0
BRDA:246,31,0,0
BRDA:246,31,1,1
BRDA:248,32,0,0
BRDA:248,32,1,0
BRDA:249,33,0,0
BRDA:249,33,1,1
BRDA:249,34,0,1
BRDA:249,34,1,0
BRDA:249,34,2,0
BRDA:249,34,3,0
BRDA:249,34,4,0
BRDA:249,34,5,0
BRDA:250,35,0,0
BRDA:250,35,1,0
BRDA:256,36,0,0
BRDA:256,36,1,0
BRDA:257,37,0,0
BRDA:257,37,1,0
BRDA:257,38,0,0
BRDA:257,38,1,0
BRDA:257,38,2,0
BRDA:264,39,0,0
BRDA:264,39,1,0
BRDA:265,40,0,0
BRDA:265,40,1,0
BRDA:269,41,0,0
BRDA:269,41,1,0
BRDA:269,42,0,0
BRDA:269,42,1,0
BRDA:276,43,0,0
BRDA:276,43,1,1
BRDA:276,44,0,1
BRDA:276,44,1,0
BRDA:286,45,0,0
BRDA:286,45,1,0
BRDA:291,46,0,0
BRDA:291,46,1,0
BRDA:297,47,0,2
BRDA:297,47,1,2
BRDA:304,48,0,1
BRDA:304,48,1,0
BRDA:310,49,0,0
BRDA:310,49,1,1
BRDA:310,50,0,1
BRDA:310,50,1,0
BRDA:310,50,2,0
BRDA:311,51,0,1
BRDA:311,51,1,0
BRDA:311,52,0,1
BRDA:311,52,1,1
BRDA:311,53,0,1
BRDA:311,53,1,1
BRDA:320,54,0,0
BRDA:320,54,1,0
BRDA:325,55,0,0
BRDA:325,55,1,0
BRDA:342,56,0,1
BRDA:342,56,1,0
BRDA:342,57,0,1
BRDA:342,57,1,1
BRDA:348,58,0,0
BRDA:348,58,1,1
BRDA:351,59,0,0
BRDA:351,59,1,0
BRDA:360,60,0,0
BRDA:360,60,1,0
BRDA:360,60,2,0
BRDA:362,61,0,0
BRDA:362,61,1,0
BRDA:363,62,0,0
BRDA:363,62,1,0
BRDA:369,63,0,1
BRDA:369,63,1,1
BRDA:375,64,0,1
BRDA:375,64,1,0
BRDA:375,64,2,1
BRDA:376,65,0,1
BRDA:376,65,1,1
BRDA:377,66,0,1
BRDA:377,66,1,1
BRDA:378,67,0,0
BRDA:378,67,1,1
BRDA:379,68,0,0
BRDA:379,68,1,1
BRDA:380,69,0,0
BRDA:380,69,1,1
BRDA:382,70,0,0
BRDA:382,70,1,1
BRDA:382,71,0,1
BRDA:382,71,1,0
BRDA:382,71,2,0
BRDA:382,72,0,1
BRDA:382,72,1,1
BRDA:382,72,2,1
BRDA:382,72,3,1
BRDA:389,73,0,1
BRDA:389,73,1,1
BRDA:393,74,0,0
BRDA:393,74,1,0
BRDA:393,74,2,0
BRDA:394,75,0,0
BRDA:394,75,1,0
BRDA:394,76,0,0
BRDA:394,76,1,0
BRDA:394,77,0,0
BRDA:394,77,1,0
BRDA:395,78,0,0
BRDA:395,78,1,0
BRDA:395,79,0,0
BRDA:395,79,1,0
BRDA:396,80,0,0
BRDA:396,80,1,0
BRDA:398,81,0,0
BRDA:398,81,1,0
BRDA:415,82,0,1
BRDA:415,82,1,0
BRDA:415,82,2,0
BRDA:417,83,0,0
BRDA:417,83,1,0
BRDA:425,84,0,1
BRDA:425,84,1,3
BRDA:425,85,0,4
BRDA:425,85,1,4
BRDA:431,86,0,0
BRDA:431,86,1,0
BRDA:439,87,0,0
BRDA:439,87,1,1
BRDA:443,88,0,0
BRDA:443,88,1,1
BRDA:444,89,0,1
BRDA:444,89,1,0
BRDA:444,90,0,1
BRDA:444,90,1,0
BRDA:444,90,2,0
BRDA:448,91,0,0
BRDA:448,91,1,1
BRDA:448,92,0,1
BRDA:448,92,1,0
BRDA:449,93,0,1
BRDA:449,93,1,1
BRDA:456,94,0,1
BRDA:456,94,1,1
BRDA:456,95,0,1
BRDA:456,95,1,0
BRDA:468,96,0,0
BRDA:468,96,1,0
BRDA:468,97,0,0
BRDA:468,97,1,0
BRDA:473,98,0,0
BRDA:473,98,1,0
BRDA:473,98,2,0
BRDA:475,99,0,0
BRDA:475,99,1,0
BRDA:481,100,0,1
BRDA:481,100,1,0
BRDA:482,101,0,0
BRDA:482,101,1,0
BRDA:490,102,0,5
BRDA:490,102,1,5
BRDA:490,103,0,5
BRDA:490,103,1,5
BRDA:494,104,0,1
BRDA:494,104,1,1
BRDA:494,105,0,1
BRDA:494,105,1,0
BRDA:508,106,0,1
BRDA:508,106,1,0
BRDA:588,107,0,1
BRDA:588,107,1,0
BRDA:602,108,0,0
BRDA:602,108,1,0
BRDA:604,109,0,0
BRDA:604,109,1,0
BRDA:604,110,0,0
BRDA:604,110,1,0
BRDA:614,111,0,0
BRDA:614,111,1,0
BRDA:614,112,0,0
BRDA:614,112,1,0
BRDA:614,112,2,0
BRDA:649,113,0,1
BRDA:649,113,1,0
BRDA:652,114,0,0
BRDA:652,114,1,0
BRDA:658,115,0,0
BRDA:658,115,1,1
BRDA:658,116,0,1
BRDA:658,116,1,1
BRDA:675,117,0,0
BRDA:675,117,1,2
BRDA:688,118,0,1
BRDA:688,118,1,1
BRDA:688,119,0,2
BRDA:688,119,1,2
BRDA:694,120,0,0
BRDA:694,120,1,1
BRDA:698,121,0,0
BRDA:698,121,1,1
BRDA:699,122,0,1
BRDA:699,122,1,0
BRDA:699,123,0,1
BRDA:699,123,1,0
BRDA:699,123,2,0
BRDA:703,124,0,0
BRDA:703,124,1,1
BRDA:703,125,0,1
BRDA:703,125,1,0
BRDA:704,126,0,1
BRDA:704,126,1,1
BRDA:711,127,0,1
BRDA:711,127,1,1
BRDA:711,128,0,1
BRDA:711,128,1,0
BRDA:720,129,0,1
BRDA:720,129,1,1
BRDA:720,130,0,1
BRDA:720,130,1,1
BRDA:724,131,0,1
BRDA:724,131,1,1
BRDA:724,132,0,1
BRDA:724,132,1,0
BRDA:734,133,0,1
BRDA:734,133,1,0
BRDA:763,134,0,1
BRDA:763,134,1,0
BRDA:767,135,0,1
BRDA:767,135,1,0
BRF:290
BRH:112
end_of_record
