{"/Users/umahaea/Documents/workspace/ux-test-platform/src/main/java/origamiV2/jsfiles/appHeader/dist.app-header.js":{"path":"/Users/umahaea/Documents/workspace/ux-test-platform/src/main/java/origamiV2/jsfiles/appHeader/dist.app-header.js","b":{"230":[0,1],"110":[0,0],"231":[1,0],"111":[0,0],"232":[0,0,0],"112":[0,2],"233":[0,0],"113":[2,2],"234":[0,0],"114":[0,0],"235":[0,0],"115":[0,0],"236":[0,0,0,0],"116":[0,0],"237":[0,0],"117":[0,4],"238":[0,0],"118":[0,4],"239":[0,0,0],"119":[4,2],"10":[0,0],"11":[1,0,0],"12":[1,0,0],"13":[10,337],"14":[10,1],"15":[0,59],"16":[0,0],"17":[0,0],"18":[2,59],"19":[61,61],"240":[0,0,0],"120":[4,4],"241":[0,0],"0":[2,26],"121":[0,4],"242":[0,1],"1":[0,0],"122":[4,3],"243":[0,1],"123":[3,3],"2":[0,0],"244":[1,0],"124":[2,2],"245":[0,1],"3":[1,0],"125":[0,2],"246":[1,0],"4":[0,0],"126":[0,2],"247":[1,0],"5":[0,0],"127":[0,0],"248":[0,0],"6":[0,0],"128":[0,0],"249":[1,2],"7":[1,0],"129":[0,0],"8":[1,0],"9":[50,0],"20":[61,5],"21":[61,61],"22":[0,42],"23":[42,0],"24":[42,42,0],"25":[0,41],"26":[29,12],"27":[0,41],"28":[9,41],"29":[2,0],"250":[1,0],"130":[0,0],"251":[0,0],"131":[0,0],"252":[1,0],"132":[0,0],"253":[0,0],"133":[0,0],"254":[1,1],"134":[0,0,0,0,0],"255":[1,0],"135":[0,0],"256":[1,1],"136":[0,0],"257":[1,0],"137":[2,0],"258":[1,1],"138":[0,0,2],"259":[1,0],"139":[2,0],"30":[12,1],"31":[50,6],"32":[1,0],"33":[0,0],"34":[0,0],"35":[0,50],"36":[50,0],"37":[0,50],"38":[0,0],"39":[50,6],"260":[0,0],"140":[2,0],"261":[0,0],"141":[0,0],"262":[0,0],"142":[0,0,0],"263":[0,0],"143":[0,0,0],"264":[0,0],"144":[17,17],"265":[0,0],"145":[34,17],"146":[0,17],"147":[17,2],"148":[2,15],"149":[1,0],"40":[0,50],"41":[50,0],"42":[0,42],"43":[42,42,0,0],"44":[0,0],"45":[0,0],"46":[1,0],"47":[0,1],"48":[0,0],"49":[1,1],"150":[1,0,0,0,0,0],"151":[0,0],"152":[0,0],"153":[0,0,0],"154":[0,0],"155":[0,0],"156":[0,0,0],"157":[0,0,0],"158":[0,0],"159":[0,0],"50":[1,0],"51":[0,91],"52":[0,0],"53":[0,0],"54":[0,41],"55":[41,41],"56":[20,0],"57":[20,21],"58":[41,0],"59":[0,0],"160":[0,0],"161":[0,0],"162":[1,0],"163":[1,0],"164":[0,0],"165":[0,0,0],"166":[1,0],"167":[1,0],"168":[1,1,0],"169":[1,0],"60":[0,0],"61":[0,0],"62":[41,41],"63":[0,0],"64":[9,9],"65":[9,0],"66":[0,0],"67":[0,0],"68":[0,0],"69":[0,0,0],"170":[1,0],"171":[0,1],"172":[0,0],"173":[0,0],"174":[0,1],"175":[1,0],"176":[1,0],"177":[4,0],"178":[4,4],"179":[0,1],"70":[0,0],"71":[0,0],"72":[0,0],"73":[0,1],"74":[0,1],"75":[0,1],"76":[0,0],"77":[0,0],"78":[0,1],"79":[0,0],"180":[1,0],"181":[7,0],"182":[7,0],"183":[7,6],"184":[1,0],"185":[1,0,0],"186":[1,0,1],"187":[1,0],"188":[1,0],"189":[1,0],"80":[0,1],"81":[0,0],"82":[0,1],"83":[1,0,0,0,0,0],"84":[0,0],"85":[0,0],"86":[0,0],"87":[0,0,0],"88":[0,0],"89":[0,0],"190":[1,0],"191":[0,1],"192":[0,0],"193":[0,0],"194":[0,0],"195":[0,0],"196":[1,0,0],"197":[1,0,1],"198":[0,0],"199":[2,0],"90":[0,0],"91":[0,0],"92":[0,1],"93":[1,0],"94":[0,0],"95":[0,0],"96":[2,2],"97":[1,0],"98":[1,0],"99":[1,1],"200":[0,0],"201":[0,0],"202":[1,0,1],"203":[1,1,0],"204":[1,1],"205":[1,0],"206":[1,0],"207":[0,0],"208":[0,0],"209":[0,0],"210":[0,0],"211":[1,0,0],"212":[1,0,1],"213":[1,0],"214":[7,5],"215":[7,1],"216":[7,0],"217":[0,0],"218":[0,0],"219":[0,0],"220":[1,1],"100":[1,1],"221":[6,4],"101":[0,0],"222":[1,0],"102":[0,0],"223":[1,1],"103":[0,1],"224":[1,0],"104":[1,0],"225":[1,0],"105":[1,1,1],"226":[1,1],"106":[0,0],"227":[2,2,2],"107":[2,2],"228":[1,0],"108":[0,17],"229":[1,1],"109":[0,2]},"statementMap":{"0":{"start":{"line":1,"column":0},"end":{"line":956,"column":4}},"1":{"start":{"line":3,"column":2},"end":{"line":3,"column":31}},"2":{"start":{"line":3,"column":11},"end":{"line":3,"column":31}},"3":{"start":{"line":4,"column":10},"end":{"line":4,"column":49}},"4":{"start":{"line":5,"column":2},"end":{"line":5,"column":72}},"5":{"start":{"line":8,"column":9},"end":{"line":8,"column":11}},"6":{"start":{"line":9,"column":1},"end":{"line":9,"column":40}},"7":{"start":{"line":11,"column":1},"end":{"line":11,"column":17}},"8":{"start":{"line":15,"column":2},"end":{"line":15,"column":110}},"9":{"start":{"line":15,"column":33},"end":{"line":15,"column":110}},"600":{"start":{"line":832,"column":3},"end":{"line":832,"column":20}},"601":{"start":{"line":833,"column":3},"end":{"line":833,"column":95}},"602":{"start":{"line":833,"column":81},"end":{"line":833,"column":95}},"603":{"start":{"line":834,"column":3},"end":{"line":834,"column":35}},"604":{"start":{"line":838,"column":1},"end":{"line":838,"column":14}},"605":{"start":{"line":843,"column":3},"end":{"line":843,"column":267}},"606":{"start":{"line":847,"column":3},"end":{"line":856,"column":4}},"607":{"start":{"line":848,"column":4},"end":{"line":848,"column":44}},"608":{"start":{"line":849,"column":12},"end":{"line":849,"column":23}},"609":{"start":{"line":849,"column":29},"end":{"line":849,"column":77}},"610":{"start":{"line":849,"column":83},"end":{"line":849,"column":132}},"611":{"start":{"line":850,"column":4},"end":{"line":850,"column":103}},"612":{"start":{"line":850,"column":50},"end":{"line":850,"column":103}},"613":{"start":{"line":851,"column":12},"end":{"line":851,"column":165}},"614":{"start":{"line":851,"column":171},"end":{"line":851,"column":192}},"615":{"start":{"line":852,"column":4},"end":{"line":855,"column":5}},"616":{"start":{"line":853,"column":13},"end":{"line":853,"column":27}},"617":{"start":{"line":854,"column":5},"end":{"line":854,"column":140}},"618":{"start":{"line":860,"column":3},"end":{"line":860,"column":14}},"619":{"start":{"line":863,"column":2},"end":{"line":863,"column":90}},"620":{"start":{"line":863,"column":27},"end":{"line":863,"column":90}},"500":{"start":{"line":667,"column":2},"end":{"line":667,"column":50}},"621":{"start":{"line":864,"column":2},"end":{"line":864,"column":67}},"501":{"start":{"line":669,"column":2},"end":{"line":669,"column":58}},"622":{"start":{"line":864,"column":9},"end":{"line":864,"column":67}},"502":{"start":{"line":671,"column":2},"end":{"line":671,"column":109}},"623":{"start":{"line":865,"column":2},"end":{"line":878,"column":3}},"503":{"start":{"line":671,"column":51},"end":{"line":671,"column":109}},"624":{"start":{"line":866,"column":11},"end":{"line":866,"column":15}},"504":{"start":{"line":673,"column":2},"end":{"line":673,"column":14}},"625":{"start":{"line":867,"column":3},"end":{"line":867,"column":20}},"505":{"start":{"line":674,"column":10},"end":{"line":674,"column":35}},"626":{"start":{"line":868,"column":11},"end":{"line":868,"column":80}},"506":{"start":{"line":674,"column":41},"end":{"line":674,"column":89}},"627":{"start":{"line":869,"column":3},"end":{"line":869,"column":107}},"507":{"start":{"line":674,"column":95},"end":{"line":674,"column":137}},"628":{"start":{"line":869,"column":10},"end":{"line":869,"column":107}},"508":{"start":{"line":675,"column":2},"end":{"line":675,"column":37}},"629":{"start":{"line":870,"column":3},"end":{"line":875,"column":4}},"509":{"start":{"line":677,"column":10},"end":{"line":677,"column":62}},"630":{"start":{"line":871,"column":12},"end":{"line":871,"column":32}},"510":{"start":{"line":677,"column":68},"end":{"line":677,"column":70}},"631":{"start":{"line":872,"column":4},"end":{"line":874,"column":26}},"511":{"start":{"line":678,"column":2},"end":{"line":678,"column":18}},"632":{"start":{"line":873,"column":5},"end":{"line":873,"column":30}},"512":{"start":{"line":678,"column":9},"end":{"line":678,"column":18}},"633":{"start":{"line":876,"column":11},"end":{"line":876,"column":19}},"513":{"start":{"line":679,"column":2},"end":{"line":683,"column":3}},"634":{"start":{"line":877,"column":3},"end":{"line":877,"column":190}},"514":{"start":{"line":680,"column":3},"end":{"line":680,"column":32}},"635":{"start":{"line":882,"column":2},"end":{"line":885,"column":3}},"515":{"start":{"line":682,"column":3},"end":{"line":682,"column":72}},"636":{"start":{"line":883,"column":3},"end":{"line":883,"column":56}},"516":{"start":{"line":684,"column":2},"end":{"line":684,"column":10}},"637":{"start":{"line":883,"column":47},"end":{"line":883,"column":56}},"517":{"start":{"line":686,"column":2},"end":{"line":686,"column":153}},"638":{"start":{"line":884,"column":3},"end":{"line":884,"column":22}},"518":{"start":{"line":686,"column":70},"end":{"line":686,"column":153}},"639":{"start":{"line":889,"column":2},"end":{"line":889,"column":135}},"519":{"start":{"line":688,"column":10},"end":{"line":688,"column":42}},"640":{"start":{"line":893,"column":10},"end":{"line":893,"column":62}},"520":{"start":{"line":689,"column":2},"end":{"line":689,"column":142}},"641":{"start":{"line":893,"column":68},"end":{"line":893,"column":83}},"400":{"start":{"line":482,"column":3},"end":{"line":491,"column":4}},"521":{"start":{"line":691,"column":2},"end":{"line":691,"column":182}},"642":{"start":{"line":894,"column":2},"end":{"line":896,"column":8}},"401":{"start":{"line":484,"column":5},"end":{"line":484,"column":32}},"522":{"start":{"line":694,"column":3},"end":{"line":694,"column":44}},"643":{"start":{"line":895,"column":3},"end":{"line":895,"column":30}},"402":{"start":{"line":485,"column":5},"end":{"line":485,"column":11}},"523":{"start":{"line":695,"column":11},"end":{"line":695,"column":13}},"644":{"start":{"line":900,"column":2},"end":{"line":903,"column":3}},"403":{"start":{"line":487,"column":5},"end":{"line":487,"column":182}},"524":{"start":{"line":696,"column":3},"end":{"line":696,"column":96}},"645":{"start":{"line":901,"column":11},"end":{"line":901,"column":15}},"404":{"start":{"line":488,"column":5},"end":{"line":488,"column":11}},"525":{"start":{"line":697,"column":11},"end":{"line":697,"column":19}},"646":{"start":{"line":901,"column":21},"end":{"line":901,"column":69}},"405":{"start":{"line":490,"column":5},"end":{"line":490,"column":31}},"526":{"start":{"line":698,"column":3},"end":{"line":698,"column":67}},"647":{"start":{"line":902,"column":3},"end":{"line":902,"column":173}},"406":{"start":{"line":492,"column":3},"end":{"line":496,"column":4}},"527":{"start":{"line":701,"column":10},"end":{"line":701,"column":26}},"648":{"start":{"line":906,"column":9},"end":{"line":906,"column":13}},"407":{"start":{"line":493,"column":4},"end":{"line":493,"column":165}},"528":{"start":{"line":701,"column":32},"end":{"line":701,"column":34}},"649":{"start":{"line":906,"column":19},"end":{"line":906,"column":24}},"408":{"start":{"line":493,"column":44},"end":{"line":493,"column":165}},"529":{"start":{"line":701,"column":40},"end":{"line":701,"column":42}},"409":{"start":{"line":493,"column":123},"end":{"line":493,"column":165}},"650":{"start":{"line":906,"column":30},"end":{"line":906,"column":35}},"530":{"start":{"line":701,"column":48},"end":{"line":701,"column":49}},"651":{"start":{"line":906,"column":41},"end":{"line":906,"column":56}},"410":{"start":{"line":494,"column":4},"end":{"line":494,"column":22}},"531":{"start":{"line":701,"column":55},"end":{"line":701,"column":77}},"652":{"start":{"line":906,"column":62},"end":{"line":906,"column":78}},"411":{"start":{"line":494,"column":16},"end":{"line":494,"column":22}},"532":{"start":{"line":702,"column":2},"end":{"line":711,"column":3}},"653":{"start":{"line":906,"column":84},"end":{"line":906,"column":112}},"412":{"start":{"line":495,"column":4},"end":{"line":495,"column":37}},"533":{"start":{"line":703,"column":11},"end":{"line":703,"column":46}},"654":{"start":{"line":906,"column":118},"end":{"line":906,"column":145}},"413":{"start":{"line":499,"column":2},"end":{"line":499,"column":32}},"534":{"start":{"line":703,"column":52},"end":{"line":703,"column":54}},"655":{"start":{"line":906,"column":151},"end":{"line":906,"column":156}},"414":{"start":{"line":501,"column":9},"end":{"line":506,"column":11}},"535":{"start":{"line":704,"column":3},"end":{"line":710,"column":4}},"656":{"start":{"line":906,"column":162},"end":{"line":906,"column":169}},"415":{"start":{"line":502,"column":2},"end":{"line":505,"column":3}},"536":{"start":{"line":705,"column":4},"end":{"line":705,"column":183}},"657":{"start":{"line":906,"column":175},"end":{"line":906,"column":185}},"416":{"start":{"line":503,"column":11},"end":{"line":503,"column":22}},"537":{"start":{"line":705,"column":45},"end":{"line":705,"column":183}},"658":{"start":{"line":906,"column":191},"end":{"line":906,"column":203}},"417":{"start":{"line":504,"column":3},"end":{"line":504,"column":136}},"538":{"start":{"line":706,"column":4},"end":{"line":709,"column":265}},"659":{"start":{"line":906,"column":209},"end":{"line":906,"column":252}},"418":{"start":{"line":507,"column":1},"end":{"line":509,"column":2}},"539":{"start":{"line":712,"column":2},"end":{"line":725,"column":3}},"419":{"start":{"line":508,"column":2},"end":{"line":508,"column":25}},"660":{"start":{"line":907,"column":1},"end":{"line":915,"column":17}},"540":{"start":{"line":713,"column":3},"end":{"line":716,"column":265}},"661":{"start":{"line":908,"column":2},"end":{"line":908,"column":81}},"420":{"start":{"line":520,"column":9},"end":{"line":520,"column":13}},"541":{"start":{"line":717,"column":11},"end":{"line":717,"column":54}},"662":{"start":{"line":908,"column":61},"end":{"line":908,"column":81}},"300":{"start":{"line":351,"column":11},"end":{"line":351,"column":37}},"421":{"start":{"line":521,"column":1},"end":{"line":523,"column":26}},"542":{"start":{"line":718,"column":3},"end":{"line":724,"column":4}},"663":{"start":{"line":909,"column":2},"end":{"line":909,"column":10}},"301":{"start":{"line":351,"column":43},"end":{"line":351,"column":55}},"422":{"start":{"line":522,"column":2},"end":{"line":522,"column":17}},"543":{"start":{"line":719,"column":12},"end":{"line":719,"column":53}},"664":{"start":{"line":911,"column":2},"end":{"line":911,"column":44}},"302":{"start":{"line":352,"column":3},"end":{"line":352,"column":85}},"423":{"start":{"line":526,"column":2},"end":{"line":526,"column":52}},"544":{"start":{"line":720,"column":4},"end":{"line":723,"column":17}},"665":{"start":{"line":913,"column":10},"end":{"line":913,"column":22}},"303":{"start":{"line":357,"column":10},"end":{"line":357,"column":15}},"424":{"start":{"line":530,"column":2},"end":{"line":530,"column":54}},"545":{"start":{"line":721,"column":13},"end":{"line":721,"column":51}},"666":{"start":{"line":913,"column":28},"end":{"line":913,"column":46}},"304":{"start":{"line":357,"column":21},"end":{"line":357,"column":28}},"425":{"start":{"line":534,"column":2},"end":{"line":534,"column":47}},"546":{"start":{"line":722,"column":5},"end":{"line":722,"column":110}},"667":{"start":{"line":913,"column":52},"end":{"line":913,"column":123}},"305":{"start":{"line":358,"column":2},"end":{"line":361,"column":3}},"426":{"start":{"line":534,"column":23},"end":{"line":534,"column":47}},"547":{"start":{"line":726,"column":2},"end":{"line":745,"column":4}},"668":{"start":{"line":913,"column":129},"end":{"line":913,"column":178}},"306":{"start":{"line":358,"column":52},"end":{"line":358,"column":77}},"427":{"start":{"line":535,"column":2},"end":{"line":535,"column":76}},"548":{"start":{"line":727,"column":3},"end":{"line":727,"column":55}},"669":{"start":{"line":914,"column":2},"end":{"line":914,"column":154}},"307":{"start":{"line":359,"column":3},"end":{"line":359,"column":52}},"428":{"start":{"line":535,"column":36},"end":{"line":535,"column":76}},"549":{"start":{"line":748,"column":3},"end":{"line":750,"column":4}},"308":{"start":{"line":359,"column":24},"end":{"line":359,"column":52}},"429":{"start":{"line":536,"column":2},"end":{"line":544,"column":3}},"309":{"start":{"line":360,"column":3},"end":{"line":360,"column":44}},"670":{"start":{"line":914,"column":19},"end":{"line":914,"column":154}},"550":{"start":{"line":749,"column":4},"end":{"line":749,"column":60}},"671":{"start":{"line":917,"column":1},"end":{"line":917,"column":63}},"430":{"start":{"line":537,"column":3},"end":{"line":537,"column":17}},"551":{"start":{"line":753,"column":10},"end":{"line":753,"column":22}},"672":{"start":{"line":921,"column":2},"end":{"line":924,"column":3}},"310":{"start":{"line":365,"column":10},"end":{"line":365,"column":15}},"431":{"start":{"line":539,"column":3},"end":{"line":543,"column":4}},"552":{"start":{"line":753,"column":28},"end":{"line":753,"column":42}},"673":{"start":{"line":922,"column":11},"end":{"line":922,"column":40}},"311":{"start":{"line":365,"column":21},"end":{"line":365,"column":32}},"432":{"start":{"line":540,"column":4},"end":{"line":540,"column":29}},"553":{"start":{"line":754,"column":2},"end":{"line":754,"column":41}},"674":{"start":{"line":923,"column":3},"end":{"line":923,"column":66}},"312":{"start":{"line":366,"column":2},"end":{"line":366,"column":133}},"433":{"start":{"line":542,"column":4},"end":{"line":542,"column":29}},"554":{"start":{"line":754,"column":29},"end":{"line":754,"column":41}},"675":{"start":{"line":928,"column":2},"end":{"line":928,"column":67}},"313":{"start":{"line":367,"column":10},"end":{"line":367,"column":43}},"434":{"start":{"line":548,"column":2},"end":{"line":548,"column":48}},"555":{"start":{"line":755,"column":2},"end":{"line":755,"column":57}},"676":{"start":{"line":928,"column":43},"end":{"line":928,"column":67}},"314":{"start":{"line":367,"column":49},"end":{"line":367,"column":55}},"435":{"start":{"line":548,"column":25},"end":{"line":548,"column":48}},"556":{"start":{"line":755,"column":37},"end":{"line":755,"column":57}},"677":{"start":{"line":928,"column":58},"end":{"line":928,"column":67}},"315":{"start":{"line":368,"column":2},"end":{"line":368,"column":62}},"436":{"start":{"line":549,"column":2},"end":{"line":549,"column":79}},"557":{"start":{"line":756,"column":2},"end":{"line":756,"column":62}},"678":{"start":{"line":929,"column":2},"end":{"line":929,"column":11}},"316":{"start":{"line":371,"column":9},"end":{"line":371,"column":11}},"437":{"start":{"line":549,"column":38},"end":{"line":549,"column":79}},"558":{"start":{"line":758,"column":10},"end":{"line":758,"column":22}},"679":{"start":{"line":933,"column":2},"end":{"line":933,"column":64}},"317":{"start":{"line":371,"column":17},"end":{"line":376,"column":2}},"438":{"start":{"line":550,"column":2},"end":{"line":558,"column":3}},"559":{"start":{"line":758,"column":28},"end":{"line":758,"column":38}},"318":{"start":{"line":373,"column":2},"end":{"line":375,"column":3}},"439":{"start":{"line":551,"column":3},"end":{"line":551,"column":14}},"319":{"start":{"line":374,"column":3},"end":{"line":374,"column":70}},"680":{"start":{"line":933,"column":43},"end":{"line":933,"column":64}},"560":{"start":{"line":758,"column":44},"end":{"line":758,"column":68}},"681":{"start":{"line":933,"column":55},"end":{"line":933,"column":64}},"440":{"start":{"line":553,"column":3},"end":{"line":557,"column":4}},"561":{"start":{"line":758,"column":74},"end":{"line":761,"column":3}},"682":{"start":{"line":934,"column":2},"end":{"line":934,"column":11}},"320":{"start":{"line":376,"column":8},"end":{"line":378,"column":3}},"441":{"start":{"line":554,"column":4},"end":{"line":554,"column":26}},"562":{"start":{"line":762,"column":2},"end":{"line":764,"column":4}},"683":{"start":{"line":939,"column":2},"end":{"line":941,"column":67}},"200":{"start":{"line":220,"column":113},"end":{"line":223,"column":4}},"321":{"start":{"line":377,"column":2},"end":{"line":377,"column":68}},"442":{"start":{"line":556,"column":4},"end":{"line":556,"column":26}},"563":{"start":{"line":763,"column":3},"end":{"line":763,"column":86}},"684":{"start":{"line":940,"column":3},"end":{"line":940,"column":46}},"201":{"start":{"line":221,"column":4},"end":{"line":221,"column":11}},"322":{"start":{"line":378,"column":9},"end":{"line":380,"column":3}},"443":{"start":{"line":562,"column":2},"end":{"line":562,"column":74}},"564":{"start":{"line":766,"column":2},"end":{"line":766,"column":21}},"685":{"start":{"line":940,"column":26},"end":{"line":940,"column":46}},"202":{"start":{"line":222,"column":4},"end":{"line":222,"column":9}},"323":{"start":{"line":379,"column":2},"end":{"line":379,"column":66}},"444":{"start":{"line":566,"column":2},"end":{"line":574,"column":3}},"565":{"start":{"line":767,"column":10},"end":{"line":767,"column":64}},"686":{"start":{"line":940,"column":38},"end":{"line":940,"column":46}},"203":{"start":{"line":224,"column":3},"end":{"line":224,"column":67}},"324":{"start":{"line":380,"column":9},"end":{"line":380,"column":13}},"445":{"start":{"line":567,"column":11},"end":{"line":567,"column":15}},"566":{"start":{"line":768,"column":2},"end":{"line":771,"column":3}},"687":{"start":{"line":941,"column":9},"end":{"line":941,"column":67}},"204":{"start":{"line":224,"column":47},"end":{"line":224,"column":67}},"325":{"start":{"line":380,"column":19},"end":{"line":380,"column":20}},"446":{"start":{"line":568,"column":3},"end":{"line":568,"column":10}},"567":{"start":{"line":769,"column":3},"end":{"line":769,"column":51}},"688":{"start":{"line":941,"column":46},"end":{"line":941,"column":67}},"205":{"start":{"line":225,"column":3},"end":{"line":230,"column":4}},"326":{"start":{"line":380,"column":26},"end":{"line":380,"column":28}},"447":{"start":{"line":569,"column":3},"end":{"line":572,"column":4}},"568":{"start":{"line":770,"column":3},"end":{"line":770,"column":44}},"689":{"start":{"line":941,"column":58},"end":{"line":941,"column":67}},"206":{"start":{"line":226,"column":15},"end":{"line":226,"column":25}},"327":{"start":{"line":381,"column":1},"end":{"line":401,"column":3}},"448":{"start":{"line":570,"column":4},"end":{"line":570,"column":49}},"569":{"start":{"line":772,"column":2},"end":{"line":772,"column":57}},"207":{"start":{"line":227,"column":4},"end":{"line":227,"column":30}},"328":{"start":{"line":382,"column":2},"end":{"line":382,"column":133}},"449":{"start":{"line":570,"column":33},"end":{"line":570,"column":49}},"208":{"start":{"line":227,"column":16},"end":{"line":227,"column":30}},"329":{"start":{"line":383,"column":10},"end":{"line":383,"column":14}},"209":{"start":{"line":228,"column":4},"end":{"line":228,"column":80}},"690":{"start":{"line":942,"column":2},"end":{"line":942,"column":11}},"570":{"start":{"line":775,"column":9},"end":{"line":775,"column":14}},"691":{"start":{"line":946,"column":2},"end":{"line":946,"column":70}},"450":{"start":{"line":571,"column":4},"end":{"line":571,"column":24}},"571":{"start":{"line":775,"column":20},"end":{"line":775,"column":25}},"692":{"start":{"line":949,"column":1},"end":{"line":949,"column":111}},"330":{"start":{"line":384,"column":2},"end":{"line":400,"column":3}},"451":{"start":{"line":573,"column":3},"end":{"line":573,"column":25}},"572":{"start":{"line":775,"column":31},"end":{"line":775,"column":36}},"693":{"start":{"line":952,"column":9},"end":{"line":952,"column":14}},"210":{"start":{"line":228,"column":45},"end":{"line":228,"column":80}},"331":{"start":{"line":385,"column":3},"end":{"line":388,"column":4}},"452":{"start":{"line":578,"column":2},"end":{"line":578,"column":30}},"573":{"start":{"line":775,"column":42},"end":{"line":775,"column":47}},"694":{"start":{"line":952,"column":20},"end":{"line":954,"column":2}},"211":{"start":{"line":229,"column":4},"end":{"line":229,"column":29}},"332":{"start":{"line":386,"column":12},"end":{"line":386,"column":16}},"453":{"start":{"line":584,"column":15},"end":{"line":584,"column":29}},"574":{"start":{"line":776,"column":1},"end":{"line":776,"column":79}},"695":{"start":{"line":953,"column":2},"end":{"line":953,"column":65}},"212":{"start":{"line":229,"column":16},"end":{"line":229,"column":29}},"333":{"start":{"line":386,"column":22},"end":{"line":386,"column":29}},"454":{"start":{"line":585,"column":1},"end":{"line":596,"column":5}},"575":{"start":{"line":779,"column":2},"end":{"line":795,"column":89}},"696":{"start":{"line":955,"column":1},"end":{"line":955,"column":66}},"213":{"start":{"line":231,"column":3},"end":{"line":231,"column":16}},"334":{"start":{"line":387,"column":4},"end":{"line":387,"column":23}},"455":{"start":{"line":586,"column":2},"end":{"line":590,"column":3}},"576":{"start":{"line":780,"column":3},"end":{"line":780,"column":30}},"214":{"start":{"line":233,"column":3},"end":{"line":233,"column":78}},"335":{"start":{"line":389,"column":3},"end":{"line":392,"column":4}},"456":{"start":{"line":587,"column":3},"end":{"line":587,"column":55}},"577":{"start":{"line":782,"column":3},"end":{"line":784,"column":34}},"215":{"start":{"line":235,"column":3},"end":{"line":235,"column":55}},"336":{"start":{"line":390,"column":12},"end":{"line":390,"column":16}},"457":{"start":{"line":589,"column":3},"end":{"line":589,"column":8}},"578":{"start":{"line":783,"column":4},"end":{"line":783,"column":24}},"216":{"start":{"line":237,"column":3},"end":{"line":237,"column":49}},"337":{"start":{"line":391,"column":4},"end":{"line":391,"column":11}},"458":{"start":{"line":591,"column":2},"end":{"line":595,"column":3}},"579":{"start":{"line":786,"column":3},"end":{"line":786,"column":19}},"217":{"start":{"line":238,"column":11},"end":{"line":238,"column":39}},"338":{"start":{"line":393,"column":3},"end":{"line":399,"column":4}},"459":{"start":{"line":592,"column":3},"end":{"line":592,"column":59}},"218":{"start":{"line":239,"column":3},"end":{"line":239,"column":25}},"339":{"start":{"line":394,"column":12},"end":{"line":394,"column":16}},"219":{"start":{"line":241,"column":3},"end":{"line":241,"column":55}},"580":{"start":{"line":788,"column":3},"end":{"line":794,"column":46}},"460":{"start":{"line":594,"column":3},"end":{"line":594,"column":8}},"581":{"start":{"line":789,"column":4},"end":{"line":789,"column":16}},"340":{"start":{"line":395,"column":4},"end":{"line":398,"column":5}},"461":{"start":{"line":597,"column":12},"end":{"line":597,"column":14}},"582":{"start":{"line":791,"column":4},"end":{"line":793,"column":40}},"220":{"start":{"line":242,"column":11},"end":{"line":242,"column":33}},"341":{"start":{"line":396,"column":5},"end":{"line":396,"column":58}},"462":{"start":{"line":597,"column":20},"end":{"line":597,"column":22}},"583":{"start":{"line":792,"column":5},"end":{"line":792,"column":17}},"100":{"start":{"line":144,"column":3},"end":{"line":144,"column":11}},"221":{"start":{"line":243,"column":3},"end":{"line":243,"column":22}},"342":{"start":{"line":396,"column":45},"end":{"line":396,"column":58}},"463":{"start":{"line":597,"column":28},"end":{"line":597,"column":30}},"584":{"start":{"line":798,"column":9},"end":{"line":798,"column":13}},"101":{"start":{"line":145,"column":9},"end":{"line":148,"column":3}},"222":{"start":{"line":245,"column":11},"end":{"line":245,"column":47}},"343":{"start":{"line":397,"column":5},"end":{"line":397,"column":19}},"464":{"start":{"line":598,"column":1},"end":{"line":614,"column":2}},"585":{"start":{"line":798,"column":19},"end":{"line":798,"column":32}},"102":{"start":{"line":146,"column":11},"end":{"line":146,"column":15}},"223":{"start":{"line":246,"column":3},"end":{"line":246,"column":50}},"344":{"start":{"line":402,"column":9},"end":{"line":407,"column":4}},"465":{"start":{"line":599,"column":10},"end":{"line":599,"column":41}},"586":{"start":{"line":798,"column":38},"end":{"line":798,"column":52}},"103":{"start":{"line":147,"column":3},"end":{"line":147,"column":49}},"224":{"start":{"line":248,"column":3},"end":{"line":248,"column":43}},"345":{"start":{"line":403,"column":10},"end":{"line":403,"column":12}},"466":{"start":{"line":600,"column":2},"end":{"line":600,"column":93}},"587":{"start":{"line":798,"column":59},"end":{"line":798,"column":80}},"104":{"start":{"line":148,"column":9},"end":{"line":150,"column":3}},"225":{"start":{"line":249,"column":11},"end":{"line":249,"column":47}},"346":{"start":{"line":404,"column":2},"end":{"line":406,"column":3}},"467":{"start":{"line":600,"column":27},"end":{"line":600,"column":93}},"588":{"start":{"line":798,"column":87},"end":{"line":798,"column":92}},"105":{"start":{"line":149,"column":3},"end":{"line":149,"column":22}},"226":{"start":{"line":250,"column":3},"end":{"line":250,"column":83}},"347":{"start":{"line":405,"column":3},"end":{"line":405,"column":48}},"468":{"start":{"line":600,"column":69},"end":{"line":600,"column":93}},"589":{"start":{"line":799,"column":1},"end":{"line":799,"column":14}},"106":{"start":{"line":150,"column":9},"end":{"line":152,"column":3}},"227":{"start":{"line":252,"column":3},"end":{"line":252,"column":42}},"348":{"start":{"line":411,"column":2},"end":{"line":411,"column":53}},"469":{"start":{"line":601,"column":2},"end":{"line":601,"column":50}},"107":{"start":{"line":151,"column":3},"end":{"line":151,"column":14}},"228":{"start":{"line":253,"column":11},"end":{"line":253,"column":27}},"349":{"start":{"line":411,"column":43},"end":{"line":411,"column":53}},"108":{"start":{"line":153,"column":2},"end":{"line":156,"column":4}},"229":{"start":{"line":253,"column":33},"end":{"line":253,"column":37}},"109":{"start":{"line":153,"column":46},"end":{"line":156,"column":3}},"590":{"start":{"line":803,"column":10},"end":{"line":803,"column":40}},"470":{"start":{"line":603,"column":2},"end":{"line":603,"column":34}},"591":{"start":{"line":804,"column":2},"end":{"line":804,"column":55}},"350":{"start":{"line":414,"column":1},"end":{"line":414,"column":14}},"471":{"start":{"line":605,"column":2},"end":{"line":605,"column":11}},"592":{"start":{"line":807,"column":9},"end":{"line":807,"column":13}},"230":{"start":{"line":254,"column":3},"end":{"line":258,"column":4}},"351":{"start":{"line":417,"column":1},"end":{"line":417,"column":7}},"472":{"start":{"line":607,"column":2},"end":{"line":607,"column":53}},"593":{"start":{"line":808,"column":1},"end":{"line":819,"column":2}},"110":{"start":{"line":154,"column":11},"end":{"line":154,"column":24}},"231":{"start":{"line":255,"column":4},"end":{"line":255,"column":15}},"352":{"start":{"line":418,"column":12},"end":{"line":418,"column":17}},"473":{"start":{"line":609,"column":2},"end":{"line":609,"column":12}},"594":{"start":{"line":809,"column":2},"end":{"line":809,"column":26}},"111":{"start":{"line":155,"column":3},"end":{"line":155,"column":109}},"232":{"start":{"line":256,"column":4},"end":{"line":256,"column":76}},"353":{"start":{"line":418,"column":23},"end":{"line":420,"column":2}},"474":{"start":{"line":611,"column":2},"end":{"line":611,"column":51}},"595":{"start":{"line":822,"column":1},"end":{"line":827,"column":2}},"112":{"start":{"line":155,"column":15},"end":{"line":155,"column":109}},"233":{"start":{"line":256,"column":56},"end":{"line":256,"column":76}},"354":{"start":{"line":419,"column":2},"end":{"line":419,"column":51}},"475":{"start":{"line":613,"column":2},"end":{"line":613,"column":10}},"596":{"start":{"line":823,"column":2},"end":{"line":826,"column":3}},"113":{"start":{"line":157,"column":10},"end":{"line":160,"column":3}},"234":{"start":{"line":257,"column":4},"end":{"line":257,"column":14}},"355":{"start":{"line":420,"column":8},"end":{"line":422,"column":2}},"476":{"start":{"line":616,"column":9},"end":{"line":616,"column":13}},"597":{"start":{"line":824,"column":11},"end":{"line":824,"column":40}},"114":{"start":{"line":158,"column":11},"end":{"line":158,"column":15}},"235":{"start":{"line":259,"column":3},"end":{"line":259,"column":16}},"356":{"start":{"line":421,"column":2},"end":{"line":421,"column":215}},"477":{"start":{"line":617,"column":1},"end":{"line":617,"column":47}},"598":{"start":{"line":825,"column":3},"end":{"line":825,"column":66}},"115":{"start":{"line":159,"column":3},"end":{"line":159,"column":40}},"236":{"start":{"line":263,"column":1},"end":{"line":282,"column":2}},"357":{"start":{"line":423,"column":1},"end":{"line":425,"column":27}},"478":{"start":{"line":618,"column":1},"end":{"line":618,"column":13}},"599":{"start":{"line":831,"column":2},"end":{"line":835,"column":3}},"116":{"start":{"line":160,"column":9},"end":{"line":167,"column":3}},"237":{"start":{"line":264,"column":10},"end":{"line":264,"column":12}},"358":{"start":{"line":424,"column":2},"end":{"line":424,"column":16}},"479":{"start":{"line":619,"column":1},"end":{"line":619,"column":35}},"117":{"start":{"line":161,"column":14},"end":{"line":161,"column":17}},"238":{"start":{"line":265,"column":2},"end":{"line":281,"column":6}},"359":{"start":{"line":427,"column":1},"end":{"line":427,"column":9448}},"118":{"start":{"line":161,"column":23},"end":{"line":161,"column":31}},"239":{"start":{"line":266,"column":3},"end":{"line":269,"column":4}},"119":{"start":{"line":161,"column":37},"end":{"line":161,"column":50}},"10":{"start":{"line":16,"column":2},"end":{"line":16,"column":18}},"11":{"start":{"line":19,"column":9},"end":{"line":19,"column":40}},"12":{"start":{"line":19,"column":46},"end":{"line":19,"column":83}},"13":{"start":{"line":20,"column":1},"end":{"line":30,"column":3}},"14":{"start":{"line":21,"column":3},"end":{"line":28,"column":4}},"15":{"start":{"line":22,"column":4},"end":{"line":22,"column":29}},"16":{"start":{"line":23,"column":4},"end":{"line":23,"column":50}},"17":{"start":{"line":23,"column":20},"end":{"line":23,"column":50}},"18":{"start":{"line":24,"column":4},"end":{"line":27,"column":5}},"19":{"start":{"line":25,"column":5},"end":{"line":25,"column":41}},"480":{"start":{"line":621,"column":1},"end":{"line":621,"column":629}},"360":{"start":{"line":431,"column":2},"end":{"line":431,"column":93}},"481":{"start":{"line":623,"column":1},"end":{"line":623,"column":1837}},"240":{"start":{"line":267,"column":12},"end":{"line":267,"column":19}},"361":{"start":{"line":435,"column":2},"end":{"line":435,"column":52}},"482":{"start":{"line":625,"column":1},"end":{"line":625,"column":6925}},"120":{"start":{"line":161,"column":56},"end":{"line":161,"column":76}},"241":{"start":{"line":268,"column":4},"end":{"line":268,"column":69}},"362":{"start":{"line":439,"column":2},"end":{"line":439,"column":78}},"483":{"start":{"line":627,"column":1},"end":{"line":627,"column":1625}},"121":{"start":{"line":162,"column":3},"end":{"line":165,"column":4}},"242":{"start":{"line":270,"column":3},"end":{"line":270,"column":20}},"363":{"start":{"line":443,"column":2},"end":{"line":443,"column":19}},"484":{"start":{"line":631,"column":2},"end":{"line":631,"column":17}},"122":{"start":{"line":162,"column":23},"end":{"line":162,"column":29}},"243":{"start":{"line":272,"column":3},"end":{"line":272,"column":49}},"364":{"start":{"line":446,"column":1},"end":{"line":500,"column":3}},"485":{"start":{"line":637,"column":9},"end":{"line":637,"column":13}},"123":{"start":{"line":163,"column":12},"end":{"line":163,"column":19}},"244":{"start":{"line":273,"column":3},"end":{"line":276,"column":4}},"365":{"start":{"line":447,"column":13},"end":{"line":447,"column":29}},"486":{"start":{"line":637,"column":19},"end":{"line":637,"column":24}},"124":{"start":{"line":164,"column":4},"end":{"line":164,"column":228}},"245":{"start":{"line":274,"column":12},"end":{"line":274,"column":22}},"366":{"start":{"line":448,"column":2},"end":{"line":451,"column":3}},"487":{"start":{"line":637,"column":30},"end":{"line":637,"column":35}},"125":{"start":{"line":166,"column":3},"end":{"line":166,"column":11}},"246":{"start":{"line":275,"column":4},"end":{"line":275,"column":39}},"367":{"start":{"line":449,"column":3},"end":{"line":449,"column":101}},"488":{"start":{"line":637,"column":42},"end":{"line":637,"column":58}},"126":{"start":{"line":167,"column":9},"end":{"line":174,"column":3}},"247":{"start":{"line":277,"column":3},"end":{"line":280,"column":4}},"368":{"start":{"line":449,"column":18},"end":{"line":449,"column":101}},"489":{"start":{"line":637,"column":65},"end":{"line":637,"column":70}},"127":{"start":{"line":168,"column":14},"end":{"line":168,"column":17}},"248":{"start":{"line":278,"column":12},"end":{"line":278,"column":16}},"369":{"start":{"line":450,"column":3},"end":{"line":450,"column":100}},"128":{"start":{"line":168,"column":23},"end":{"line":168,"column":31}},"249":{"start":{"line":279,"column":4},"end":{"line":279,"column":125}},"129":{"start":{"line":168,"column":37},"end":{"line":168,"column":41}},"20":{"start":{"line":26,"column":5},"end":{"line":26,"column":77}},"21":{"start":{"line":26,"column":39},"end":{"line":26,"column":77}},"22":{"start":{"line":29,"column":3},"end":{"line":29,"column":11}},"23":{"start":{"line":32,"column":1},"end":{"line":261,"column":18}},"24":{"start":{"line":51,"column":3},"end":{"line":51,"column":56}},"25":{"start":{"line":55,"column":3},"end":{"line":55,"column":203}},"26":{"start":{"line":59,"column":3},"end":{"line":59,"column":184}},"27":{"start":{"line":62,"column":2},"end":{"line":82,"column":4}},"28":{"start":{"line":63,"column":3},"end":{"line":63,"column":45}},"29":{"start":{"line":65,"column":3},"end":{"line":65,"column":85}},"490":{"start":{"line":637,"column":76},"end":{"line":637,"column":81}},"370":{"start":{"line":450,"column":18},"end":{"line":450,"column":100}},"491":{"start":{"line":637,"column":87},"end":{"line":637,"column":92}},"250":{"start":{"line":285,"column":2},"end":{"line":295,"column":3}},"371":{"start":{"line":452,"column":2},"end":{"line":452,"column":89}},"492":{"start":{"line":638,"column":1},"end":{"line":773,"column":2}},"130":{"start":{"line":168,"column":47},"end":{"line":168,"column":55}},"251":{"start":{"line":286,"column":11},"end":{"line":286,"column":15}},"372":{"start":{"line":452,"column":32},"end":{"line":452,"column":89}},"493":{"start":{"line":658,"column":2},"end":{"line":658,"column":20}},"131":{"start":{"line":168,"column":61},"end":{"line":168,"column":74}},"252":{"start":{"line":286,"column":21},"end":{"line":286,"column":28}},"373":{"start":{"line":453,"column":2},"end":{"line":453,"column":23}},"494":{"start":{"line":660,"column":2},"end":{"line":660,"column":159}},"132":{"start":{"line":168,"column":80},"end":{"line":168,"column":98}},"253":{"start":{"line":287,"column":3},"end":{"line":294,"column":4}},"374":{"start":{"line":454,"column":2},"end":{"line":454,"column":97}},"495":{"start":{"line":661,"column":10},"end":{"line":661,"column":30}},"133":{"start":{"line":168,"column":104},"end":{"line":168,"column":115}},"254":{"start":{"line":288,"column":4},"end":{"line":288,"column":13}},"375":{"start":{"line":454,"column":17},"end":{"line":454,"column":97}},"496":{"start":{"line":661,"column":36},"end":{"line":661,"column":75}},"134":{"start":{"line":169,"column":3},"end":{"line":173,"column":4}},"255":{"start":{"line":289,"column":4},"end":{"line":289,"column":67}},"376":{"start":{"line":455,"column":2},"end":{"line":455,"column":97}},"497":{"start":{"line":662,"column":2},"end":{"line":662,"column":203}},"135":{"start":{"line":170,"column":4},"end":{"line":170,"column":104}},"256":{"start":{"line":289,"column":44},"end":{"line":289,"column":67}},"377":{"start":{"line":455,"column":17},"end":{"line":455,"column":97}},"498":{"start":{"line":664,"column":2},"end":{"line":664,"column":25}},"136":{"start":{"line":170,"column":20},"end":{"line":170,"column":104}},"257":{"start":{"line":290,"column":4},"end":{"line":290,"column":65}},"378":{"start":{"line":456,"column":2},"end":{"line":456,"column":13}},"499":{"start":{"line":666,"column":10},"end":{"line":666,"column":48}},"137":{"start":{"line":171,"column":4},"end":{"line":171,"column":74}},"258":{"start":{"line":290,"column":35},"end":{"line":290,"column":65}},"379":{"start":{"line":458,"column":2},"end":{"line":458,"column":81}},"138":{"start":{"line":171,"column":16},"end":{"line":171,"column":74}},"259":{"start":{"line":292,"column":4},"end":{"line":292,"column":77}},"139":{"start":{"line":172,"column":4},"end":{"line":172,"column":22}},"30":{"start":{"line":67,"column":3},"end":{"line":67,"column":50}},"31":{"start":{"line":69,"column":3},"end":{"line":69,"column":39}},"32":{"start":{"line":71,"column":3},"end":{"line":71,"column":49}},"33":{"start":{"line":73,"column":3},"end":{"line":73,"column":24}},"34":{"start":{"line":75,"column":3},"end":{"line":75,"column":22}},"35":{"start":{"line":77,"column":3},"end":{"line":77,"column":39}},"36":{"start":{"line":79,"column":3},"end":{"line":79,"column":39}},"37":{"start":{"line":81,"column":3},"end":{"line":81,"column":175}},"38":{"start":{"line":83,"column":13},"end":{"line":85,"column":3}},"39":{"start":{"line":84,"column":3},"end":{"line":84,"column":18}},"380":{"start":{"line":461,"column":2},"end":{"line":461,"column":57}},"260":{"start":{"line":292,"column":52},"end":{"line":292,"column":77}},"381":{"start":{"line":461,"column":9},"end":{"line":461,"column":57}},"140":{"start":{"line":174,"column":9},"end":{"line":177,"column":3}},"261":{"start":{"line":293,"column":4},"end":{"line":293,"column":43}},"382":{"start":{"line":462,"column":2},"end":{"line":462,"column":185}},"141":{"start":{"line":175,"column":11},"end":{"line":175,"column":15}},"262":{"start":{"line":299,"column":2},"end":{"line":302,"column":3}},"383":{"start":{"line":462,"column":127},"end":{"line":462,"column":185}},"142":{"start":{"line":176,"column":3},"end":{"line":176,"column":16}},"263":{"start":{"line":300,"column":11},"end":{"line":300,"column":15}},"384":{"start":{"line":463,"column":2},"end":{"line":468,"column":10}},"143":{"start":{"line":177,"column":9},"end":{"line":180,"column":3}},"264":{"start":{"line":300,"column":21},"end":{"line":300,"column":25}},"385":{"start":{"line":471,"column":2},"end":{"line":471,"column":129}},"144":{"start":{"line":178,"column":11},"end":{"line":178,"column":15}},"265":{"start":{"line":300,"column":31},"end":{"line":300,"column":35}},"386":{"start":{"line":471,"column":71},"end":{"line":471,"column":129}},"145":{"start":{"line":179,"column":3},"end":{"line":179,"column":16}},"266":{"start":{"line":300,"column":41},"end":{"line":300,"column":45}},"387":{"start":{"line":472,"column":2},"end":{"line":475,"column":3}},"146":{"start":{"line":180,"column":9},"end":{"line":183,"column":3}},"267":{"start":{"line":300,"column":51},"end":{"line":300,"column":55}},"388":{"start":{"line":473,"column":3},"end":{"line":473,"column":56}},"147":{"start":{"line":181,"column":11},"end":{"line":181,"column":14}},"268":{"start":{"line":300,"column":61},"end":{"line":300,"column":93}},"389":{"start":{"line":473,"column":15},"end":{"line":473,"column":56}},"148":{"start":{"line":181,"column":20},"end":{"line":181,"column":28}},"269":{"start":{"line":301,"column":3},"end":{"line":301,"column":65}},"149":{"start":{"line":181,"column":34},"end":{"line":181,"column":54}},"40":{"start":{"line":85,"column":9},"end":{"line":87,"column":3}},"41":{"start":{"line":86,"column":3},"end":{"line":86,"column":20}},"42":{"start":{"line":87,"column":9},"end":{"line":89,"column":3}},"43":{"start":{"line":88,"column":3},"end":{"line":88,"column":11}},"44":{"start":{"line":89,"column":9},"end":{"line":89,"column":40}},"45":{"start":{"line":89,"column":46},"end":{"line":89,"column":59}},"46":{"start":{"line":89,"column":65},"end":{"line":91,"column":3}},"47":{"start":{"line":90,"column":3},"end":{"line":90,"column":22}},"48":{"start":{"line":91,"column":9},"end":{"line":93,"column":3}},"49":{"start":{"line":92,"column":3},"end":{"line":92,"column":17}},"390":{"start":{"line":474,"column":3},"end":{"line":474,"column":14}},"270":{"start":{"line":303,"column":2},"end":{"line":303,"column":10}},"391":{"start":{"line":476,"column":2},"end":{"line":476,"column":44}},"150":{"start":{"line":181,"column":60},"end":{"line":181,"column":64}},"271":{"start":{"line":307,"column":10},"end":{"line":307,"column":13}},"392":{"start":{"line":476,"column":32},"end":{"line":476,"column":44}},"151":{"start":{"line":182,"column":3},"end":{"line":182,"column":25}},"272":{"start":{"line":307,"column":19},"end":{"line":307,"column":34}},"393":{"start":{"line":477,"column":2},"end":{"line":477,"column":111}},"152":{"start":{"line":183,"column":9},"end":{"line":186,"column":3}},"273":{"start":{"line":308,"column":2},"end":{"line":311,"column":3}},"394":{"start":{"line":477,"column":37},"end":{"line":477,"column":111}},"153":{"start":{"line":184,"column":11},"end":{"line":184,"column":14}},"274":{"start":{"line":308,"column":27},"end":{"line":308,"column":144}},"395":{"start":{"line":478,"column":2},"end":{"line":478,"column":117}},"154":{"start":{"line":184,"column":20},"end":{"line":184,"column":28}},"275":{"start":{"line":309,"column":3},"end":{"line":309,"column":117}},"396":{"start":{"line":480,"column":31},"end":{"line":480,"column":37}},"155":{"start":{"line":185,"column":3},"end":{"line":185,"column":35}},"276":{"start":{"line":309,"column":31},"end":{"line":309,"column":117}},"397":{"start":{"line":480,"column":43},"end":{"line":480,"column":45}},"156":{"start":{"line":186,"column":9},"end":{"line":189,"column":3}},"277":{"start":{"line":310,"column":3},"end":{"line":310,"column":19}},"398":{"start":{"line":480,"column":51},"end":{"line":480,"column":73}},"157":{"start":{"line":187,"column":11},"end":{"line":187,"column":14}},"278":{"start":{"line":315,"column":2},"end":{"line":315,"column":30}},"399":{"start":{"line":481,"column":2},"end":{"line":497,"column":3}},"158":{"start":{"line":187,"column":20},"end":{"line":187,"column":28}},"279":{"start":{"line":316,"column":10},"end":{"line":316,"column":22}},"159":{"start":{"line":188,"column":3},"end":{"line":188,"column":36}},"50":{"start":{"line":93,"column":9},"end":{"line":96,"column":3}},"51":{"start":{"line":94,"column":11},"end":{"line":94,"column":22}},"52":{"start":{"line":95,"column":3},"end":{"line":95,"column":39}},"53":{"start":{"line":96,"column":9},"end":{"line":103,"column":3}},"54":{"start":{"line":97,"column":11},"end":{"line":97,"column":33}},"55":{"start":{"line":98,"column":3},"end":{"line":101,"column":4}},"56":{"start":{"line":99,"column":12},"end":{"line":99,"column":36}},"57":{"start":{"line":99,"column":42},"end":{"line":99,"column":46}},"58":{"start":{"line":100,"column":4},"end":{"line":100,"column":71}},"59":{"start":{"line":102,"column":3},"end":{"line":102,"column":11}},"280":{"start":{"line":317,"column":2},"end":{"line":317,"column":26}},"160":{"start":{"line":189,"column":9},"end":{"line":192,"column":3}},"281":{"start":{"line":321,"column":10},"end":{"line":321,"column":41}},"161":{"start":{"line":190,"column":11},"end":{"line":190,"column":14}},"282":{"start":{"line":322,"column":2},"end":{"line":322,"column":40}},"162":{"start":{"line":190,"column":20},"end":{"line":190,"column":28}},"283":{"start":{"line":326,"column":10},"end":{"line":326,"column":40}},"163":{"start":{"line":191,"column":3},"end":{"line":191,"column":35}},"284":{"start":{"line":327,"column":2},"end":{"line":327,"column":41}},"164":{"start":{"line":193,"column":2},"end":{"line":199,"column":4}},"285":{"start":{"line":332,"column":2},"end":{"line":339,"column":5}},"165":{"start":{"line":193,"column":46},"end":{"line":199,"column":3}},"286":{"start":{"line":333,"column":11},"end":{"line":333,"column":14}},"166":{"start":{"line":194,"column":11},"end":{"line":194,"column":40}},"287":{"start":{"line":334,"column":3},"end":{"line":334,"column":78}},"167":{"start":{"line":195,"column":3},"end":{"line":198,"column":4}},"288":{"start":{"line":335,"column":9},"end":{"line":339,"column":5}},"168":{"start":{"line":196,"column":4},"end":{"line":196,"column":86}},"289":{"start":{"line":336,"column":3},"end":{"line":336,"column":46}},"169":{"start":{"line":196,"column":35},"end":{"line":196,"column":86}},"60":{"start":{"line":104,"column":2},"end":{"line":108,"column":4}},"61":{"start":{"line":105,"column":3},"end":{"line":105,"column":58}},"62":{"start":{"line":107,"column":3},"end":{"line":107,"column":11}},"63":{"start":{"line":109,"column":10},"end":{"line":115,"column":3}},"64":{"start":{"line":110,"column":3},"end":{"line":114,"column":4}},"65":{"start":{"line":110,"column":28},"end":{"line":110,"column":48}},"66":{"start":{"line":111,"column":4},"end":{"line":111,"column":25}},"67":{"start":{"line":112,"column":12},"end":{"line":112,"column":19}},"68":{"start":{"line":113,"column":4},"end":{"line":113,"column":44}},"69":{"start":{"line":113,"column":20},"end":{"line":113,"column":44}},"290":{"start":{"line":338,"column":3},"end":{"line":338,"column":7}},"170":{"start":{"line":197,"column":4},"end":{"line":197,"column":73}},"291":{"start":{"line":340,"column":2},"end":{"line":345,"column":3}},"171":{"start":{"line":200,"column":2},"end":{"line":202,"column":4}},"292":{"start":{"line":341,"column":3},"end":{"line":344,"column":13}},"172":{"start":{"line":201,"column":3},"end":{"line":201,"column":96}},"293":{"start":{"line":342,"column":4},"end":{"line":342,"column":85}},"173":{"start":{"line":203,"column":10},"end":{"line":203,"column":11}},"294":{"start":{"line":342,"column":78},"end":{"line":342,"column":85}},"174":{"start":{"line":203,"column":17},"end":{"line":203,"column":19}},"295":{"start":{"line":343,"column":4},"end":{"line":343,"column":12}},"175":{"start":{"line":204,"column":2},"end":{"line":217,"column":4}},"296":{"start":{"line":344,"column":10},"end":{"line":344,"column":13}},"176":{"start":{"line":204,"column":46},"end":{"line":204,"column":48}},"297":{"start":{"line":349,"column":10},"end":{"line":349,"column":24}},"177":{"start":{"line":204,"column":54},"end":{"line":206,"column":3}},"298":{"start":{"line":350,"column":2},"end":{"line":353,"column":3}},"178":{"start":{"line":205,"column":3},"end":{"line":205,"column":124}},"299":{"start":{"line":350,"column":19},"end":{"line":350,"column":50}},"179":{"start":{"line":205,"column":9},"end":{"line":205,"column":124}},"70":{"start":{"line":115,"column":9},"end":{"line":118,"column":3}},"71":{"start":{"line":116,"column":11},"end":{"line":116,"column":19}},"72":{"start":{"line":117,"column":3},"end":{"line":117,"column":83}},"73":{"start":{"line":118,"column":9},"end":{"line":124,"column":3}},"74":{"start":{"line":119,"column":11},"end":{"line":119,"column":15}},"75":{"start":{"line":119,"column":21},"end":{"line":119,"column":28}},"76":{"start":{"line":120,"column":3},"end":{"line":123,"column":4}},"77":{"start":{"line":121,"column":12},"end":{"line":121,"column":62}},"78":{"start":{"line":122,"column":4},"end":{"line":122,"column":24}},"79":{"start":{"line":125,"column":2},"end":{"line":126,"column":28}},"180":{"start":{"line":206,"column":9},"end":{"line":208,"column":3}},"181":{"start":{"line":207,"column":3},"end":{"line":207,"column":174}},"182":{"start":{"line":207,"column":10},"end":{"line":207,"column":174}},"183":{"start":{"line":208,"column":9},"end":{"line":210,"column":3}},"184":{"start":{"line":209,"column":3},"end":{"line":209,"column":76}},"185":{"start":{"line":209,"column":10},"end":{"line":209,"column":76}},"186":{"start":{"line":210,"column":9},"end":{"line":213,"column":3}},"187":{"start":{"line":211,"column":11},"end":{"line":211,"column":14}},"188":{"start":{"line":211,"column":20},"end":{"line":211,"column":28}},"189":{"start":{"line":211,"column":34},"end":{"line":211,"column":54}},"80":{"start":{"line":127,"column":10},"end":{"line":127,"column":38}},"81":{"start":{"line":127,"column":44},"end":{"line":129,"column":3}},"82":{"start":{"line":128,"column":3},"end":{"line":128,"column":92}},"83":{"start":{"line":129,"column":9},"end":{"line":131,"column":3}},"84":{"start":{"line":130,"column":3},"end":{"line":130,"column":62}},"85":{"start":{"line":131,"column":9},"end":{"line":133,"column":3}},"86":{"start":{"line":132,"column":3},"end":{"line":132,"column":53}},"87":{"start":{"line":133,"column":9},"end":{"line":137,"column":3}},"88":{"start":{"line":134,"column":14},"end":{"line":134,"column":18}},"89":{"start":{"line":135,"column":3},"end":{"line":135,"column":133}},"190":{"start":{"line":211,"column":60},"end":{"line":211,"column":64}},"191":{"start":{"line":212,"column":3},"end":{"line":212,"column":110}},"192":{"start":{"line":212,"column":24},"end":{"line":212,"column":110}},"193":{"start":{"line":213,"column":9},"end":{"line":215,"column":3}},"194":{"start":{"line":214,"column":3},"end":{"line":214,"column":9}},"195":{"start":{"line":215,"column":9},"end":{"line":217,"column":3}},"196":{"start":{"line":216,"column":3},"end":{"line":216,"column":9}},"197":{"start":{"line":218,"column":2},"end":{"line":260,"column":3}},"198":{"start":{"line":219,"column":3},"end":{"line":219,"column":42}},"199":{"start":{"line":220,"column":3},"end":{"line":223,"column":4}},"90":{"start":{"line":135,"column":75},"end":{"line":135,"column":133}},"91":{"start":{"line":135,"column":112},"end":{"line":135,"column":133}},"92":{"start":{"line":136,"column":3},"end":{"line":136,"column":11}},"93":{"start":{"line":137,"column":9},"end":{"line":139,"column":3}},"94":{"start":{"line":138,"column":3},"end":{"line":138,"column":62}},"95":{"start":{"line":139,"column":9},"end":{"line":145,"column":3}},"96":{"start":{"line":140,"column":3},"end":{"line":143,"column":4}},"97":{"start":{"line":141,"column":12},"end":{"line":141,"column":16}},"98":{"start":{"line":141,"column":22},"end":{"line":141,"column":30}},"99":{"start":{"line":142,"column":4},"end":{"line":142,"column":19}}},"s":{"0":1,"1":28,"2":2,"3":26,"4":26,"5":1,"6":1,"7":1,"8":0,"9":0,"600":1,"601":1,"602":1,"603":1,"604":1,"605":1,"606":0,"607":0,"608":0,"609":0,"610":0,"611":0,"612":0,"613":0,"614":0,"615":0,"616":0,"617":0,"618":0,"619":1,"620":0,"500":0,"621":1,"501":0,"622":0,"502":1,"623":1,"503":0,"624":1,"504":1,"625":1,"505":1,"626":1,"506":1,"627":1,"507":1,"628":0,"508":1,"629":1,"509":1,"630":1,"510":1,"631":1,"511":1,"632":1,"512":1,"633":1,"513":0,"634":1,"514":0,"635":0,"515":0,"636":0,"516":0,"637":0,"517":4,"638":0,"518":4,"639":3,"519":1,"640":1,"520":1,"641":1,"400":2,"521":1,"642":1,"401":0,"522":7,"643":0,"402":0,"523":7,"644":1,"403":0,"524":7,"645":1,"404":0,"525":7,"646":1,"405":2,"526":7,"647":1,"406":2,"527":1,"648":1,"407":17,"528":1,"649":1,"408":17,"529":1,"409":0,"650":1,"530":1,"651":1,"410":17,"531":1,"652":1,"411":2,"532":1,"653":1,"412":15,"533":1,"654":1,"413":2,"534":1,"655":1,"414":1,"535":1,"656":1,"415":1,"536":1,"657":1,"416":1,"537":2,"658":1,"417":1,"538":1,"659":1,"418":1,"539":1,"419":0,"660":1,"540":0,"661":2,"420":1,"541":0,"662":1,"300":0,"421":1,"542":0,"663":2,"301":0,"422":2,"543":0,"664":0,"302":0,"423":0,"544":0,"665":1,"303":1,"424":0,"545":0,"666":1,"304":1,"425":0,"546":0,"667":1,"305":1,"426":0,"547":1,"668":1,"306":0,"427":0,"548":0,"669":1,"307":1,"428":0,"549":2,"308":0,"429":0,"309":1,"670":1,"550":0,"671":1,"430":0,"551":2,"672":1,"310":0,"431":0,"552":2,"673":1,"311":0,"432":0,"553":2,"674":1,"312":0,"433":0,"554":2,"675":0,"313":0,"434":0,"555":0,"676":0,"314":0,"435":0,"556":0,"677":0,"315":0,"436":0,"557":0,"678":0,"316":1,"437":0,"558":1,"679":0,"317":1,"438":0,"559":1,"318":2,"439":0,"319":2,"680":0,"560":1,"681":0,"440":0,"561":1,"682":0,"320":1,"441":0,"562":1,"683":0,"200":20,"321":1,"442":0,"563":1,"684":0,"201":20,"322":1,"443":0,"564":0,"685":0,"202":20,"323":1,"444":0,"565":0,"686":0,"203":41,"324":1,"445":0,"566":0,"687":0,"204":50,"325":1,"446":0,"567":0,"688":0,"205":41,"326":1,"447":0,"568":0,"689":0,"206":20,"327":1,"448":0,"569":0,"207":20,"328":1,"449":0,"208":0,"329":1,"209":20,"690":0,"570":1,"691":0,"450":0,"571":1,"692":1,"330":1,"451":0,"572":1,"693":1,"210":25,"331":0,"452":0,"573":1,"694":1,"211":20,"332":0,"453":1,"574":1,"695":1,"212":25,"333":0,"454":1,"575":1,"696":1,"213":41,"334":0,"455":1,"576":0,"214":0,"335":0,"456":1,"577":0,"215":0,"336":0,"457":0,"578":0,"216":0,"337":0,"458":1,"579":0,"217":0,"338":0,"459":1,"218":0,"339":0,"219":41,"580":7,"460":0,"581":0,"340":0,"461":1,"582":0,"220":41,"341":0,"462":1,"583":0,"100":1,"221":41,"342":0,"463":1,"584":1,"101":1,"222":0,"343":0,"464":1,"585":1,"102":12,"223":0,"344":1,"465":0,"586":1,"103":12,"224":0,"345":1,"466":0,"587":1,"104":1,"225":0,"346":1,"467":0,"588":1,"105":50,"226":0,"347":0,"468":0,"589":1,"106":1,"227":9,"348":0,"469":0,"107":6,"228":9,"349":0,"108":1,"229":9,"109":1,"590":1,"470":0,"591":1,"350":1,"471":0,"592":1,"230":9,"351":1,"472":0,"593":1,"110":0,"231":9,"352":1,"473":0,"594":6,"111":0,"232":9,"353":1,"474":0,"595":1,"112":0,"233":0,"354":1,"475":0,"596":1,"113":1,"234":9,"355":1,"476":1,"597":1,"114":0,"235":9,"356":1,"477":1,"598":1,"115":0,"236":1,"357":1,"478":1,"599":1,"116":1,"237":1,"358":0,"479":1,"117":50,"238":1,"359":1,"118":50,"239":0,"119":50,"10":0,"11":1,"12":1,"13":1,"14":0,"15":0,"16":0,"17":0,"18":0,"19":0,"480":1,"360":2,"481":1,"240":0,"361":0,"482":1,"120":50,"241":0,"362":17,"483":1,"121":50,"242":0,"363":0,"484":1,"122":0,"243":0,"364":1,"485":1,"123":50,"244":0,"365":2,"486":1,"124":50,"245":0,"366":2,"487":1,"125":50,"246":0,"367":0,"488":1,"126":1,"247":0,"368":0,"489":1,"127":42,"248":0,"369":0,"128":42,"249":0,"129":42,"20":0,"21":0,"22":0,"23":1,"24":1,"25":1,"26":51,"27":1,"28":142,"29":42,"490":1,"370":0,"491":1,"250":1,"371":2,"492":1,"130":42,"251":1,"372":0,"493":0,"131":42,"252":1,"373":2,"494":1,"132":42,"253":1,"374":2,"495":1,"133":42,"254":0,"375":0,"496":1,"134":42,"255":0,"376":2,"497":1,"135":0,"256":0,"377":0,"498":0,"136":0,"257":0,"378":2,"499":0,"137":0,"258":0,"379":4,"138":0,"259":1,"139":0,"30":50,"31":42,"32":41,"33":0,"34":0,"35":50,"36":0,"37":1,"38":1,"39":1,"380":4,"260":1,"381":0,"140":1,"261":1,"382":4,"141":42,"262":1,"383":0,"142":42,"263":1,"384":4,"143":1,"264":1,"385":0,"144":42,"265":1,"386":0,"145":42,"266":1,"387":0,"146":1,"267":1,"388":0,"147":50,"268":1,"389":0,"148":50,"269":1,"149":50,"40":1,"41":1,"42":1,"43":401,"44":1,"45":1,"46":1,"47":0,"48":1,"49":104,"390":0,"270":1,"391":0,"150":50,"271":1,"392":0,"151":50,"272":1,"393":0,"152":1,"273":1,"394":0,"153":42,"274":0,"395":0,"154":42,"275":1,"396":2,"155":42,"276":0,"397":2,"156":1,"277":1,"398":2,"157":50,"278":0,"399":2,"158":50,"279":0,"159":50,"50":1,"51":51,"52":51,"53":1,"54":347,"55":347,"56":10,"57":10,"58":10,"59":347,"280":0,"160":1,"281":1,"161":42,"282":1,"162":42,"283":0,"163":42,"284":0,"164":1,"285":1,"165":1,"286":0,"166":1,"287":0,"167":1,"288":1,"168":0,"289":0,"169":0,"60":1,"61":59,"62":2,"63":1,"64":0,"65":0,"66":0,"67":0,"68":0,"69":0,"290":0,"170":0,"291":1,"171":1,"292":0,"172":1,"293":0,"173":1,"294":0,"174":1,"295":0,"175":1,"296":0,"176":1,"297":0,"177":1,"298":0,"178":91,"299":0,"179":0,"70":1,"71":61,"72":61,"73":1,"74":66,"75":66,"76":66,"77":61,"78":61,"79":1,"180":1,"181":0,"182":0,"183":1,"184":0,"185":0,"186":1,"187":41,"188":41,"189":41,"80":1,"81":1,"82":42,"83":1,"84":42,"85":1,"86":41,"87":1,"88":41,"89":41,"190":41,"191":41,"192":0,"193":1,"194":0,"195":1,"196":0,"197":1,"198":41,"199":41,"90":29,"91":41,"92":41,"93":1,"94":50,"95":1,"96":1,"97":2,"98":2,"99":2},"fnMap":{"110":{"loc":{"start":{"line":469,"column":44},"end":{"line":479,"column":2}},"decl":{"start":{"line":469,"column":22},"end":{"line":469,"column":23}},"line":469,"name":"(anonymous_110)"},"111":{"loc":{"start":{"line":479,"column":38},"end":{"line":498,"column":2}},"decl":{"start":{"line":479,"column":25},"end":{"line":479,"column":26}},"line":479,"name":"(anonymous_111)"},"112":{"loc":{"start":{"line":498,"column":42},"end":{"line":500,"column":2}},"decl":{"start":{"line":498,"column":23},"end":{"line":498,"column":24}},"line":498,"name":"(anonymous_112)"},"113":{"loc":{"start":{"line":501,"column":22},"end":{"line":506,"column":2}},"decl":{"start":{"line":501,"column":9},"end":{"line":501,"column":10}},"line":501,"name":"(anonymous_113)"},"114":{"loc":{"start":{"line":507,"column":35},"end":{"line":509,"column":2}},"decl":{"start":{"line":507,"column":23},"end":{"line":507,"column":24}},"line":507,"name":"(anonymous_114)"},"115":{"loc":{"start":{"line":510,"column":22},"end":{"line":524,"column":1}},"decl":{"start":{"line":510,"column":3},"end":{"line":510,"column":4}},"line":510,"name":"(anonymous_115)"},"116":{"loc":{"start":{"line":521,"column":26},"end":{"line":523,"column":2}},"decl":{"start":{"line":521,"column":13},"end":{"line":521,"column":14}},"line":521,"name":"(anonymous_116)"},"117":{"loc":{"start":{"line":524,"column":19},"end":{"line":615,"column":1}},"decl":{"start":{"line":524,"column":3},"end":{"line":524,"column":4}},"line":524,"name":"(anonymous_117)"},"118":{"loc":{"start":{"line":525,"column":14},"end":{"line":527,"column":2}},"decl":{"start":{"line":525,"column":10},"end":{"line":525,"column":11}},"line":525,"name":"n"},"119":{"loc":{"start":{"line":529,"column":14},"end":{"line":531,"column":2}},"decl":{"start":{"line":529,"column":10},"end":{"line":529,"column":11}},"line":529,"name":"o"},"10":{"loc":{"start":{"line":58,"column":19},"end":{"line":60,"column":3}},"decl":{"start":{"line":58,"column":11},"end":{"line":58,"column":12}},"line":58,"name":"r"},"11":{"loc":{"start":{"line":62,"column":105},"end":{"line":64,"column":3}},"decl":{"start":{"line":62,"column":93},"end":{"line":62,"column":94}},"line":62,"name":"(anonymous_11)"},"12":{"loc":{"start":{"line":64,"column":42},"end":{"line":66,"column":3}},"decl":{"start":{"line":64,"column":30},"end":{"line":64,"column":31}},"line":64,"name":"(anonymous_12)"},"13":{"loc":{"start":{"line":66,"column":43},"end":{"line":68,"column":3}},"decl":{"start":{"line":66,"column":31},"end":{"line":66,"column":32}},"line":66,"name":"(anonymous_13)"},"14":{"loc":{"start":{"line":68,"column":42},"end":{"line":70,"column":3}},"decl":{"start":{"line":68,"column":30},"end":{"line":68,"column":31}},"line":68,"name":"(anonymous_14)"},"15":{"loc":{"start":{"line":70,"column":51},"end":{"line":72,"column":3}},"decl":{"start":{"line":70,"column":39},"end":{"line":70,"column":40}},"line":70,"name":"(anonymous_15)"},"16":{"loc":{"start":{"line":72,"column":47},"end":{"line":74,"column":3}},"decl":{"start":{"line":72,"column":34},"end":{"line":72,"column":35}},"line":72,"name":"(anonymous_16)"},"17":{"loc":{"start":{"line":74,"column":45},"end":{"line":76,"column":3}},"decl":{"start":{"line":74,"column":33},"end":{"line":74,"column":34}},"line":74,"name":"(anonymous_17)"},"18":{"loc":{"start":{"line":76,"column":44},"end":{"line":78,"column":3}},"decl":{"start":{"line":76,"column":31},"end":{"line":76,"column":32}},"line":76,"name":"(anonymous_18)"},"19":{"loc":{"start":{"line":78,"column":44},"end":{"line":80,"column":3}},"decl":{"start":{"line":78,"column":31},"end":{"line":78,"column":32}},"line":78,"name":"(anonymous_19)"},"120":{"loc":{"start":{"line":533,"column":15},"end":{"line":545,"column":2}},"decl":{"start":{"line":533,"column":10},"end":{"line":533,"column":11}},"line":533,"name":"r"},"0":{"loc":{"start":{"line":1,"column":14},"end":{"line":10,"column":1}},"decl":{"start":{"line":1,"column":1},"end":{"line":1,"column":2}},"line":1,"name":"(anonymous_0)"},"121":{"loc":{"start":{"line":547,"column":15},"end":{"line":559,"column":2}},"decl":{"start":{"line":547,"column":10},"end":{"line":547,"column":11}},"line":547,"name":"i"},"1":{"loc":{"start":{"line":2,"column":15},"end":{"line":6,"column":2}},"decl":{"start":{"line":2,"column":10},"end":{"line":2,"column":11}},"line":2,"name":"t"},"122":{"loc":{"start":{"line":561,"column":14},"end":{"line":563,"column":2}},"decl":{"start":{"line":561,"column":10},"end":{"line":561,"column":11}},"line":561,"name":"a"},"123":{"loc":{"start":{"line":565,"column":14},"end":{"line":575,"column":2}},"decl":{"start":{"line":565,"column":10},"end":{"line":565,"column":11}},"line":565,"name":"d"},"2":{"loc":{"start":{"line":10,"column":22},"end":{"line":12,"column":1}},"decl":{"start":{"line":10,"column":3},"end":{"line":10,"column":4}},"line":10,"name":"(anonymous_2)"},"124":{"loc":{"start":{"line":577,"column":18},"end":{"line":579,"column":2}},"decl":{"start":{"line":577,"column":10},"end":{"line":577,"column":11}},"line":577,"name":"s"},"3":{"loc":{"start":{"line":12,"column":19},"end":{"line":31,"column":1}},"decl":{"start":{"line":12,"column":3},"end":{"line":12,"column":4}},"line":12,"name":"(anonymous_3)"},"125":{"loc":{"start":{"line":581,"column":14},"end":{"line":582,"column":2}},"decl":{"start":{"line":581,"column":10},"end":{"line":581,"column":11}},"line":581,"name":"l"},"4":{"loc":{"start":{"line":14,"column":15},"end":{"line":17,"column":2}},"decl":{"start":{"line":14,"column":10},"end":{"line":14,"column":11}},"line":14,"name":"n"},"126":{"loc":{"start":{"line":585,"column":14},"end":{"line":596,"column":2}},"decl":{"start":{"line":585,"column":2},"end":{"line":585,"column":3}},"line":585,"name":"(anonymous_126)"},"5":{"loc":{"start":{"line":20,"column":46},"end":{"line":30,"column":3}},"decl":{"start":{"line":20,"column":30},"end":{"line":20,"column":31}},"line":20,"name":"(anonymous_5)"},"127":{"loc":{"start":{"line":598,"column":27},"end":{"line":602,"column":2}},"decl":{"start":{"line":598,"column":14},"end":{"line":598,"column":15}},"line":598,"name":"(anonymous_127)"},"6":{"loc":{"start":{"line":31,"column":22},"end":{"line":262,"column":1}},"decl":{"start":{"line":31,"column":3},"end":{"line":31,"column":4}},"line":31,"name":"(anonymous_6)"},"128":{"loc":{"start":{"line":602,"column":34},"end":{"line":604,"column":2}},"decl":{"start":{"line":602,"column":22},"end":{"line":602,"column":23}},"line":602,"name":"(anonymous_128)"},"7":{"loc":{"start":{"line":32,"column":15},"end":{"line":261,"column":2}},"decl":{"start":{"line":32,"column":2},"end":{"line":32,"column":3}},"line":32,"name":"(anonymous_7)"},"129":{"loc":{"start":{"line":604,"column":288},"end":{"line":606,"column":2}},"decl":{"start":{"line":604,"column":275},"end":{"line":604,"column":276}},"line":604,"name":"(anonymous_129)"},"8":{"loc":{"start":{"line":50,"column":16},"end":{"line":52,"column":3}},"decl":{"start":{"line":50,"column":11},"end":{"line":50,"column":12}},"line":50,"name":"n"},"9":{"loc":{"start":{"line":54,"column":19},"end":{"line":56,"column":3}},"decl":{"start":{"line":54,"column":11},"end":{"line":54,"column":12}},"line":54,"name":"o"},"20":{"loc":{"start":{"line":80,"column":45},"end":{"line":82,"column":3}},"decl":{"start":{"line":80,"column":33},"end":{"line":80,"column":34}},"line":80,"name":"(anonymous_20)"},"21":{"loc":{"start":{"line":83,"column":26},"end":{"line":85,"column":3}},"decl":{"start":{"line":83,"column":13},"end":{"line":83,"column":14}},"line":83,"name":"(anonymous_21)"},"22":{"loc":{"start":{"line":85,"column":21},"end":{"line":87,"column":3}},"decl":{"start":{"line":85,"column":9},"end":{"line":85,"column":10}},"line":85,"name":"(anonymous_22)"},"23":{"loc":{"start":{"line":87,"column":21},"end":{"line":89,"column":3}},"decl":{"start":{"line":87,"column":9},"end":{"line":87,"column":10}},"line":87,"name":"(anonymous_23)"},"24":{"loc":{"start":{"line":89,"column":81},"end":{"line":91,"column":3}},"decl":{"start":{"line":89,"column":65},"end":{"line":89,"column":66}},"line":89,"name":"(anonymous_24)"},"25":{"loc":{"start":{"line":91,"column":21},"end":{"line":93,"column":3}},"decl":{"start":{"line":91,"column":9},"end":{"line":91,"column":10}},"line":91,"name":"(anonymous_25)"},"26":{"loc":{"start":{"line":93,"column":28},"end":{"line":96,"column":3}},"decl":{"start":{"line":93,"column":9},"end":{"line":93,"column":10}},"line":93,"name":"(anonymous_26)"},"27":{"loc":{"start":{"line":96,"column":22},"end":{"line":103,"column":3}},"decl":{"start":{"line":96,"column":9},"end":{"line":96,"column":10}},"line":96,"name":"(anonymous_27)"},"28":{"loc":{"start":{"line":104,"column":101},"end":{"line":106,"column":3}},"decl":{"start":{"line":104,"column":82},"end":{"line":104,"column":83}},"line":104,"name":"(anonymous_28)"},"29":{"loc":{"start":{"line":106,"column":38},"end":{"line":108,"column":3}},"decl":{"start":{"line":106,"column":19},"end":{"line":106,"column":20}},"line":106,"name":"(anonymous_29)"},"130":{"loc":{"start":{"line":606,"column":29},"end":{"line":608,"column":2}},"decl":{"start":{"line":606,"column":16},"end":{"line":606,"column":17}},"line":606,"name":"(anonymous_130)"},"131":{"loc":{"start":{"line":608,"column":24},"end":{"line":610,"column":2}},"decl":{"start":{"line":608,"column":12},"end":{"line":608,"column":13}},"line":608,"name":"(anonymous_131)"},"132":{"loc":{"start":{"line":610,"column":27},"end":{"line":612,"column":2}},"decl":{"start":{"line":610,"column":14},"end":{"line":610,"column":15}},"line":610,"name":"(anonymous_132)"},"133":{"loc":{"start":{"line":612,"column":26},"end":{"line":614,"column":2}},"decl":{"start":{"line":612,"column":14},"end":{"line":612,"column":15}},"line":612,"name":"(anonymous_133)"},"134":{"loc":{"start":{"line":615,"column":22},"end":{"line":620,"column":1}},"decl":{"start":{"line":615,"column":3},"end":{"line":615,"column":4}},"line":615,"name":"(anonymous_134)"},"135":{"loc":{"start":{"line":620,"column":19},"end":{"line":622,"column":1}},"decl":{"start":{"line":620,"column":3},"end":{"line":620,"column":4}},"line":620,"name":"(anonymous_135)"},"136":{"loc":{"start":{"line":622,"column":19},"end":{"line":624,"column":1}},"decl":{"start":{"line":622,"column":3},"end":{"line":622,"column":4}},"line":622,"name":"(anonymous_136)"},"137":{"loc":{"start":{"line":624,"column":19},"end":{"line":626,"column":1}},"decl":{"start":{"line":624,"column":3},"end":{"line":624,"column":4}},"line":624,"name":"(anonymous_137)"},"138":{"loc":{"start":{"line":626,"column":19},"end":{"line":628,"column":1}},"decl":{"start":{"line":626,"column":3},"end":{"line":626,"column":4}},"line":626,"name":"(anonymous_138)"},"139":{"loc":{"start":{"line":628,"column":22},"end":{"line":774,"column":1}},"decl":{"start":{"line":628,"column":3},"end":{"line":628,"column":4}},"line":628,"name":"(anonymous_139)"},"30":{"loc":{"start":{"line":109,"column":29},"end":{"line":115,"column":3}},"decl":{"start":{"line":109,"column":10},"end":{"line":109,"column":11}},"line":109,"name":"(anonymous_30)"},"31":{"loc":{"start":{"line":115,"column":28},"end":{"line":118,"column":3}},"decl":{"start":{"line":115,"column":9},"end":{"line":115,"column":10}},"line":115,"name":"(anonymous_31)"},"32":{"loc":{"start":{"line":118,"column":28},"end":{"line":124,"column":3}},"decl":{"start":{"line":118,"column":9},"end":{"line":118,"column":10}},"line":118,"name":"(anonymous_32)"},"33":{"loc":{"start":{"line":125,"column":109},"end":{"line":126,"column":3}},"decl":{"start":{"line":125,"column":97},"end":{"line":125,"column":98}},"line":125,"name":"(anonymous_33)"},"34":{"loc":{"start":{"line":127,"column":57},"end":{"line":129,"column":3}},"decl":{"start":{"line":127,"column":44},"end":{"line":127,"column":45}},"line":127,"name":"(anonymous_34)"},"35":{"loc":{"start":{"line":129,"column":22},"end":{"line":131,"column":3}},"decl":{"start":{"line":129,"column":9},"end":{"line":129,"column":10}},"line":129,"name":"(anonymous_35)"},"36":{"loc":{"start":{"line":131,"column":22},"end":{"line":133,"column":3}},"decl":{"start":{"line":131,"column":9},"end":{"line":131,"column":10}},"line":131,"name":"(anonymous_36)"},"37":{"loc":{"start":{"line":133,"column":31},"end":{"line":137,"column":3}},"decl":{"start":{"line":133,"column":9},"end":{"line":133,"column":10}},"line":133,"name":"(anonymous_37)"},"38":{"loc":{"start":{"line":137,"column":31},"end":{"line":139,"column":3}},"decl":{"start":{"line":137,"column":9},"end":{"line":137,"column":10}},"line":137,"name":"(anonymous_38)"},"39":{"loc":{"start":{"line":139,"column":22},"end":{"line":145,"column":3}},"decl":{"start":{"line":139,"column":9},"end":{"line":139,"column":10}},"line":139,"name":"(anonymous_39)"},"140":{"loc":{"start":{"line":630,"column":18},"end":{"line":632,"column":2}},"decl":{"start":{"line":630,"column":10},"end":{"line":630,"column":11}},"line":630,"name":"o"},"141":{"loc":{"start":{"line":634,"column":14},"end":{"line":635,"column":2}},"decl":{"start":{"line":634,"column":10},"end":{"line":634,"column":11}},"line":634,"name":"r"},"142":{"loc":{"start":{"line":657,"column":29},"end":{"line":659,"column":2}},"decl":{"start":{"line":657,"column":13},"end":{"line":657,"column":14}},"line":657,"name":"(anonymous_142)"},"143":{"loc":{"start":{"line":659,"column":39},"end":{"line":663,"column":2}},"decl":{"start":{"line":659,"column":23},"end":{"line":659,"column":24}},"line":659,"name":"(anonymous_143)"},"144":{"loc":{"start":{"line":663,"column":38},"end":{"line":665,"column":2}},"decl":{"start":{"line":663,"column":26},"end":{"line":663,"column":27}},"line":663,"name":"(anonymous_144)"},"145":{"loc":{"start":{"line":665,"column":42},"end":{"line":668,"column":2}},"decl":{"start":{"line":665,"column":26},"end":{"line":665,"column":27}},"line":665,"name":"(anonymous_145)"},"146":{"loc":{"start":{"line":668,"column":44},"end":{"line":670,"column":2}},"decl":{"start":{"line":668,"column":28},"end":{"line":668,"column":29}},"line":668,"name":"(anonymous_146)"},"147":{"loc":{"start":{"line":670,"column":49},"end":{"line":672,"column":2}},"decl":{"start":{"line":670,"column":36},"end":{"line":670,"column":37}},"line":670,"name":"(anonymous_147)"},"148":{"loc":{"start":{"line":672,"column":44},"end":{"line":676,"column":2}},"decl":{"start":{"line":672,"column":31},"end":{"line":672,"column":32}},"line":672,"name":"(anonymous_148)"},"149":{"loc":{"start":{"line":676,"column":49},"end":{"line":685,"column":2}},"decl":{"start":{"line":676,"column":37},"end":{"line":676,"column":38}},"line":676,"name":"(anonymous_149)"},"40":{"loc":{"start":{"line":145,"column":22},"end":{"line":148,"column":3}},"decl":{"start":{"line":145,"column":9},"end":{"line":145,"column":10}},"line":145,"name":"(anonymous_40)"},"41":{"loc":{"start":{"line":148,"column":25},"end":{"line":150,"column":3}},"decl":{"start":{"line":148,"column":9},"end":{"line":148,"column":10}},"line":148,"name":"(anonymous_41)"},"42":{"loc":{"start":{"line":150,"column":28},"end":{"line":152,"column":3}},"decl":{"start":{"line":150,"column":9},"end":{"line":150,"column":10}},"line":150,"name":"(anonymous_42)"},"43":{"loc":{"start":{"line":153,"column":65},"end":{"line":156,"column":3}},"decl":{"start":{"line":153,"column":46},"end":{"line":153,"column":47}},"line":153,"name":"(anonymous_43)"},"44":{"loc":{"start":{"line":157,"column":29},"end":{"line":160,"column":3}},"decl":{"start":{"line":157,"column":10},"end":{"line":157,"column":11}},"line":157,"name":"(anonymous_44)"},"45":{"loc":{"start":{"line":160,"column":28},"end":{"line":167,"column":3}},"decl":{"start":{"line":160,"column":9},"end":{"line":160,"column":10}},"line":160,"name":"(anonymous_45)"},"46":{"loc":{"start":{"line":167,"column":22},"end":{"line":174,"column":3}},"decl":{"start":{"line":167,"column":9},"end":{"line":167,"column":10}},"line":167,"name":"(anonymous_46)"},"47":{"loc":{"start":{"line":174,"column":22},"end":{"line":177,"column":3}},"decl":{"start":{"line":174,"column":9},"end":{"line":174,"column":10}},"line":174,"name":"(anonymous_47)"},"48":{"loc":{"start":{"line":177,"column":22},"end":{"line":180,"column":3}},"decl":{"start":{"line":177,"column":9},"end":{"line":177,"column":10}},"line":177,"name":"(anonymous_48)"},"49":{"loc":{"start":{"line":180,"column":22},"end":{"line":183,"column":3}},"decl":{"start":{"line":180,"column":9},"end":{"line":180,"column":10}},"line":180,"name":"(anonymous_49)"},"150":{"loc":{"start":{"line":685,"column":44},"end":{"line":687,"column":2}},"decl":{"start":{"line":685,"column":31},"end":{"line":685,"column":32}},"line":685,"name":"(anonymous_150)"},"151":{"loc":{"start":{"line":687,"column":48},"end":{"line":690,"column":2}},"decl":{"start":{"line":687,"column":35},"end":{"line":687,"column":36}},"line":687,"name":"(anonymous_151)"},"152":{"loc":{"start":{"line":690,"column":47},"end":{"line":692,"column":2}},"decl":{"start":{"line":690,"column":35},"end":{"line":690,"column":36}},"line":690,"name":"(anonymous_152)"},"153":{"loc":{"start":{"line":692,"column":48},"end":{"line":746,"column":2}},"decl":{"start":{"line":692,"column":36},"end":{"line":692,"column":37}},"line":692,"name":"(anonymous_153)"},"154":{"loc":{"start":{"line":693,"column":19},"end":{"line":699,"column":3}},"decl":{"start":{"line":693,"column":11},"end":{"line":693,"column":12}},"line":693,"name":"e"},"155":{"loc":{"start":{"line":720,"column":166},"end":{"line":723,"column":5}},"decl":{"start":{"line":720,"column":153},"end":{"line":720,"column":154}},"line":720,"name":"(anonymous_155)"},"156":{"loc":{"start":{"line":726,"column":110},"end":{"line":728,"column":3}},"decl":{"start":{"line":726,"column":97},"end":{"line":726,"column":98}},"line":726,"name":"(anonymous_156)"},"157":{"loc":{"start":{"line":746,"column":46},"end":{"line":757,"column":2}},"decl":{"start":{"line":746,"column":30},"end":{"line":746,"column":31}},"line":746,"name":"(anonymous_157)"},"158":{"loc":{"start":{"line":747,"column":16},"end":{"line":751,"column":3}},"decl":{"start":{"line":747,"column":11},"end":{"line":747,"column":12}},"line":747,"name":"n"},"159":{"loc":{"start":{"line":748,"column":23},"end":{"line":750,"column":4}},"decl":{"start":{"line":748,"column":10},"end":{"line":748,"column":11}},"line":748,"name":"(anonymous_159)"},"50":{"loc":{"start":{"line":183,"column":21},"end":{"line":186,"column":3}},"decl":{"start":{"line":183,"column":9},"end":{"line":183,"column":10}},"line":183,"name":"(anonymous_50)"},"51":{"loc":{"start":{"line":186,"column":21},"end":{"line":189,"column":3}},"decl":{"start":{"line":186,"column":9},"end":{"line":186,"column":10}},"line":186,"name":"(anonymous_51)"},"52":{"loc":{"start":{"line":189,"column":21},"end":{"line":192,"column":3}},"decl":{"start":{"line":189,"column":9},"end":{"line":189,"column":10}},"line":189,"name":"(anonymous_52)"},"53":{"loc":{"start":{"line":193,"column":59},"end":{"line":199,"column":3}},"decl":{"start":{"line":193,"column":46},"end":{"line":193,"column":47}},"line":193,"name":"(anonymous_53)"},"54":{"loc":{"start":{"line":200,"column":31},"end":{"line":202,"column":3}},"decl":{"start":{"line":200,"column":12},"end":{"line":200,"column":13}},"line":200,"name":"(anonymous_54)"},"55":{"loc":{"start":{"line":204,"column":66},"end":{"line":206,"column":3}},"decl":{"start":{"line":204,"column":54},"end":{"line":204,"column":55}},"line":204,"name":"(anonymous_55)"},"56":{"loc":{"start":{"line":206,"column":21},"end":{"line":208,"column":3}},"decl":{"start":{"line":206,"column":9},"end":{"line":206,"column":10}},"line":206,"name":"(anonymous_56)"},"57":{"loc":{"start":{"line":208,"column":22},"end":{"line":210,"column":3}},"decl":{"start":{"line":208,"column":9},"end":{"line":208,"column":10}},"line":208,"name":"(anonymous_57)"},"58":{"loc":{"start":{"line":210,"column":22},"end":{"line":213,"column":3}},"decl":{"start":{"line":210,"column":9},"end":{"line":210,"column":10}},"line":210,"name":"(anonymous_58)"},"59":{"loc":{"start":{"line":213,"column":21},"end":{"line":215,"column":3}},"decl":{"start":{"line":213,"column":9},"end":{"line":213,"column":10}},"line":213,"name":"(anonymous_59)"},"160":{"loc":{"start":{"line":757,"column":38},"end":{"line":765,"column":2}},"decl":{"start":{"line":757,"column":26},"end":{"line":757,"column":27}},"line":757,"name":"(anonymous_160)"},"161":{"loc":{"start":{"line":762,"column":44},"end":{"line":764,"column":3}},"decl":{"start":{"line":762,"column":32},"end":{"line":762,"column":33}},"line":762,"name":"(anonymous_161)"},"162":{"loc":{"start":{"line":765,"column":55},"end":{"line":773,"column":2}},"decl":{"start":{"line":765,"column":42},"end":{"line":765,"column":43}},"line":765,"name":"(anonymous_162)"},"163":{"loc":{"start":{"line":774,"column":22},"end":{"line":777,"column":1}},"decl":{"start":{"line":774,"column":3},"end":{"line":774,"column":4}},"line":774,"name":"(anonymous_163)"},"164":{"loc":{"start":{"line":777,"column":22},"end":{"line":800,"column":1}},"decl":{"start":{"line":777,"column":3},"end":{"line":777,"column":4}},"line":777,"name":"(anonymous_164)"},"165":{"loc":{"start":{"line":778,"column":21},"end":{"line":796,"column":2}},"decl":{"start":{"line":778,"column":10},"end":{"line":778,"column":11}},"line":778,"name":"o"},"166":{"loc":{"start":{"line":779,"column":1069},"end":{"line":781,"column":3}},"decl":{"start":{"line":779,"column":1056},"end":{"line":779,"column":1057}},"line":779,"name":"(anonymous_166)"},"167":{"loc":{"start":{"lin
[...]
,"column":61},"end":{"line":702,"column":101}}],"type":"binary-expr"},"186":{"loc":{"start":{"line":702,"column":103},"end":{"line":702,"column":182}},"line":702,"locations":[{"start":{"line":702,"column":103},"end":{"line":702,"column":116}},{"start":{"line":702,"column":120},"end":{"line":702,"column":141}},{"start":{"line":702,"column":145},"end":{"line":702,"column":182}}],"type":"binary-expr"},"187":{"loc":{"start":{"line":703,"column":11},"end":{"line":703,"column":46}},"line":703,"locations":[{"start":{"line":703,"column":11},"end":{"line":703,"column":40}},{"start":{"line":703,"column":44},"end":{"line":703,"column":46}}],"type":"binary-expr"},"188":{"loc":{"start":{"line":704,"column":3},"end":{"line":710,"column":4}},"line":704,"locations":[{"start":{"line":704,"column":3},"end":{"line":710,"column":4}},{"start":{"line":704,"column":3},"end":{"line":710,"column":4}}],"type":"if"},"189":{"loc":{"start":{"line":704,"column":7},"end":{"line":704,"column":112}},"line":704,"locations":[{"start":{"line":704,"column":7},"end":{"line":704,"column":50}},{"start":{"line":704,"column":55},"end":{"line":704,"column":111}}],"type":"binary-expr"},"80":{"loc":{"start":{"line":332,"column":2},"end":{"line":339,"column":5}},"line":332,"locations":[{"start":{"line":332,"column":2},"end":{"line":339,"column":5}},{"start":{"line":332,"column":2},"end":{"line":339,"column":5}}],"type":"if"},"81":{"loc":{"start":{"line":334,"column":7},"end":{"line":334,"column":22}},"line":334,"locations":[{"start":{"line":334,"column":7},"end":{"line":334,"column":8}},{"start":{"line":334,"column":13},"end":{"line":334,"column":21}}],"type":"binary-expr"},"82":{"loc":{"start":{"line":335,"column":9},"end":{"line":339,"column":4}},"line":335,"locations":[{"start":{"line":335,"column":198},"end":{"line":337,"column":3}},{"start":{"line":337,"column":8},"end":{"line":339,"column":3}}],"type":"cond-expr"},"83":{"loc":{"start":{"line":335,"column":9},"end":{"line":335,"column":194}},"line":335,"locations":[{"start":{"line":335,"column":9},"end":{"line":335,"column":20}},{"start":{"line":335,"column":24},"end":{"line":335,"column":48}},{"start":{"line":335,"column":52},"end":{"line":335,"column":92}},{"start":{"line":335,"column":96},"end":{"line":335,"column":136}},{"start":{"line":335,"column":140},"end":{"line":335,"column":165}},{"start":{"line":335,"column":169},"end":{"line":335,"column":194}}],"type":"binary-expr"},"84":{"loc":{"start":{"line":336,"column":9},"end":{"line":336,"column":46}},"line":336,"locations":[{"start":{"line":336,"column":9},"end":{"line":336,"column":15}},{"start":{"line":336,"column":19},"end":{"line":336,"column":46}}],"type":"binary-expr"},"85":{"loc":{"start":{"line":341,"column":3},"end":{"line":344,"column":13}},"line":341,"locations":[{"start":{"line":341,"column":3},"end":{"line":344,"column":13}},{"start":{"line":341,"column":3},"end":{"line":344,"column":13}}],"type":"if"},"86":{"loc":{"start":{"line":342,"column":4},"end":{"line":342,"column":85}},"line":342,"locations":[{"start":{"line":342,"column":4},"end":{"line":342,"column":85}},{"start":{"line":342,"column":4},"end":{"line":342,"column":85}}],"type":"if"},"87":{"loc":{"start":{"line":342,"column":8},"end":{"line":342,"column":77}},"line":342,"locations":[{"start":{"line":342,"column":8},"end":{"line":342,"column":23}},{"start":{"line":342,"column":27},"end":{"line":342,"column":46}},{"start":{"line":342,"column":50},"end":{"line":342,"column":77}}],"type":"binary-expr"},"88":{"loc":{"start":{"line":349,"column":10},"end":{"line":349,"column":24}},"line":349,"locations":[{"start":{"line":349,"column":14},"end":{"line":349,"column":16}},{"start":{"line":349,"column":19},"end":{"line":349,"column":24}}],"type":"cond-expr"},"89":{"loc":{"start":{"line":350,"column":2},"end":{"line":353,"column":3}},"line":350,"locations":[{"start":{"line":350,"column":2},"end":{"line":353,"column":3}},{"start":{"line":350,"column":2},"end":{"line":353,"column":3}}],"type":"if"},"190":{"loc":{"start":{"line":706,"column":4},"end":{"line":709,"column":134}},"line":706,"locations":[{"start":{"line":706,"column":4},"end":{"line":706,"column":5}},{"start":{"line":706,"column":9},"end":{"line":709,"column":134}}],"type":"binary-expr"},"191":{"loc":{"start":{"line":712,"column":2},"end":{"line":725,"column":3}},"line":712,"locations":[{"start":{"line":712,"column":2},"end":{"line":725,"column":3}},{"start":{"line":712,"column":2},"end":{"line":725,"column":3}}],"type":"if"},"192":{"loc":{"start":{"line":718,"column":3},"end":{"line":724,"column":4}},"line":718,"locations":[{"start":{"line":718,"column":3},"end":{"line":724,"column":4}},{"start":{"line":718,"column":3},"end":{"line":724,"column":4}}],"type":"if"},"193":{"loc":{"start":{"line":718,"column":7},"end":{"line":718,"column":34}},"line":718,"locations":[{"start":{"line":718,"column":7},"end":{"line":718,"column":16}},{"start":{"line":718,"column":20},"end":{"line":718,"column":34}}],"type":"binary-expr"},"194":{"loc":{"start":{"line":720,"column":4},"end":{"line":720,"column":135}},"line":720,"locations":[{"start":{"line":720,"column":4},"end":{"line":720,"column":13}},{"start":{"line":720,"column":17},"end":{"line":720,"column":135}}],"type":"binary-expr"},"195":{"loc":{"start":{"line":722,"column":5},"end":{"line":722,"column":63}},"line":722,"locations":[{"start":{"line":722,"column":5},"end":{"line":722,"column":13}},{"start":{"line":722,"column":17},"end":{"line":722,"column":63}}],"type":"binary-expr"},"196":{"loc":{"start":{"line":726,"column":9},"end":{"line":728,"column":61}},"line":726,"locations":[{"start":{"line":726,"column":9},"end":{"line":726,"column":30}},{"start":{"line":726,"column":34},"end":{"line":726,"column":62}},{"start":{"line":726,"column":67},"end":{"line":728,"column":60}}],"type":"binary-expr"},"197":{"loc":{"start":{"line":728,"column":63},"end":{"line":740,"column":55}},"line":728,"locations":[{"start":{"line":728,"column":63},"end":{"line":728,"column":76}},{"start":{"line":728,"column":80},"end":{"line":728,"column":101}},{"start":{"line":728,"column":106},"end":{"line":740,"column":54}}],"type":"binary-expr"},"198":{"loc":{"start":{"line":749,"column":24},"end":{"line":749,"column":50}},"line":749,"locations":[{"start":{"line":749,"column":24},"end":{"line":749,"column":25}},{"start":{"line":749,"column":29},"end":{"line":749,"column":50}}],"type":"binary-expr"},"199":{"loc":{"start":{"line":754,"column":2},"end":{"line":754,"column":41}},"line":754,"locations":[{"start":{"line":754,"column":2},"end":{"line":754,"column":41}},{"start":{"line":754,"column":2},"end":{"line":754,"column":41}}],"type":"if"},"90":{"loc":{"start":{"line":352,"column":3},"end":{"line":352,"column":30}},"line":352,"locations":[{"start":{"line":352,"column":3},"end":{"line":352,"column":7}},{"start":{"line":352,"column":11},"end":{"line":352,"column":30}}],"type":"binary-expr"},"91":{"loc":{"start":{"line":352,"column":32},"end":{"line":352,"column":85}},"line":352,"locations":[{"start":{"line":352,"column":43},"end":{"line":352,"column":66}},{"start":{"line":352,"column":69},"end":{"line":352,"column":85}}],"type":"cond-expr"},"92":{"loc":{"start":{"line":358,"column":2},"end":{"line":361,"column":3}},"line":358,"locations":[{"start":{"line":358,"column":2},"end":{"line":361,"column":3}},{"start":{"line":358,"column":2},"end":{"line":361,"column":3}}],"type":"if"},"93":{"loc":{"start":{"line":358,"column":6},"end":{"line":358,"column":37}},"line":358,"locations":[{"start":{"line":358,"column":6},"end":{"line":358,"column":7}},{"start":{"line":358,"column":11},"end":{"line":358,"column":37}}],"type":"binary-expr"},"94":{"loc":{"start":{"line":366,"column":2},"end":{"line":366,"column":132}},"line":366,"locations":[{"start":{"line":366,"column":2},"end":{"line":366,"column":3}},{"start":{"line":366,"column":8},"end":{"line":366,"column":131}}],"type":"binary-expr"},"95":{"loc":{"start":{"line":368,"column":35},"end":{"line":368,"column":62}},"line":368,"locations":[{"start":{"line":368,"column":35},"end":{"line":368,"column":36}},{"start":{"line":368,"column":40},"end":{"line":368,"column":62}}],"type":"binary-expr"},"96":{"loc":{"start":{"line":374,"column":10},"end":{"line":374,"column":67}},"line":374,"locations":[{"start":{"line":374,"column":10},"end":{"line":374,"column":33}},{"start":{"line":374,"column":38},"end":{"line":374,"column":66}}],"type":"binary-expr"},"97":{"loc":{"start":{"line":379,"column":9},"end":{"line":379,"column":66}},"line":379,"locations":[{"start":{"line":379,"column":9},"end":{"line":379,"column":22}},{"start":{"line":379,"column":26},"end":{"line":379,"column":66}}],"type":"binary-expr"},"98":{"loc":{"start":{"line":382,"column":6},"end":{"line":382,"column":13}},"line":382,"locations":[{"start":{"line":382,"column":6},"end":{"line":382,"column":7}},{"start":{"line":382,"column":11},"end":{"line":382,"column":13}}],"type":"binary-expr"},"99":{"loc":{"start":{"line":382,"column":15},"end":{"line":382,"column":71}},"line":382,"locations":[{"start":{"line":382,"column":15},"end":{"line":382,"column":48}},{"start":{"line":382,"column":53},"end":{"line":382,"column":70}}],"type":"binary-expr"},"200":{"loc":{"start":{"line":755,"column":2},"end":{"line":755,"column":57}},"line":755,"locations":[{"start":{"line":755,"column":2},"end":{"line":755,"column":57}},{"start":{"line":755,"column":2},"end":{"line":755,"column":57}}],"type":"if"},"201":{"loc":{"start":{"line":768,"column":2},"end":{"line":771,"column":3}},"line":768,"locations":[{"start":{"line":768,"column":2},"end":{"line":771,"column":3}},{"start":{"line":768,"column":2},"end":{"line":771,"column":3}}],"type":"if"},"202":{"loc":{"start":{"line":779,"column":150},"end":{"line":779,"column":394}},"line":779,"locations":[{"start":{"line":779,"column":150},"end":{"line":779,"column":168}},{"start":{"line":779,"column":172},"end":{"line":779,"column":198}},{"start":{"line":779,"column":203},"end":{"line":779,"column":393}}],"type":"binary-expr"},"203":{"loc":{"start":{"line":779,"column":396},"end":{"line":779,"column":593}},"line":779,"locations":[{"start":{"line":779,"column":396},"end":{"line":779,"column":419}},{"start":{"line":779,"column":423},"end":{"line":779,"column":447}},{"start":{"line":779,"column":452},"end":{"line":779,"column":592}}],"type":"binary-expr"},"204":{"loc":{"start":{"line":779,"column":981},"end":{"line":781,"column":122}},"line":779,"locations":[{"start":{"line":779,"column":981},"end":{"line":779,"column":987}},{"start":{"line":779,"column":992},"end":{"line":781,"column":121}}],"type":"binary-expr"},"205":{"loc":{"start":{"line":781,"column":124},"end":{"line":781,"column":197}},"line":781,"locations":[{"start":{"line":781,"column":124},"end":{"line":781,"column":149}},{"start":{"line":781,"column":154},"end":{"line":781,"column":196}}],"type":"binary-expr"},"206":{"loc":{"start":{"line":781,"column":199},"end":{"line":785,"column":32}},"line":781,"locations":[{"start":{"line":781,"column":199},"end":{"line":781,"column":224}},{"start":{"line":781,"column":229},"end":{"line":785,"column":31}}],"type":"binary-expr"},"207":{"loc":{"start":{"line":781,"column":603},"end":{"line":781,"column":655}},"line":781,"locations":[{"start":{"line":781,"column":627},"end":{"line":781,"column":633}},{"start":{"line":781,"column":636},"end":{"line":781,"column":655}}],"type":"cond-expr"},"208":{"loc":{"start":{"line":782,"column":56},"end":{"line":782,"column":146}},"line":782,"locations":[{"start":{"line":782,"column":56},"end":{"line":782,"column":84}},{"start":{"line":782,"column":89},"end":{"line":782,"column":145}}],"type":"binary-expr"},"209":{"loc":{"start":{"line":782,"column":148},"end":{"line":782,"column":257}},"line":782,"locations":[{"start":{"line":782,"column":148},"end":{"line":782,"column":162}},{"start":{"line":782,"column":167},"end":{"line":782,"column":256}}],"type":"binary-expr"},"210":{"loc":{"start":{"line":782,"column":259},"end":{"line":784,"column":25}},"line":782,"locations":[{"start":{"line":782,"column":259},"end":{"line":782,"column":297}},{"start":{"line":782,"column":302},"end":{"line":784,"column":24}}],"type":"binary-expr"},"211":{"loc":{"start":{"line":785,"column":95},"end":{"line":787,"column":35}},"line":785,"locations":[{"start":{"line":785,"column":95},"end":{"line":785,"column":118}},{"start":{"line":785,"column":122},"end":{"line":785,"column":141}},{"start":{"line":785,"column":146},"end":{"line":787,"column":34}}],"type":"binary-expr"},"212":{"loc":{"start":{"line":787,"column":37},"end":{"line":795,"column":37}},"line":787,"locations":[{"start":{"line":787,"column":37},"end":{"line":787,"column":55}},{"start":{"line":787,"column":59},"end":{"line":787,"column":85}},{"start":{"line":787,"column":90},"end":{"line":795,"column":36}}],"type":"binary-expr"},"213":{"loc":{"start":{"line":787,"column":1335},"end":{"line":787,"column":1402}},"line":787,"locations":[{"start":{"line":787,"column":1364},"end":{"line":787,"column":1375}},{"start":{"line":787,"column":1378},"end":{"line":787,"column":1402}}],"type":"cond-expr"},"214":{"loc":{"start":{"line":788,"column":45},"end":{"line":788,"column":166}},"line":788,"locations":[{"start":{"line":788,"column":45},"end":{"line":788,"column":51}},{"start":{"line":788,"column":56},"end":{"line":788,"column":165}}],"type":"binary-expr"},"215":{"loc":{"start":{"line":788,"column":168},"end":{"line":790,"column":30}},"line":788,"locations":[{"start":{"line":788,"column":168},"end":{"line":788,"column":198}},{"start":{"line":788,"column":203},"end":{"line":790,"column":29}}],"type":"binary-expr"},"216":{"loc":{"start":{"line":790,"column":32},"end":{"line":794,"column":37}},"line":790,"locations":[{"start":{"line":790,"column":32},"end":{"line":790,"column":45}},{"start":{"line":790,"column":50},"end":{"line":794,"column":36}}],"type":"binary-expr"},"217":{"loc":{"start":{"line":790,"column":185},"end":{"line":790,"column":279}},"line":790,"locations":[{"start":{"line":790,"column":223},"end":{"line":790,"column":243}},{"start":{"line":790,"column":246},"end":{"line":790,"column":279}}],"type":"cond-expr"},"218":{"loc":{"start":{"line":791,"column":46},"end":{"line":791,"column":167}},"line":791,"locations":[{"start":{"line":791,"column":46},"end":{"line":791,"column":52}},{"start":{"line":791,"column":57},"end":{"line":791,"column":166}}],"type":"binary-expr"},"219":{"loc":{"start":{"line":791,"column":169},"end":{"line":793,"column":31}},"line":791,"locations":[{"start":{"line":791,"column":169},"end":{"line":791,"column":199}},{"start":{"line":791,"column":204},"end":{"line":793,"column":30}}],"type":"binary-expr"},"220":{"loc":{"start":{"line":804,"column":14},"end":{"line":804,"column":55}},"line":804,"locations":[{"start":{"line":804,"column":14},"end":{"line":804,"column":36}},{"start":{"line":804,"column":40},"end":{"line":804,"column":55}}],"type":"binary-expr"},"100":{"loc":{"start":{"line":382,"column":73},"end":{"line":382,"column":132}},"line":382,"locations":[{"start":{"line":382,"column":73},"end":{"line":382,"column":105}},{"start":{"line":382,"column":110},"end":{"line":382,"column":131}}],"type":"binary-expr"},"221":{"loc":{"start":{"line":809,"column":9},"end":{"line":809,"column":26}},"line":809,"locations":[{"start":{"line":809,"column":9},"end":{"line":809,"column":21}},{"start":{"line":809,"column":25},"end":{"line":809,"column":26}}],"type":"binary-expr"},"101":{"loc":{"start":{"line":389,"column":3},"end":{"line":392,"column":4}},"line":389,"locations":[{"start":{"line":389,"column":3},"end":{"line":392,"column":4}},{"start":{"line":389,"column":3},"end":{"line":392,"column":4}}],"type":"if"},"222":{"loc":{"start":{"line":823,"column":2},"end":{"line":826,"column":3}},"line":823,"locations":[{"start":{"line":823,"column":2},"end":{"line":826,"column":3}},{"start":{"line":823,"column":2},"end":{"line":826,"column":3}}],"type":"if"},"102":{"loc":{"start":{"line":395,"column":4},"end":{"line":398,"column":5}},"line":395,"locations":[{"start":{"line":395,"column":4},"end":{"line":398,"column":5}},{"start":{"line":395,"column":4},"end":{"line":398,"column":5}}],"type":"if"},"223":{"loc":{"start":{"line":823,"column":6},"end":{"line":823,"column":45}},"line":823,"locations":[{"start":{"line":823,"column":6},"end":{"line":823,"column":26}},{"start":{"line":823,"column":30},"end":{"line":823,"column":45}}],"type":"binary-expr"},"103":{"loc":{"start":{"line":419,"column":9},"end":{"line":419,"column":51}},"line":419,"locations":[{"start":{"line":419,"column":13},"end":{"line":419,"column":33}},{"start":{"line":419,"column":36},"end":{"line":419,"column":51}}],"type":"cond-expr"},"224":{"loc":{"start":{"line":825,"column":27},"end":{"line":825,"column":46}},"line":825,"locations":[{"start":{"line":825,"column":27},"end":{"line":825,"column":28}},{"start":{"line":825,"column":33},"end":{"line":825,"column":45}}],"type":"binary-expr"},"104":{"loc":{"start":{"line":421,"column":9},"end":{"line":421,"column":215}},"line":421,"locations":[{"start":{"line":421,"column":59},"end":{"line":421,"column":100}},{"start":{"line":421,"column":103},"end":{"line":421,"column":215}}],"type":"cond-expr"},"225":{"loc":{"start":{"line":831,"column":2},"end":{"line":835,"column":3}},"line":831,"locations":[{"start":{"line":831,"column":2},"end":{"line":835,"column":3}},{"start":{"line":831,"column":2},"end":{"line":835,"column":3}}],"type":"if"},"105":{"loc":{"start":{"line":421,"column":9},"end":{"line":421,"column":56}},"line":421,"locations":[{"start":{"line":421,"column":9},"end":{"line":421,"column":17}},{"start":{"line":421,"column":21},"end":{"line":421,"column":37}},{"start":{"line":421,"column":41},"end":{"line":421,"column":56}}],"type":"binary-expr"},"226":{"loc":{"start":{"line":831,"column":6},"end":{"line":831,"column":43}},"line":831,"locations":[{"start":{"line":831,"column":6},"end":{"line":831,"column":29}},{"start":{"line":831,"column":33},"end":{"line":831,"column":43}}],"type":"binary-expr"},"106":{"loc":{"start":{"line":421,"column":108},"end":{"line":421,"column":214}},"line":421,"locations":[{"start":{"line":421,"column":108},"end":{"line":421,"column":122}},{"start":{"line":421,"column":126},"end":{"line":421,"column":214}}],"type":"binary-expr"},"227":{"loc":{"start":{"line":833,"column":33},"end":{"line":833,"column":79}},"line":833,"locations":[{"start":{"line":833,"column":33},"end":{"line":833,"column":43}},{"start":{"line":833,"column":47},"end":{"line":833,"column":70}},{"start":{"line":833,"column":74},"end":{"line":833,"column":79}}],"type":"binary-expr"},"107":{"loc":{"start":{"line":431,"column":31},"end":{"line":431,"column":48}},"line":431,"locations":[{"start":{"line":431,"column":31},"end":{"line":431,"column":32}},{"start":{"line":431,"column":36},"end":{"line":431,"column":48}}],"type":"binary-expr"},"228":{"loc":{"start":{"line":834,"column":10},"end":{"line":834,"column":35}},"line":834,"locations":[{"start":{"line":834,"column":25},"end":{"line":834,"column":26}},{"start":{"line":834,"column":29},"end":{"line":834,"column":35}}],"type":"cond-expr"},"108":{"loc":{"start":{"line":439,"column":9},"end":{"line":439,"column":78}},"line":439,"locations":[{"start":{"line":439,"column":39},"end":{"line":439,"column":53}},{"start":{"line":439,"column":56},"end":{"line":439,"column":78}}],"type":"cond-expr"},"229":{"loc":{"start":{"line":834,"column":10},"end":{"line":834,"column":22}},"line":834,"locations":[{"start":{"line":834,"column":10},"end":{"line":834,"column":11}},{"start":{"line":834,"column":15},"end":{"line":834,"column":22}}],"type":"binary-expr"},"109":{"loc":{"start":{"line":448,"column":2},"end":{"line":451,"column":3}},"line":448,"locations":[{"start":{"line":448,"column":2},"end":{"line":451,"column":3}},{"start":{"line":448,"column":2},"end":{"line":451,"column":3}}],"type":"if"}},"_coverageSchema":"332fd63041d2c1bcb487cc26dd0d5f7d97098a6c","hash":"9435b3d69f72bc6c1537951291507f85c91ba053"}}